<?xml version="1.0" encoding="UTF-8"?>
<coverage generated="1785661818552" clover="3.2.0">
  <project timestamp="1785661818552" name="All files">
    <metrics statements="859" coveredstatements="859" conditionals="659" coveredconditionals="659" methods="70" coveredmethods="70" elements="1588" coveredelements="1588" complexity="0" loc="859" ncloc="859" packages="2" files="4" classes="4"/>
    <package name="controllers">
      <metrics statements="806" coveredstatements="806" conditionals="600" coveredconditionals="600" methods="65" coveredmethods="65"/>
      <file name="admin.controller.js" path="/home/zanyxizion/Desktop/GKR/backend/src/controllers/admin.controller.js">
        <metrics statements="438" coveredstatements="438" conditionals="328" coveredconditionals="328" methods="40" coveredmethods="40"/>
        <line num="1" count="1" type="stmt"/>
        <line num="2" count="1" type="stmt"/>
        <line num="3" count="1" type="stmt"/>
        <line num="4" count="1" type="stmt"/>
        <line num="5" count="1" type="stmt"/>
        <line num="6" count="1" type="stmt"/>
        <line num="10" count="4" type="stmt"/>
        <line num="11" count="4" type="stmt"/>
        <line num="12" count="4" type="cond" truecount="2" falsecount="0"/>
        <line num="13" count="1" type="stmt"/>
        <line num="21" count="3" type="stmt"/>
        <line num="22" count="2" type="stmt"/>
        <line num="24" count="2" type="stmt"/>
        <line num="26" count="2" type="stmt"/>
        <line num="27" count="2" type="stmt"/>
        <line num="28" count="2" type="cond" truecount="2" falsecount="0"/>
        <line num="29" count="1" type="stmt"/>
        <line num="33" count="2" type="stmt"/>
        <line num="34" count="2" type="stmt"/>
        <line num="40" count="2" type="stmt"/>
        <line num="49" count="2" type="stmt"/>
        <line num="50" count="2" type="stmt"/>
        <line num="51" count="2" type="stmt"/>
        <line num="52" count="5" type="stmt"/>
        <line num="53" count="5" type="stmt"/>
        <line num="54" count="5" type="cond" truecount="2" falsecount="0"/>
        <line num="55" count="3" type="cond" truecount="3" falsecount="0"/>
        <line num="56" count="3" type="stmt"/>
        <line num="60" count="2" type="stmt"/>
        <line num="61" count="2" type="stmt"/>
        <line num="62" count="8" type="stmt"/>
        <line num="63" count="8" type="cond" truecount="2" falsecount="0"/>
        <line num="64" count="8" type="cond" truecount="2" falsecount="0"/>
        <line num="66" count="8" type="cond" truecount="2" falsecount="0"/>
        <line num="67" count="3" type="stmt"/>
        <line num="68" count="3" type="cond" truecount="2" falsecount="0"/>
        <line num="69" count="1" type="stmt"/>
        <line num="71" count="2" type="stmt"/>
        <line num="72" count="2" type="cond" truecount="2" falsecount="0"/>
        <line num="74" count="2" type="cond" truecount="2" falsecount="0"/>
        <line num="78" count="8" type="cond" truecount="2" falsecount="0"/>
        <line num="79" count="8" type="cond" truecount="2" falsecount="0"/>
        <line num="80" count="6" type="stmt"/>
        <line num="82" count="2" type="stmt"/>
        <line num="85" count="8" type="cond" truecount="2" falsecount="0"/>
        <line num="86" count="7" type="stmt"/>
        <line num="96" count="2" type="stmt"/>
        <line num="97" count="8" type="stmt"/>
        <line num="100" count="5" type="stmt"/>
        <line num="101" count="2" type="stmt"/>
        <line num="103" count="2" type="stmt"/>
        <line num="111" count="2" type="stmt"/>
        <line num="112" count="2" type="stmt"/>
        <line num="114" count="1" type="stmt"/>
        <line num="115" count="1" type="stmt"/>
        <line num="120" count="4" type="stmt"/>
        <line num="121" count="4" type="stmt"/>
        <line num="122" count="4" type="cond" truecount="2" falsecount="0"/>
        <line num="123" count="1" type="stmt"/>
        <line num="131" count="3" type="stmt"/>
        <line num="132" count="2" type="stmt"/>
        <line num="134" count="6" type="stmt"/>
        <line num="135" count="6" type="stmt"/>
        <line num="136" count="5" type="cond" truecount="2" falsecount="0"/>
        <line num="137" count="4" type="stmt"/>
        <line num="138" count="4" type="cond" truecount="2" falsecount="0"/>
        <line num="139" count="4" type="cond" truecount="4" falsecount="0"/>
        <line num="140" count="1" type="stmt"/>
        <line num="141" count="1" type="stmt"/>
        <line num="143" count="4" type="stmt"/>
        <line num="151" count="1" type="stmt"/>
        <line num="156" count="2" type="stmt"/>
        <line num="160" count="2" type="stmt"/>
        <line num="161" count="2" type="stmt"/>
        <line num="168" count="1" type="stmt"/>
        <line num="169" count="1" type="stmt"/>
        <line num="174" count="4" type="stmt"/>
        <line num="175" count="4" type="stmt"/>
        <line num="176" count="4" type="cond" truecount="2" falsecount="0"/>
        <line num="177" count="1" type="stmt"/>
        <line num="179" count="3" type="stmt"/>
        <line num="180" count="3" type="stmt"/>
        <line num="183" count="3" type="stmt"/>
        <line num="186" count="2" type="stmt"/>
        <line num="190" count="2" type="cond" truecount="2" falsecount="0"/>
        <line num="191" count="1" type="stmt"/>
        <line num="192" count="1" type="stmt"/>
        <line num="193" count="1" type="stmt"/>
        <line num="195" count="1" type="stmt"/>
        <line num="199" count="2" type="stmt"/>
        <line num="200" count="2" type="stmt"/>
        <line num="201" count="2" type="stmt"/>
        <line num="202" count="2" type="stmt"/>
        <line num="204" count="2" type="stmt"/>
        <line num="208" count="1" type="stmt"/>
        <line num="209" count="1" type="stmt"/>
        <line num="214" count="5" type="stmt"/>
        <line num="215" count="5" type="stmt"/>
        <line num="216" count="5" type="cond" truecount="2" falsecount="0"/>
        <line num="217" count="1" type="stmt"/>
        <line num="225" count="4" type="stmt"/>
        <line num="226" count="4" type="stmt"/>
        <line num="227" count="4" type="stmt"/>
        <line num="231" count="4" type="stmt"/>
        <line num="235" count="3" type="stmt"/>
        <line num="237" count="3" type="stmt"/>
        <line num="238" count="12" type="stmt"/>
        <line num="239" count="12" type="cond" truecount="4" falsecount="0"/>
        <line num="241" count="11" type="stmt"/>
        <line num="242" count="11" type="cond" truecount="2" falsecount="0"/>
        <line num="246" count="11" type="cond" truecount="2" falsecount="0"/>
        <line num="247" count="11" type="cond" truecount="4" falsecount="0"/>
        <line num="248" count="4" type="stmt"/>
        <line num="249" count="4" type="stmt"/>
        <line num="252" count="11" type="cond" truecount="2" falsecount="0"/>
        <line num="254" count="11" type="stmt"/>
        <line num="255" count="11" type="stmt"/>
        <line num="256" count="11" type="stmt"/>
        <line num="259" count="11" type="cond" truecount="2" falsecount="0"/>
        <line num="263" count="11" type="stmt"/>
        <line num="264" count="11" type="stmt"/>
        <line num="265" count="11" type="cond" truecount="2" falsecount="0"/>
        <line num="266" count="10" type="stmt"/>
        <line num="268" count="11" type="cond" truecount="2" falsecount="0"/>
        <line num="269" count="5" type="cond" truecount="2" falsecount="0"/>
        <line num="270" count="2" type="cond" truecount="2" falsecount="0"/>
        <line num="271" count="2" type="cond" truecount="2" falsecount="0"/>
        <line num="273" count="3" type="cond" truecount="2" falsecount="0"/>
        <line num="274" count="3" type="cond" truecount="2" falsecount="0"/>
        <line num="275" count="3" type="cond" truecount="2" falsecount="0"/>
        <line num="276" count="2" type="stmt"/>
        <line num="277" count="2" type="cond" truecount="5" falsecount="0"/>
        <line num="278" count="1" type="stmt"/>
        <line num="282" count="5" type="cond" truecount="2" falsecount="0"/>
        <line num="283" count="5" type="cond" truecount="2" falsecount="0"/>
        <line num="284" count="4" type="cond" truecount="2" falsecount="0"/>
        <line num="288" count="11" type="cond" truecount="4" falsecount="0"/>
        <line num="289" count="1" type="stmt"/>
        <line num="292" count="11" type="cond" truecount="2" falsecount="0"/>
        <line num="293" count="1" type="stmt"/>
        <line num="294" count="1" type="stmt"/>
        <line num="298" count="11" type="stmt"/>
        <line num="299" count="16" type="cond" truecount="5" falsecount="0"/>
        <line num="300" count="1" type="stmt"/>
        <line num="305" count="11" type="cond" truecount="2" falsecount="0"/>
        <line num="306" count="6" type="cond" truecount="2" falsecount="0"/>
        <line num="307" count="6" type="cond" truecount="2" falsecount="0"/>
        <line num="308" count="1" type="stmt"/>
        <line num="309" count="5" type="cond" truecount="2" falsecount="0"/>
        <line num="310" count="1" type="stmt"/>
        <line num="311" count="4" type="cond" truecount="2" falsecount="0"/>
        <line num="312" count="2" type="stmt"/>
        <line num="314" count="2" type="stmt"/>
        <line num="319" count="11" type="cond" truecount="2" falsecount="0"/>
        <line num="320" count="11" type="cond" truecount="3" falsecount="0"/>
        <line num="324" count="11" type="cond" truecount="2" falsecount="0"/>
        <line num="325" count="9" type="cond" truecount="5" falsecount="0"/>
        <line num="326" count="8" type="stmt"/>
        <line num="329" count="2" type="stmt"/>
        <line num="332" count="11" type="stmt"/>
        <line num="340" count="11" type="cond" truecount="2" falsecount="0"/>
        <line num="343" count="11" type="cond" truecount="2" falsecount="0"/>
        <line num="345" count="11" type="stmt"/>
        <line num="362" count="3" type="stmt"/>
        <line num="363" count="3" type="stmt"/>
        <line num="364" count="3" type="stmt"/>
        <line num="366" count="1" type="stmt"/>
        <line num="367" count="1" type="stmt"/>
        <line num="372" count="4" type="stmt"/>
        <line num="373" count="4" type="stmt"/>
        <line num="374" count="4" type="stmt"/>
        <line num="378" count="3" type="cond" truecount="2" falsecount="0"/>
        <line num="379" count="1" type="stmt"/>
        <line num="381" count="2" type="stmt"/>
        <line num="382" count="2" type="stmt"/>
        <line num="383" count="2" type="cond" truecount="2" falsecount="0"/>
        <line num="385" count="2" type="cond" truecount="2" falsecount="0"/>
        <line num="386" count="2" type="cond" truecount="4" falsecount="0"/>
        <line num="387" count="1" type="stmt"/>
        <line num="388" count="1" type="stmt"/>
        <line num="392" count="2" type="stmt"/>
        <line num="394" count="2" type="stmt"/>
        <line num="396" count="2" type="stmt"/>
        <line num="405" count="2" type="stmt"/>
        <line num="407" count="1" type="stmt"/>
        <line num="408" count="1" type="stmt"/>
        <line num="413" count="3" type="stmt"/>
        <line num="414" count="3" type="stmt"/>
        <line num="415" count="3" type="cond" truecount="4" falsecount="0"/>
        <line num="416" count="1" type="stmt"/>
        <line num="418" count="2" type="stmt"/>
        <line num="423" count="1" type="stmt"/>
        <line num="424" count="1" type="stmt"/>
        <line num="426" count="1" type="stmt"/>
        <line num="431" count="1" type="stmt"/>
        <line num="432" count="1" type="stmt"/>
        <line num="437" count="2" type="stmt"/>
        <line num="438" count="2" type="stmt"/>
        <line num="439" count="2" type="stmt"/>
        <line num="441" count="1" type="stmt"/>
        <line num="442" count="1" type="stmt"/>
        <line num="444" count="1" type="stmt"/>
        <line num="446" count="1" type="stmt"/>
        <line num="447" count="1" type="stmt"/>
        <line num="455" count="3" type="stmt"/>
        <line num="456" count="3" type="stmt"/>
        <line num="457" count="3" type="cond" truecount="2" falsecount="0"/>
        <line num="458" count="1" type="stmt"/>
        <line num="466" count="2" type="stmt"/>
        <line num="467" count="1" type="stmt"/>
        <line num="470" count="1" type="stmt"/>
        <line num="471" count="1" type="stmt"/>
        <line num="472" count="6" type="stmt"/>
        <line num="473" count="6" type="stmt"/>
        <line num="474" count="6" type="cond" truecount="2" falsecount="0"/>
        <line num="476" count="5" type="cond" truecount="2" falsecount="0"/>
        <line num="480" count="4" type="stmt"/>
        <line num="484" count="1" type="stmt"/>
        <line num="485" count="1" type="stmt"/>
        <line num="486" count="5" type="stmt"/>
        <line num="487" count="5" type="stmt"/>
        <line num="488" count="5" type="cond" truecount="2" falsecount="0"/>
        <line num="490" count="5" type="cond" truecount="2" falsecount="0"/>
        <line num="491" count="5" type="cond" truecount="4" falsecount="0"/>
        <line num="492" count="1" type="stmt"/>
        <line num="493" count="1" type="stmt"/>
        <line num="497" count="5" type="stmt"/>
        <line num="524" count="1" type="stmt"/>
        <line num="525" count="6" type="cond" truecount="2" falsecount="0"/>
        <line num="526" count="6" type="cond" truecount="2" falsecount="0"/>
        <line num="527" count="6" type="cond" truecount="2" falsecount="0"/>
        <line num="528" count="4" type="stmt"/>
        <line num="531" count="1" type="stmt"/>
        <line num="532" count="1" type="stmt"/>
        <line num="534" count="1" type="stmt"/>
        <line num="535" count="1" type="stmt"/>
        <line num="543" count="4" type="stmt"/>
        <line num="544" count="4" type="stmt"/>
        <line num="547" count="4" type="stmt"/>
        <line num="548" count="3" type="cond" truecount="2" falsecount="0"/>
        <line num="549" count="1" type="stmt"/>
        <line num="551" count="2" type="stmt"/>
        <line num="553" count="2" type="cond" truecount="2" falsecount="0"/>
        <line num="554" count="2" type="cond" truecount="4" falsecount="0"/>
        <line num="555" count="1" type="stmt"/>
        <line num="556" count="1" type="stmt"/>
        <line num="561" count="2" type="stmt"/>
        <line num="566" count="2" type="stmt"/>
        <line num="567" count="2" type="cond" truecount="2" falsecount="0"/>
        <line num="568" count="2" type="stmt"/>
        <line num="569" count="1" type="stmt"/>
        <line num="570" count="1" type="stmt"/>
        <line num="572" count="1" type="stmt"/>
        <line num="576" count="2" type="stmt"/>
        <line num="577" count="2" type="cond" truecount="2" falsecount="0"/>
        <line num="578" count="1" type="stmt"/>
        <line num="579" count="1" type="stmt"/>
        <line num="585" count="2" type="stmt"/>
        <line num="586" count="2" type="stmt"/>
        <line num="589" count="2" type="stmt"/>
        <line num="590" count="2" type="stmt"/>
        <line num="592" count="2" type="stmt"/>
        <line num="609" count="2" type="stmt"/>
        <line num="611" count="1" type="stmt"/>
        <line num="612" count="1" type="stmt"/>
        <line num="620" count="13" type="stmt"/>
        <line num="621" count="13" type="stmt"/>
        <line num="622" count="13" type="cond" truecount="2" falsecount="0"/>
        <line num="623" count="1" type="stmt"/>
        <line num="626" count="12" type="stmt"/>
        <line num="627" count="11" type="cond" truecount="2" falsecount="0"/>
        <line num="628" count="6" type="stmt"/>
        <line num="629" count="6" type="cond" truecount="2" falsecount="0"/>
        <line num="630" count="5" type="stmt"/>
        <line num="631" count="5" type="cond" truecount="2" falsecount="0"/>
        <line num="632" count="5" type="cond" truecount="4" falsecount="0"/>
        <line num="633" count="1" type="stmt"/>
        <line num="635" count="4" type="cond" truecount="2" falsecount="0"/>
        <line num="636" count="1" type="stmt"/>
        <line num="638" count="3" type="stmt"/>
        <line num="644" count="3" type="stmt"/>
        <line num="645" count="3" type="cond" truecount="3" falsecount="0"/>
        <line num="648" count="3" type="stmt"/>
        <line num="649" count="3" type="cond" truecount="2" falsecount="0"/>
        <line num="652" count="3" type="stmt"/>
        <line num="653" count="3" type="stmt"/>
        <line num="662" count="1" type="stmt"/>
        <line num="664" count="3" type="stmt"/>
        <line num="671" count="3" type="stmt"/>
        <line num="676" count="1" type="stmt"/>
        <line num="677" count="3" type="stmt"/>
        <line num="678" count="3" type="stmt"/>
        <line num="679" count="3" type="stmt"/>
        <line num="680" count="3" type="stmt"/>
        <line num="681" count="3" type="stmt"/>
        <line num="682" count="3" type="stmt"/>
        <line num="687" count="1" type="stmt"/>
        <line num="690" count="5" type="stmt"/>
        <line num="693" count="5" type="cond" truecount="2" falsecount="0"/>
        <line num="694" count="5" type="cond" truecount="4" falsecount="0"/>
        <line num="695" count="2" type="stmt"/>
        <line num="698" count="3" type="cond" truecount="2" falsecount="0"/>
        <line num="699" count="1" type="stmt"/>
        <line num="703" count="2" type="stmt"/>
        <line num="711" count="2" type="stmt"/>
        <line num="712" count="2" type="cond" truecount="2" falsecount="0"/>
        <line num="715" count="2" type="stmt"/>
        <line num="716" count="2" type="stmt"/>
        <line num="725" count="1" type="stmt"/>
        <line num="728" count="2" type="stmt"/>
        <line num="729" count="2" type="stmt"/>
        <line num="736" count="2" type="stmt"/>
        <line num="741" count="1" type="stmt"/>
        <line num="744" count="2" type="stmt"/>
        <line num="745" count="2" type="stmt"/>
        <line num="746" count="2" type="stmt"/>
        <line num="748" count="2" type="stmt"/>
        <line num="753" count="1" type="stmt"/>
        <line num="754" count="1" type="stmt"/>
        <line num="762" count="9" type="stmt"/>
        <line num="763" count="9" type="stmt"/>
        <line num="764" count="9" type="cond" truecount="2" falsecount="0"/>
        <line num="765" count="1" type="stmt"/>
        <line num="768" count="8" type="stmt"/>
        <line num="769" count="7" type="cond" truecount="2" falsecount="0"/>
        <line num="770" count="1" type="stmt"/>
        <line num="773" count="6" type="stmt"/>
        <line num="776" count="6" type="cond" truecount="2" falsecount="0"/>
        <line num="777" count="6" type="cond" truecount="4" falsecount="0"/>
        <line num="778" count="2" type="stmt"/>
        <line num="781" count="4" type="cond" truecount="2" falsecount="0"/>
        <line num="782" count="1" type="stmt"/>
        <line num="786" count="3" type="stmt"/>
        <line num="793" count="3" type="cond" truecount="3" falsecount="0"/>
        <line num="796" count="3" type="stmt"/>
        <line num="797" count="3" type="cond" truecount="2" falsecount="0"/>
        <line num="800" count="3" type="stmt"/>
        <line num="801" count="3" type="stmt"/>
        <line num="810" count="1" type="stmt"/>
        <line num="813" count="3" type="stmt"/>
        <line num="814" count="3" type="stmt"/>
        <line num="821" count="3" type="stmt"/>
        <line num="826" count="1" type="stmt"/>
        <line num="829" count="3" type="stmt"/>
        <line num="830" count="3" type="stmt"/>
        <line num="831" count="3" type="stmt"/>
        <line num="832" count="3" type="stmt"/>
        <line num="833" count="3" type="stmt"/>
        <line num="835" count="3" type="stmt"/>
        <line num="840" count="1" type="stmt"/>
        <line num="841" count="1" type="stmt"/>
        <line num="849" count="7" type="stmt"/>
        <line num="850" count="7" type="stmt"/>
        <line num="851" count="7" type="stmt"/>
        <line num="853" count="7" type="cond" truecount="4" falsecount="0"/>
        <line num="854" count="1" type="stmt"/>
        <line num="862" count="6" type="stmt"/>
        <line num="866" count="5" type="cond" truecount="2" falsecount="0"/>
        <line num="867" count="1" type="stmt"/>
        <line num="870" count="4" type="stmt"/>
        <line num="871" count="4" type="cond" truecount="2" falsecount="0"/>
        <line num="872" count="1" type="stmt"/>
        <line num="879" count="3" type="cond" truecount="2" falsecount="0"/>
        <line num="880" count="1" type="stmt"/>
        <line num="888" count="2" type="stmt"/>
        <line num="896" count="2" type="stmt"/>
        <line num="897" count="2" type="stmt"/>
        <line num="903" count="2" type="cond" truecount="2" falsecount="0"/>
        <line num="904" count="1" type="stmt"/>
        <line num="905" count="1" type="stmt"/>
        <line num="906" count="1" type="stmt"/>
        <line num="911" count="1" type="stmt"/>
        <line num="915" count="2" type="stmt"/>
        <line num="916" count="2" type="stmt"/>
        <line num="927" count="2" type="stmt"/>
        <line num="928" count="2" type="stmt"/>
        <line num="936" count="2" type="stmt"/>
        <line num="937" count="2" type="stmt"/>
        <line num="938" count="2" type="stmt"/>
        <line num="939" count="2" type="stmt"/>
        <line num="940" count="2" type="stmt"/>
        <line num="941" count="2" type="stmt"/>
        <line num="943" count="2" type="stmt"/>
        <line num="949" count="1" type="stmt"/>
        <line num="950" count="1" type="stmt"/>
        <line num="960" count="2" type="stmt"/>
        <line num="961" count="2" type="stmt"/>
        <line num="962" count="2" type="stmt"/>
        <line num="963" count="1" type="stmt"/>
        <line num="965" count="1" type="stmt"/>
        <line num="966" count="1" type="stmt"/>
        <line num="971" count="3" type="stmt"/>
        <line num="972" count="3" type="stmt"/>
        <line num="973" count="3" type="stmt"/>
        <line num="975" count="3" type="cond" truecount="5" falsecount="0"/>
        <line num="976" count="1" type="stmt"/>
        <line num="979" count="2" type="stmt"/>
        <line num="982" count="1" type="stmt"/>
        <line num="984" count="1" type="stmt"/>
        <line num="986" count="1" type="stmt"/>
        <line num="987" count="1" type="stmt"/>
        <line num="992" count="4" type="stmt"/>
        <line num="993" count="4" type="cond" truecount="2" falsecount="0"/>
        <line num="994" count="1" type="stmt"/>
        <line num="997" count="3" type="stmt"/>
        <line num="999" count="3" type="stmt"/>
        <line num="1005" count="2" type="cond" truecount="2" falsecount="0"/>
        <line num="1006" count="1" type="stmt"/>
        <line num="1007" count="1" type="stmt"/>
        <line num="1009" count="1" type="stmt"/>
        <line num="1015" count="2" type="stmt"/>
        <line num="1017" count="1" type="stmt"/>
        <line num="1018" count="1" type="stmt"/>
        <line num="1023" count="2" type="stmt"/>
        <line num="1024" count="2" type="stmt"/>
        <line num="1025" count="2" type="stmt"/>
        <line num="1027" count="2" type="stmt"/>
        <line num="1031" count="1" type="stmt"/>
        <line num="1032" count="1" type="stmt"/>
        <line num="1033" count="1" type="stmt"/>
        <line num="1036" count="1" type="stmt"/>
        <line num="1038" count="1" type="stmt"/>
        <line num="1039" count="1" type="stmt"/>
        <line num="1044" count="4" type="stmt"/>
        <line num="1045" count="4" type="stmt"/>
        <line num="1046" count="4" type="cond" truecount="2" falsecount="0"/>
        <line num="1047" count="1" type="stmt"/>
        <line num="1050" count="3" type="stmt"/>
        <line num="1051" count="3" type="stmt"/>
        <line num="1053" count="3" type="stmt"/>
        <line num="1054" count="3" type="stmt"/>
        <line num="1056" count="2" type="cond" truecount="2" falsecount="0"/>
        <line num="1057" count="1" type="stmt"/>
        <line num="1060" count="1" type="stmt"/>
        <line num="1062" count="1" type="stmt"/>
        <line num="1064" count="1" type="stmt"/>
        <line num="1065" count="1" type="stmt"/>
        <line num="1070" count="1" type="stmt"/>
      </file>
      <file name="payment.controller.js" path="/home/zanyxizion/Desktop/GKR/backend/src/controllers/payment.controller.js">
        <metrics statements="190" coveredstatements="190" conditionals="136" coveredconditionals="136" methods="14" coveredmethods="14"/>
        <line num="1" count="1" type="stmt"/>
        <line num="2" count="1" type="stmt"/>
        <line num="3" count="1" type="stmt"/>
        <line num="4" count="1" type="stmt"/>
        <line num="5" count="1" type="stmt"/>
        <line num="6" count="1" type="stmt"/>
        <line num="7" count="1" type="stmt"/>
        <line num="8" count="1" type="stmt"/>
        <line num="9" count="1" type="stmt"/>
        <line num="16" count="21" type="stmt"/>
        <line num="17" count="21" type="stmt"/>
        <line num="18" count="21" type="stmt"/>
        <line num="20" count="21" type="cond" truecount="4" falsecount="0"/>
        <line num="21" count="2" type="stmt"/>
        <line num="24" count="19" type="cond" truecount="2" falsecount="0"/>
        <line num="25" count="1" type="stmt"/>
        <line num="29" count="18" type="cond" truecount="6" falsecount="0"/>
        <line num="30" count="4" type="cond" truecount="2" falsecount="0"/>
        <line num="31" count="1" type="stmt"/>
        <line num="33" count="3" type="stmt"/>
        <line num="34" count="3" type="stmt"/>
        <line num="35" count="3" type="stmt"/>
        <line num="36" count="3" type="stmt"/>
        <line num="37" count="2" type="cond" truecount="2" falsecount="0"/>
        <line num="38" count="1" type="stmt"/>
        <line num="41" count="1" type="stmt"/>
        <line num="45" count="15" type="stmt"/>
        <line num="46" count="15" type="stmt"/>
        <line num="48" count="15" type="cond" truecount="2" falsecount="0"/>
        <line num="49" count="11" type="stmt"/>
        <line num="50" count="11" type="stmt"/>
        <line num="51" count="11" type="cond" truecount="2" falsecount="0"/>
        <line num="52" count="1" type="stmt"/>
        <line num="54" count="10" type="cond" truecount="2" falsecount="0"/>
        <line num="55" count="1" type="stmt"/>
        <line num="57" count="9" type="stmt"/>
        <line num="58" count="9" type="cond" truecount="4" falsecount="0"/>
        <line num="59" count="1" type="stmt"/>
        <line num="61" count="8" type="cond" truecount="4" falsecount="0"/>
        <line num="62" count="1" type="stmt"/>
        <line num="64" count="7" type="cond" truecount="4" falsecount="0"/>
        <line num="65" count="1" type="stmt"/>
        <line num="72" count="6" type="cond" truecount="2" falsecount="0"/>
        <line num="73" count="3" type="stmt"/>
        <line num="74" count="3" type="cond" truecount="2" falsecount="0"/>
        <line num="75" count="2" type="stmt"/>
        <line num="76" count="2" type="cond" truecount="4" falsecount="0"/>
        <line num="77" count="1" type="stmt"/>
        <line num="80" count="6" type="stmt"/>
        <line num="81" count="6" type="stmt"/>
        <line num="85" count="10" type="stmt"/>
        <line num="86" count="10" type="cond" truecount="2" falsecount="0"/>
        <line num="87" count="10" type="cond" truecount="3" falsecount="0"/>
        <line num="89" count="10" type="cond" truecount="2" falsecount="0"/>
        <line num="90" count="10" type="cond" truecount="2" falsecount="0"/>
        <line num="93" count="10" type="cond" truecount="2" falsecount="0"/>
        <line num="94" count="10" type="cond" truecount="2" falsecount="0"/>
        <line num="96" count="10" type="stmt"/>
        <line num="114" count="9" type="stmt"/>
        <line num="119" count="1" type="stmt"/>
        <line num="120" count="1" type="stmt"/>
        <line num="128" count="4" type="stmt"/>
        <line num="129" count="4" type="stmt"/>
        <line num="130" count="4" type="cond" truecount="2" falsecount="0"/>
        <line num="131" count="1" type="stmt"/>
        <line num="134" count="3" type="stmt"/>
        <line num="136" count="2" type="stmt"/>
        <line num="143" count="1" type="stmt"/>
        <line num="144" count="1" type="stmt"/>
        <line num="152" count="23" type="stmt"/>
        <line num="155" count="23" type="stmt"/>
        <line num="157" count="23" type="stmt"/>
        <line num="159" count="2" type="stmt"/>
        <line num="160" count="2" type="stmt"/>
        <line num="163" count="21" type="stmt"/>
        <line num="165" count="21" type="stmt"/>
        <line num="166" count="21" type="cond" truecount="2" falsecount="0"/>
        <line num="167" count="12" type="stmt"/>
        <line num="168" count="12" type="stmt"/>
        <line num="170" count="12" type="stmt"/>
        <line num="172" count="12" type="cond" truecount="2" falsecount="0"/>
        <line num="174" count="7" type="stmt"/>
        <line num="179" count="6" type="cond" truecount="2" falsecount="0"/>
        <line num="180" count="1" type="stmt"/>
        <line num="181" count="1" type="stmt"/>
        <line num="185" count="5" type="cond" truecount="2" falsecount="0"/>
        <line num="186" count="4" type="stmt"/>
        <line num="187" count="4" type="cond" truecount="2" falsecount="0"/>
        <line num="188" count="3" type="stmt"/>
        <line num="194" count="3" type="cond" truecount="2" falsecount="0"/>
        <line num="195" count="2" type="stmt"/>
        <line num="196" count="1" type="stmt"/>
        <line num="202" count="5" type="cond" truecount="2" falsecount="0"/>
        <line num="204" count="5" type="stmt"/>
        <line num="221" count="5" type="stmt"/>
        <line num="224" count="5" type="stmt"/>
        <line num="230" count="5" type="stmt"/>
        <line num="231" count="5" type="cond" truecount="2" falsecount="0"/>
        <line num="234" count="5" type="stmt"/>
        <line num="235" count="5" type="stmt"/>
        <line num="244" count="4" type="stmt"/>
        <line num="247" count="5" type="stmt"/>
        <line num="258" count="5" type="stmt"/>
        <line num="263" count="4" type="stmt"/>
        <line num="266" count="5" type="stmt"/>
        <line num="267" count="5" type="stmt"/>
        <line num="268" count="5" type="stmt"/>
        <line num="269" count="5" type="stmt"/>
        <line num="270" count="5" type="stmt"/>
        <line num="271" count="5" type="stmt"/>
        <line num="272" count="5" type="cond" truecount="2" falsecount="0"/>
        <line num="274" count="4" type="stmt"/>
        <line num="279" count="4" type="cond" truecount="2" falsecount="0"/>
        <line num="280" count="1" type="stmt"/>
        <line num="281" count="1" type="stmt"/>
        <line num="285" count="3" type="stmt"/>
        <line num="286" count="3" type="cond" truecount="2" falsecount="0"/>
        <line num="288" count="3" type="stmt"/>
        <line num="289" count="3" type="stmt"/>
        <line num="290" count="3" type="cond" truecount="2" falsecount="0"/>
        <line num="292" count="1" type="stmt"/>
        <line num="295" count="3" type="stmt"/>
        <line num="310" count="3" type="stmt"/>
        <line num="313" count="3" type="stmt"/>
        <line num="319" count="3" type="stmt"/>
        <line num="320" count="3" type="stmt"/>
        <line num="329" count="1" type="stmt"/>
        <line num="332" count="3" type="stmt"/>
        <line num="344" count="3" type="stmt"/>
        <line num="349" count="3" type="stmt"/>
        <line num="352" count="3" type="stmt"/>
        <line num="353" count="3" type="stmt"/>
        <line num="357" count="9" type="cond" truecount="2" falsecount="0"/>
        <line num="358" count="6" type="stmt"/>
        <line num="359" count="6" type="stmt"/>
        <line num="360" count="5" type="stmt"/>
        <line num="363" count="9" type="cond" truecount="2" falsecount="0"/>
        <line num="364" count="5" type="stmt"/>
        <line num="365" count="5" type="stmt"/>
        <line num="368" count="5" type="cond" truecount="4" falsecount="0"/>
        <line num="369" count="4" type="stmt"/>
        <line num="371" count="4" type="stmt"/>
        <line num="375" count="4" type="cond" truecount="2" falsecount="0"/>
        <line num="376" count="3" type="stmt"/>
        <line num="377" count="3" type="stmt"/>
        <line num="378" count="3" type="stmt"/>
        <line num="379" count="3" type="stmt"/>
        <line num="381" count="3" type="stmt"/>
        <line num="382" count="3" type="stmt"/>
        <line num="383" count="3" type="cond" truecount="2" falsecount="0"/>
        <line num="385" count="3" type="stmt"/>
        <line num="386" count="3" type="stmt"/>
        <line num="388" count="3" type="stmt"/>
        <line num="396" count="3" type="stmt"/>
        <line num="397" count="3" type="cond" truecount="2" falsecount="0"/>
        <line num="398" count="3" type="cond" truecount="5" falsecount="0"/>
        <line num="400" count="3" type="stmt"/>
        <line num="401" count="3" type="stmt"/>
        <line num="410" count="1" type="stmt"/>
        <line num="412" count="3" type="stmt"/>
        <line num="423" count="3" type="stmt"/>
        <line num="428" count="3" type="stmt"/>
        <line num="431" count="3" type="stmt"/>
        <line num="432" count="3" type="stmt"/>
        <line num="433" count="3" type="stmt"/>
        <line num="434" count="3" type="stmt"/>
        <line num="435" count="3" type="stmt"/>
        <line num="436" count="3" type="stmt"/>
        <line num="437" count="3" type="stmt"/>
        <line num="439" count="1" type="stmt"/>
        <line num="442" count="4" type="cond" truecount="2" falsecount="0"/>
        <line num="443" count="3" type="stmt"/>
        <line num="444" count="3" type="stmt"/>
        <line num="446" count="3" type="cond" truecount="2" falsecount="0"/>
        <line num="447" count="2" type="stmt"/>
        <line num="449" count="2" type="stmt"/>
        <line num="453" count="2" type="cond" truecount="2" falsecount="0"/>
        <line num="454" count="1" type="stmt"/>
        <line num="455" count="1" type="stmt"/>
        <line num="456" count="2" type="stmt"/>
        <line num="461" count="1" type="stmt"/>
        <line num="463" count="1" type="stmt"/>
        <line num="464" count="1" type="stmt"/>
        <line num="465" count="1" type="stmt"/>
        <line num="467" count="1" type="stmt"/>
        <line num="476" count="1" type="stmt"/>
        <line num="481" count="18" type="stmt"/>
        <line num="483" count="1" type="stmt"/>
        <line num="484" count="1" type="stmt"/>
        <line num="489" count="1" type="stmt"/>
      </file>
      <file name="subscription.controller.js" path="/home/zanyxizion/Desktop/GKR/backend/src/controllers/subscription.controller.js">
        <metrics statements="178" coveredstatements="178" conditionals="136" coveredconditionals="136" methods="11" coveredmethods="11"/>
        <line num="1" count="1" type="stmt"/>
        <line num="2" count="1" type="stmt"/>
        <line num="3" count="1" type="stmt"/>
        <line num="9" count="22" type="stmt"/>
        <line num="10" count="22" type="stmt"/>
        <line num="21" count="22" type="stmt"/>
        <line num="23" count="22" type="cond" truecount="2" falsecount="0"/>
        <line num="25" count="21" type="cond" truecount="4" falsecount="0"/>
        <line num="26" count="21" type="cond" truecount="3" falsecount="0"/>
        <line num="29" count="21" type="cond" truecount="4" falsecount="0"/>
        <line num="30" count="4" type="cond" truecount="2" falsecount="0"/>
        <line num="31" count="1" type="stmt"/>
        <line num="33" count="3" type="stmt"/>
        <line num="34" count="3" type="stmt"/>
        <line num="35" count="3" type="stmt"/>
        <line num="36" count="3" type="stmt"/>
        <line num="37" count="2" type="cond" truecount="2" falsecount="0"/>
        <line num="38" count="1" type="stmt"/>
        <line num="40" count="1" type="stmt"/>
        <line num="42" count="1" type="stmt"/>
        <line num="46" count="18" type="stmt"/>
        <line num="47" count="18" type="stmt"/>
        <line num="49" count="18" type="cond" truecount="2" falsecount="0"/>
        <line num="50" count="9" type="stmt"/>
        <line num="51" count="9" type="stmt"/>
        <line num="52" count="9" type="cond" truecount="2" falsecount="0"/>
        <line num="53" count="1" type="stmt"/>
        <line num="55" count="8" type="cond" truecount="2" falsecount="0"/>
        <line num="56" count="1" type="stmt"/>
        <line num="58" count="7" type="stmt"/>
        <line num="59" count="7" type="cond" truecount="4" falsecount="0"/>
        <line num="60" count="1" type="stmt"/>
        <line num="62" count="6" type="cond" truecount="4" falsecount="0"/>
        <line num="63" count="1" type="stmt"/>
        <line num="65" count="5" type="cond" truecount="4" falsecount="0"/>
        <line num="66" count="1" type="stmt"/>
        <line num="73" count="4" type="cond" truecount="2" falsecount="0"/>
        <line num="74" count="1" type="stmt"/>
        <line num="75" count="3" type="cond" truecount="2" falsecount="0"/>
        <line num="76" count="2" type="stmt"/>
        <line num="77" count="2" type="cond" truecount="4" falsecount="0"/>
        <line num="78" count="1" type="stmt"/>
        <line num="81" count="4" type="stmt"/>
        <line num="82" count="4" type="stmt"/>
        <line num="85" count="4" type="stmt"/>
        <line num="86" count="1" type="stmt"/>
        <line num="90" count="13" type="stmt"/>
        <line num="93" count="13" type="cond" truecount="4" falsecount="0"/>
        <line num="94" count="11" type="stmt"/>
        <line num="96" count="11" type="cond" truecount="2" falsecount="0"/>
        <line num="98" count="4" type="stmt"/>
        <line num="104" count="4" type="cond" truecount="2" falsecount="0"/>
        <line num="105" count="3" type="stmt"/>
        <line num="106" count="3" type="stmt"/>
        <line num="107" count="2" type="stmt"/>
        <line num="113" count="13" type="stmt"/>
        <line num="127" count="13" type="stmt"/>
        <line num="130" count="12" type="stmt"/>
        <line num="131" count="12" type="stmt"/>
        <line num="138" count="1" type="stmt"/>
        <line num="142" count="12" type="stmt"/>
        <line num="143" count="12" type="stmt"/>
        <line num="154" count="12" type="stmt"/>
        <line num="155" count="12" type="stmt"/>
        <line num="157" count="12" type="stmt"/>
        <line num="159" count="1" type="stmt"/>
        <line num="160" count="1" type="stmt"/>
        <line num="165" count="6" type="stmt"/>
        <line num="166" count="6" type="stmt"/>
        <line num="167" count="6" type="stmt"/>
        <line num="169" count="6" type="cond" truecount="2" falsecount="0"/>
        <line num="170" count="4" type="stmt"/>
        <line num="171" count="3" type="cond" truecount="2" falsecount="0"/>
        <line num="172" count="1" type="stmt"/>
        <line num="174" count="2" type="stmt"/>
        <line num="175" count="2" type="cond" truecount="2" falsecount="0"/>
        <line num="176" count="1" type="stmt"/>
        <line num="178" count="1" type="stmt"/>
        <line num="181" count="2" type="stmt"/>
        <line num="182" count="2" type="cond" truecount="2" falsecount="0"/>
        <line num="183" count="1" type="stmt"/>
        <line num="191" count="1" type="stmt"/>
        <line num="192" count="1" type="stmt"/>
        <line num="194" count="1" type="stmt"/>
        <line num="196" count="1" type="stmt"/>
        <line num="197" count="1" type="stmt"/>
        <line num="202" count="7" type="stmt"/>
        <line num="203" count="7" type="stmt"/>
        <line num="204" count="7" type="stmt"/>
        <line num="207" count="7" type="cond" truecount="2" falsecount="0"/>
        <line num="208" count="5" type="stmt"/>
        <line num="209" count="4" type="cond" truecount="2" falsecount="0"/>
        <line num="210" count="1" type="stmt"/>
        <line num="212" count="3" type="stmt"/>
        <line num="213" count="3" type="cond" truecount="2" falsecount="0"/>
        <line num="214" count="1" type="stmt"/>
        <line num="217" count="2" type="stmt"/>
        <line num="220" count="4" type="cond" truecount="4" falsecount="0"/>
        <line num="221" count="1" type="stmt"/>
        <line num="224" count="3" type="cond" truecount="2" falsecount="0"/>
        <line num="225" count="2" type="stmt"/>
        <line num="226" count="2" type="stmt"/>
        <line num="227" count="1" type="stmt"/>
        <line num="231" count="3" type="stmt"/>
        <line num="238" count="3" type="stmt"/>
        <line num="239" count="3" type="stmt"/>
        <line num="240" count="3" type="stmt"/>
        <line num="243" count="3" type="stmt"/>
        <line num="247" count="3" type="stmt"/>
        <line num="248" count="3" type="stmt"/>
        <line num="249" count="4" type="stmt"/>
        <line num="250" count="4" type="cond" truecount="2" falsecount="0"/>
        <line num="255" count="1" type="stmt"/>
        <line num="259" count="3" type="cond" truecount="2" falsecount="0"/>
        <line num="260" count="1" type="stmt"/>
        <line num="261" count="1" type="stmt"/>
        <line num="262" count="1" type="stmt"/>
        <line num="267" count="1" type="stmt"/>
        <line num="271" count="3" type="stmt"/>
        <line num="272" count="3" type="stmt"/>
        <line num="280" count="3" type="stmt"/>
        <line num="282" count="3" type="stmt"/>
        <line num="283" count="3" type="stmt"/>
        <line num="285" count="1" type="stmt"/>
        <line num="286" count="1" type="stmt"/>
        <line num="291" count="9" type="stmt"/>
        <line num="292" count="9" type="stmt"/>
        <line num="293" count="9" type="stmt"/>
        <line num="295" count="9" type="cond" truecount="2" falsecount="0"/>
        <line num="296" count="1" type="stmt"/>
        <line num="300" count="8" type="cond" truecount="2" falsecount="0"/>
        <line num="301" count="4" type="stmt"/>
        <line num="302" count="4" type="cond" truecount="2" falsecount="0"/>
        <line num="303" count="1" type="stmt"/>
        <line num="305" count="3" type="stmt"/>
        <line num="306" count="3" type="cond" truecount="2" falsecount="0"/>
        <line num="307" count="1" type="stmt"/>
        <line num="310" count="4" type="stmt"/>
        <line num="313" count="5" type="cond" truecount="2" falsecount="0"/>
        <line num="314" count="1" type="stmt"/>
        <line num="317" count="4" type="cond" truecount="2" falsecount="0"/>
        <line num="318" count="1" type="stmt"/>
        <line num="326" count="3" type="cond" truecount="2" falsecount="0"/>
        <line num="329" count="3" type="cond" truecount="2" falsecount="0"/>
        <line num="330" count="1" type="stmt"/>
        <line num="334" count="2" type="stmt"/>
        <line num="341" count="2" type="stmt"/>
        <line num="342" count="2" type="stmt"/>
        <line num="350" count="2" type="stmt"/>
        <line num="352" count="2" type="stmt"/>
        <line num="358" count="1" type="stmt"/>
        <line num="359" count="1" type="stmt"/>
        <line num="364" count="8" type="stmt"/>
        <line num="365" count="8" type="stmt"/>
        <line num="366" count="8" type="stmt"/>
        <line num="368" count="8" type="cond" truecount="2" falsecount="0"/>
        <line num="369" count="1" type="stmt"/>
        <line num="371" count="7" type="cond" truecount="5" falsecount="0"/>
        <line num="372" count="1" type="stmt"/>
        <line num="374" count="6" type="cond" truecount="4" falsecount="0"/>
        <line num="375" count="1" type="stmt"/>
        <line num="378" count="5" type="stmt"/>
        <line num="379" count="4" type="cond" truecount="2" falsecount="0"/>
        <line num="380" count="1" type="stmt"/>
        <line num="382" count="3" type="stmt"/>
        <line num="383" count="3" type="cond" truecount="2" falsecount="0"/>
        <line num="384" count="1" type="stmt"/>
        <line num="387" count="2" type="stmt"/>
        <line num="388" count="2" type="stmt"/>
        <line num="390" count="2" type="stmt"/>
        <line num="391" count="2" type="stmt"/>
        <line num="404" count="2" type="stmt"/>
        <line num="406" count="2" type="stmt"/>
        <line num="407" count="2" type="stmt"/>
        <line num="414" count="2" type="stmt"/>
        <line num="416" count="1" type="stmt"/>
        <line num="417" count="1" type="stmt"/>
        <line num="422" count="1" type="stmt"/>
      </file>
    </package>
    <package name="services">
      <metrics statements="53" coveredstatements="53" conditionals="59" coveredconditionals="59" methods="5" coveredmethods="5"/>
      <file name="email.service.js" path="/home/zanyxizion/Desktop/GKR/backend/src/services/email.service.js">
        <metrics statements="53" coveredstatements="53" conditionals="59" coveredconditionals="59" methods="5" coveredmethods="5"/>
        <line num="1" count="1" type="stmt"/>
        <line num="2" count="1" type="stmt"/>
        <line num="9" count="11" type="cond" truecount="4" falsecount="0"/>
        <line num="10" count="6" type="stmt"/>
        <line num="29" count="7" type="cond" truecount="7" falsecount="0"/>
        <line num="30" count="3" type="stmt"/>
        <line num="33" count="4" type="stmt"/>
        <line num="34" count="4" type="cond" truecount="2" falsecount="0"/>
        <line num="35" count="1" type="stmt"/>
        <line num="36" count="3" type="cond" truecount="2" falsecount="0"/>
        <line num="37" count="3" type="stmt"/>
        <line num="44" count="5" type="stmt"/>
        <line num="52" count="4" type="stmt"/>
        <line num="82" count="19" type="stmt"/>
        <line num="83" count="19" type="cond" truecount="2" falsecount="0"/>
        <line num="84" count="1" type="stmt"/>
        <line num="85" count="1" type="stmt"/>
        <line num="88" count="18" type="stmt"/>
        <line num="89" count="18" type="cond" truecount="2" falsecount="0"/>
        <line num="93" count="18" type="stmt"/>
        <line num="94" count="18" type="stmt"/>
        <line num="96" count="18" type="cond" truecount="2" falsecount="0"/>
        <line num="97" count="8" type="stmt"/>
        <line num="98" count="8" type="cond" truecount="3" falsecount="0"/>
        <line num="99" count="8" type="stmt"/>
        <line num="103" count="10" type="cond" truecount="2" falsecount="0"/>
        <line num="104" count="3" type="stmt"/>
        <line num="105" count="3" type="cond" truecount="3" falsecount="0"/>
        <line num="106" count="3" type="stmt"/>
        <line num="111" count="7" type="stmt"/>
        <line num="112" count="7" type="stmt"/>
        <line num="115" count="18" type="stmt"/>
        <line num="208" count="18" type="stmt"/>
        <line num="209" count="18" type="stmt"/>
        <line num="212" count="18" type="cond" truecount="2" falsecount="0"/>
        <line num="213" count="1" type="stmt"/>
        <line num="214" count="1" type="stmt"/>
        <line num="215" count="1" type="stmt"/>
        <line num="216" count="1" type="stmt"/>
        <line num="217" count="1" type="stmt"/>
        <line num="218" count="1" type="stmt"/>
        <line num="219" count="1" type="stmt"/>
        <line num="220" count="1" type="stmt"/>
        <line num="221" count="1" type="stmt"/>
        <line num="222" count="1" type="stmt"/>
        <line num="225" count="17" type="stmt"/>
        <line num="233" count="17" type="stmt"/>
        <line num="240" count="17" type="stmt"/>
        <line num="241" count="16" type="stmt"/>
        <line num="242" count="16" type="stmt"/>
        <line num="244" count="1" type="stmt"/>
        <line num="245" count="1" type="stmt"/>
        <line num="250" count="1" type="stmt"/>
      </file>
    </package>
  </project>
</coverage>
