{"/home/zanyxizion/Desktop/GKR/backend/src/controllers/admin.controller.js": {"path":"/home/zanyxizion/Desktop/GKR/backend/src/controllers/admin.controller.js","statementMap":{"0":{"start":{"line":1,"column":14},"end":{"line":1,"column":50}},"1":{"start":{"line":2,"column":11},"end":{"line":2,"column":28}},"2":{"start":{"line":3,"column":21},"end":{"line":3,"column":54}},"3":{"start":{"line":4,"column":26},"end":{"line":4,"column":65}},"4":{"start":{"line":5,"column":14},"end":{"line":5,"column":44}},"5":{"start":{"line":6,"column":26},"end":{"line":6,"column":65}},"6":{"start":{"line":10,"column":4},"end":{"line":116,"column":5}},"7":{"start":{"line":11,"column":26},"end":{"line":11,"column":60}},"8":{"start":{"line":12,"column":6},"end":{"line":19,"column":7}},"9":{"start":{"line":13,"column":8},"end":{"line":18,"column":10}},"10":{"start":{"line":21,"column":29},"end":{"line":21,"column":64}},"11":{"start":{"line":22,"column":28},"end":{"line":22,"column":62}},"12":{"start":{"line":24,"column":26},"end":{"line":24,"column":45}},"13":{"start":{"line":26,"column":23},"end":{"line":26,"column":24}},"14":{"start":{"line":27,"column":6},"end":{"line":31,"column":9}},"15":{"start":{"line":28,"column":8},"end":{"line":30,"column":9}},"16":{"start":{"line":29,"column":10},"end":{"line":29,"column":23}},"17":{"start":{"line":33,"column":25},"end":{"line":33,"column":26}},"18":{"start":{"line":34,"column":32},"end":{"line":38,"column":7}},"19":{"start":{"line":40,"column":28},"end":{"line":47,"column":7}},"20":{"start":{"line":49,"column":36},"end":{"line":49,"column":78}},"21":{"start":{"line":50,"column":21},"end":{"line":50,"column":23}},"22":{"start":{"line":51,"column":6},"end":{"line":58,"column":9}},"23":{"start":{"line":52,"column":20},"end":{"line":52,"column":30}},"24":{"start":{"line":53,"column":8},"end":{"line":53,"column":29}},"25":{"start":{"line":54,"column":8},"end":{"line":57,"column":9}},"26":{"start":{"line":55,"column":24},"end":{"line":55,"column":64}},"27":{"start":{"line":56,"column":10},"end":{"line":56,"column":40}},"28":{"start":{"line":60,"column":27},"end":{"line":60,"column":29}},"29":{"start":{"line":61,"column":6},"end":{"line":94,"column":9}},"30":{"start":{"line":62,"column":21},"end":{"line":62,"column":31}},"31":{"start":{"line":63,"column":8},"end":{"line":63,"column":48}},"32":{"start":{"line":64,"column":24},"end":{"line":64,"column":54}},"33":{"start":{"line":66,"column":8},"end":{"line":76,"column":9}},"34":{"start":{"line":67,"column":22},"end":{"line":67,"column":49}},"35":{"start":{"line":68,"column":10},"end":{"line":75,"column":11}},"36":{"start":{"line":69,"column":12},"end":{"line":69,"column":42}},"37":{"start":{"line":71,"column":28},"end":{"line":73,"column":13}},"38":{"start":{"line":72,"column":21},"end":{"line":72,"column":70}},"39":{"start":{"line":74,"column":12},"end":{"line":74,"column":57}},"40":{"start":{"line":78,"column":23},"end":{"line":78,"column":60}},"41":{"start":{"line":79,"column":8},"end":{"line":83,"column":9}},"42":{"start":{"line":80,"column":10},"end":{"line":80,"column":38}},"43":{"start":{"line":82,"column":10},"end":{"line":82,"column":40}},"44":{"start":{"line":85,"column":8},"end":{"line":93,"column":9}},"45":{"start":{"line":86,"column":10},"end":{"line":92,"column":13}},"46":{"start":{"line":96,"column":34},"end":{"line":98,"column":7}},"47":{"start":{"line":97,"column":19},"end":{"line":97,"column":59}},"48":{"start":{"line":100,"column":6},"end":{"line":100,"column":71}},"49":{"start":{"line":100,"column":34},"end":{"line":100,"column":69}},"50":{"start":{"line":101,"column":25},"end":{"line":101,"column":49}},"51":{"start":{"line":103,"column":20},"end":{"line":109,"column":7}},"52":{"start":{"line":111,"column":6},"end":{"line":111,"column":52}},"53":{"start":{"line":112,"column":6},"end":{"line":112,"column":68}},"54":{"start":{"line":114,"column":6},"end":{"line":114,"column":62}},"55":{"start":{"line":115,"column":6},"end":{"line":115,"column":67}},"56":{"start":{"line":120,"column":4},"end":{"line":170,"column":5}},"57":{"start":{"line":121,"column":25},"end":{"line":121,"column":61}},"58":{"start":{"line":122,"column":6},"end":{"line":129,"column":7}},"59":{"start":{"line":123,"column":8},"end":{"line":128,"column":10}},"60":{"start":{"line":131,"column":28},"end":{"line":131,"column":73}},"61":{"start":{"line":132,"column":36},"end":{"line":158,"column":7}},"62":{"start":{"line":134,"column":10},"end":{"line":155,"column":11}},"63":{"start":{"line":135,"column":28},"end":{"line":135,"column":78}},"64":{"start":{"line":136,"column":12},"end":{"line":149,"column":13}},"65":{"start":{"line":137,"column":31},"end":{"line":137,"column":45}},"66":{"start":{"line":138,"column":29},"end":{"line":138,"column":66}},"67":{"start":{"line":139,"column":14},"end":{"line":142,"column":15}},"68":{"start":{"line":140,"column":16},"end":{"line":140,"column":56}},"69":{"start":{"line":141,"column":16},"end":{"line":141,"column":80}},"70":{"start":{"line":143,"column":14},"end":{"line":148,"column":16}},"71":{"start":{"line":151,"column":12},"end":{"line":154,"column":14}},"72":{"start":{"line":156,"column":10},"end":{"line":156,"column":87}},"73":{"start":{"line":160,"column":6},"end":{"line":160,"column":71}},"74":{"start":{"line":161,"column":6},"end":{"line":166,"column":8}},"75":{"start":{"line":168,"column":6},"end":{"line":168,"column":60}},"76":{"start":{"line":169,"column":6},"end":{"line":169,"column":75}},"77":{"start":{"line":174,"column":4},"end":{"line":210,"column":5}},"78":{"start":{"line":175,"column":33},"end":{"line":175,"column":43}},"79":{"start":{"line":176,"column":6},"end":{"line":177,"column":75}},"80":{"start":{"line":177,"column":8},"end":{"line":177,"column":75}},"81":{"start":{"line":179,"column":20},"end":{"line":179,"column":56}},"82":{"start":{"line":180,"column":17},"end":{"line":180,"column":34}},"83":{"start":{"line":183,"column":6},"end":{"line":183,"column":72}},"84":{"start":{"line":186,"column":36},"end":{"line":188,"column":14}},"85":{"start":{"line":190,"column":6},"end":{"line":196,"column":7}},"86":{"start":{"line":191,"column":22},"end":{"line":191,"column":32}},"87":{"start":{"line":192,"column":8},"end":{"line":194,"column":11}},"88":{"start":{"line":193,"column":10},"end":{"line":193,"column":32}},"89":{"start":{"line":195,"column":8},"end":{"line":195,"column":29}},"90":{"start":{"line":199,"column":6},"end":{"line":199,"column":44}},"91":{"start":{"line":200,"column":6},"end":{"line":200,"column":46}},"92":{"start":{"line":201,"column":6},"end":{"line":201,"column":45}},"93":{"start":{"line":202,"column":6},"end":{"line":202,"column":38}},"94":{"start":{"line":204,"column":6},"end":{"line":206,"column":9}},"95":{"start":{"line":208,"column":6},"end":{"line":208,"column":59}},"96":{"start":{"line":209,"column":6},"end":{"line":209,"column":75}},"97":{"start":{"line":214,"column":4},"end":{"line":368,"column":5}},"98":{"start":{"line":215,"column":31},"end":{"line":215,"column":66}},"99":{"start":{"line":216,"column":6},"end":{"line":223,"column":7}},"100":{"start":{"line":217,"column":8},"end":{"line":222,"column":10}},"101":{"start":{"line":225,"column":18},"end":{"line":225,"column":28}},"102":{"start":{"line":226,"column":23},"end":{"line":226,"column":54}},"103":{"start":{"line":227,"column":22},"end":{"line":229,"column":22}},"104":{"start":{"line":231,"column":36},"end":{"line":234,"column":14}},"105":{"start":{"line":235,"column":25},"end":{"line":235,"column":27}},"106":{"start":{"line":237,"column":6},"end":{"line":360,"column":7}},"107":{"start":{"line":238,"column":20},"end":{"line":238,"column":30}},"108":{"start":{"line":239,"column":8},"end":{"line":239,"column":78}},"109":{"start":{"line":239,"column":69},"end":{"line":239,"column":78}},"110":{"start":{"line":241,"column":24},"end":{"line":241,"column":74}},"111":{"start":{"line":242,"column":25},"end":{"line":244,"column":36}},"112":{"start":{"line":246,"column":27},"end":{"line":246,"column":64}},"113":{"start":{"line":247,"column":8},"end":{"line":251,"column":9}},"114":{"start":{"line":248,"column":10},"end":{"line":248,"column":54}},"115":{"start":{"line":249,"column":10},"end":{"line":250,"column":73}},"116":{"start":{"line":252,"column":8},"end":{"line":252,"column":50}},"117":{"start":{"line":254,"column":35},"end":{"line":254,"column":75}},"118":{"start":{"line":255,"column":26},"end":{"line":255,"column":57}},"119":{"start":{"line":256,"column":30},"end":{"line":258,"column":9}},"120":{"start":{"line":259,"column":30},"end":{"line":261,"column":16}},"121":{"start":{"line":263,"column":30},"end":{"line":263,"column":32}},"122":{"start":{"line":264,"column":22},"end":{"line":264,"column":67}},"123":{"start":{"line":265,"column":8},"end":{"line":267,"column":9}},"124":{"start":{"line":266,"column":10},"end":{"line":266,"column":67}},"125":{"start":{"line":268,"column":8},"end":{"line":285,"column":9}},"126":{"start":{"line":269,"column":10},"end":{"line":281,"column":11}},"127":{"start":{"line":270,"column":12},"end":{"line":270,"column":120}},"128":{"start":{"line":271,"column":12},"end":{"line":271,"column":99}},"129":{"start":{"line":273,"column":12},"end":{"line":273,"column":81}},"130":{"start":{"line":273,"column":35},"end":{"line":273,"column":81}},"131":{"start":{"line":274,"column":12},"end":{"line":274,"column":81}},"132":{"start":{"line":274,"column":35},"end":{"line":274,"column":81}},"133":{"start":{"line":275,"column":12},"end":{"line":280,"column":13}},"134":{"start":{"line":276,"column":14},"end":{"line":276,"column":63}},"135":{"start":{"line":277,"column":14},"end":{"line":279,"column":15}},"136":{"start":{"line":278,"column":16},"end":{"line":278,"column":65}},"137":{"start":{"line":282,"column":10},"end":{"line":282,"column":74}},"138":{"start":{"line":282,"column":28},"end":{"line":282,"column":74}},"139":{"start":{"line":283,"column":10},"end":{"line":284,"column":72}},"140":{"start":{"line":283,"column":33},"end":{"line":283,"column":81}},"141":{"start":{"line":284,"column":15},"end":{"line":284,"column":72}},"142":{"start":{"line":284,"column":34},"end":{"line":284,"column":72}},"143":{"start":{"line":288,"column":8},"end":{"line":290,"column":9}},"144":{"start":{"line":289,"column":10},"end":{"line":289,"column":71}},"145":{"start":{"line":292,"column":8},"end":{"line":295,"column":9}},"146":{"start":{"line":293,"column":10},"end":{"line":293,"column":67}},"147":{"start":{"line":294,"column":10},"end":{"line":294,"column":44}},"148":{"start":{"line":298,"column":8},"end":{"line":302,"column":11}},"149":{"start":{"line":299,"column":10},"end":{"line":301,"column":11}},"150":{"start":{"line":300,"column":12},"end":{"line":300,"column":40}},"151":{"start":{"line":305,"column":8},"end":{"line":316,"column":9}},"152":{"start":{"line":306,"column":28},"end":{"line":306,"column":58}},"153":{"start":{"line":307,"column":10},"end":{"line":315,"column":11}},"154":{"start":{"line":308,"column":12},"end":{"line":308,"column":73}},"155":{"start":{"line":309,"column":17},"end":{"line":315,"column":11}},"156":{"start":{"line":310,"column":12},"end":{"line":310,"column":97}},"157":{"start":{"line":311,"column":17},"end":{"line":315,"column":11}},"158":{"start":{"line":312,"column":12},"end":{"line":312,"column":119}},"159":{"start":{"line":314,"column":12},"end":{"line":314,"column":67}},"160":{"start":{"line":319,"column":31},"end":{"line":319,"column":61}},"161":{"start":{"line":320,"column":30},"end":{"line":322,"column":62}},"162":{"start":{"line":324,"column":8},"end":{"line":330,"column":9}},"163":{"start":{"line":325,"column":10},"end":{"line":327,"column":11}},"164":{"start":{"line":326,"column":12},"end":{"line":326,"column":50}},"165":{"start":{"line":329,"column":10},"end":{"line":329,"column":45}},"166":{"start":{"line":332,"column":30},"end":{"line":338,"column":16}},"167":{"start":{"line":340,"column":27},"end":{"line":342,"column":16}},"168":{"start":{"line":343,"column":24},"end":{"line":343,"column":78}},"169":{"start":{"line":345,"column":8},"end":{"line":359,"column":11}},"170":{"start":{"line":362,"column":21},"end":{"line":362,"column":65}},"171":{"start":{"line":363,"column":6},"end":{"line":363,"column":54}},"172":{"start":{"line":364,"column":6},"end":{"line":364,"column":72}},"173":{"start":{"line":366,"column":6},"end":{"line":366,"column":65}},"174":{"start":{"line":367,"column":6},"end":{"line":367,"column":80}},"175":{"start":{"line":372,"column":4},"end":{"line":409,"column":5}},"176":{"start":{"line":373,"column":33},"end":{"line":373,"column":43}},"177":{"start":{"line":374,"column":21},"end":{"line":377,"column":14}},"178":{"start":{"line":378,"column":6},"end":{"line":379,"column":70}},"179":{"start":{"line":379,"column":8},"end":{"line":379,"column":70}},"180":{"start":{"line":381,"column":18},"end":{"line":381,"column":31}},"181":{"start":{"line":382,"column":22},"end":{"line":382,"column":72}},"182":{"start":{"line":383,"column":23},"end":{"line":383,"column":59}},"183":{"start":{"line":385,"column":25},"end":{"line":385,"column":62}},"184":{"start":{"line":386,"column":6},"end":{"line":390,"column":7}},"185":{"start":{"line":387,"column":8},"end":{"line":387,"column":52}},"186":{"start":{"line":388,"column":8},"end":{"line":389,"column":71}},"187":{"start":{"line":392,"column":33},"end":{"line":392,"column":73}},"188":{"start":{"line":394,"column":8},"end":{"line":394,"column":66}},"189":{"start":{"line":396,"column":27},"end":{"line":403,"column":7}},"190":{"start":{"line":405,"column":6},"end":{"line":405,"column":80}},"191":{"start":{"line":407,"column":6},"end":{"line":407,"column":67}},"192":{"start":{"line":408,"column":6},"end":{"line":408,"column":69}},"193":{"start":{"line":413,"column":4},"end":{"line":433,"column":5}},"194":{"start":{"line":414,"column":34},"end":{"line":414,"column":42}},"195":{"start":{"line":415,"column":6},"end":{"line":416,"column":79}},"196":{"start":{"line":416,"column":8},"end":{"line":416,"column":79}},"197":{"start":{"line":418,"column":6},"end":{"line":421,"column":9}},"198":{"start":{"line":423,"column":6},"end":{"line":423,"column":44}},"199":{"start":{"line":424,"column":6},"end":{"line":424,"column":45}},"200":{"start":{"line":426,"column":6},"end":{"line":429,"column":9}},"201":{"start":{"line":431,"column":6},"end":{"line":431,"column":62}},"202":{"start":{"line":432,"column":6},"end":{"line":432,"column":78}},"203":{"start":{"line":437,"column":4},"end":{"line":448,"column":5}},"204":{"start":{"line":438,"column":31},"end":{"line":438,"column":71}},"205":{"start":{"line":439,"column":6},"end":{"line":439,"column":51}},"206":{"start":{"line":441,"column":6},"end":{"line":441,"column":44}},"207":{"start":{"line":442,"column":6},"end":{"line":442,"column":45}},"208":{"start":{"line":444,"column":6},"end":{"line":444,"column":73}},"209":{"start":{"line":446,"column":6},"end":{"line":446,"column":58}},"210":{"start":{"line":447,"column":6},"end":{"line":447,"column":73}},"211":{"start":{"line":455,"column":4},"end":{"line":536,"column":5}},"212":{"start":{"line":456,"column":26},"end":{"line":456,"column":54}},"213":{"start":{"line":457,"column":6},"end":{"line":464,"column":7}},"214":{"start":{"line":458,"column":8},"end":{"line":463,"column":10}},"215":{"start":{"line":466,"column":28},"end":{"line":466,"column":62}},"216":{"start":{"line":467,"column":36},"end":{"line":467,"column":78}},"217":{"start":{"line":470,"column":21},"end":{"line":470,"column":23}},"218":{"start":{"line":471,"column":6},"end":{"line":482,"column":9}},"219":{"start":{"line":472,"column":20},"end":{"line":472,"column":30}},"220":{"start":{"line":473,"column":20},"end":{"line":473,"column":30}},"221":{"start":{"line":474,"column":8},"end":{"line":474,"column":25}},"222":{"start":{"line":474,"column":18},"end":{"line":474,"column":25}},"223":{"start":{"line":476,"column":8},"end":{"line":481,"column":9}},"224":{"start":{"line":480,"column":10},"end":{"line":480,"column":28}},"225":{"start":{"line":484,"column":20},"end":{"line":484,"column":22}},"226":{"start":{"line":485,"column":6},"end":{"line":521,"column":9}},"227":{"start":{"line":486,"column":25},"end":{"line":486,"column":35}},"228":{"start":{"line":487,"column":20},"end":{"line":487,"column":26}},"229":{"start":{"line":488,"column":20},"end":{"line":488,"column":39}},"230":{"start":{"line":490,"column":26},"end":{"line":490,"column":63}},"231":{"start":{"line":491,"column":8},"end":{"line":495,"column":9}},"232":{"start":{"line":492,"column":10},"end":{"line":492,"column":53}},"233":{"start":{"line":493,"column":10},"end":{"line":494,"column":71}},"234":{"start":{"line":497,"column":8},"end":{"line":520,"column":11}},"235":{"start":{"line":524,"column":6},"end":{"line":529,"column":9}},"236":{"start":{"line":525,"column":24},"end":{"line":525,"column":67}},"237":{"start":{"line":526,"column":24},"end":{"line":526,"column":67}},"238":{"start":{"line":527,"column":8},"end":{"line":527,"column":58}},"239":{"start":{"line":527,"column":33},"end":{"line":527,"column":58}},"240":{"start":{"line":528,"column":8},"end":{"line":528,"column":44}},"241":{"start":{"line":531,"column":6},"end":{"line":531,"column":46}},"242":{"start":{"line":532,"column":6},"end":{"line":532,"column":58}},"243":{"start":{"line":534,"column":6},"end":{"line":534,"column":56}},"244":{"start":{"line":535,"column":6},"end":{"line":535,"column":67}},"245":{"start":{"line":543,"column":4},"end":{"line":613,"column":5}},"246":{"start":{"line":544,"column":25},"end":{"line":544,"column":35}},"247":{"start":{"line":547,"column":22},"end":{"line":547,"column":68}},"248":{"start":{"line":548,"column":6},"end":{"line":550,"column":7}},"249":{"start":{"line":549,"column":8},"end":{"line":549,"column":62}},"250":{"start":{"line":551,"column":23},"end":{"line":551,"column":37}},"251":{"start":{"line":553,"column":24},"end":{"line":553,"column":61}},"252":{"start":{"line":554,"column":6},"end":{"line":558,"column":7}},"253":{"start":{"line":555,"column":8},"end":{"line":555,"column":51}},"254":{"start":{"line":556,"column":8},"end":{"line":557,"column":69}},"255":{"start":{"line":561,"column":26},"end":{"line":564,"column":14}},"256":{"start":{"line":566,"column":25},"end":{"line":566,"column":29}},"257":{"start":{"line":567,"column":6},"end":{"line":573,"column":7}},"258":{"start":{"line":568,"column":21},"end":{"line":568,"column":62}},"259":{"start":{"line":568,"column":51},"end":{"line":568,"column":61}},"260":{"start":{"line":569,"column":8},"end":{"line":571,"column":10}},"261":{"start":{"line":570,"column":20},"end":{"line":570,"column":65}},"262":{"start":{"line":572,"column":8},"end":{"line":572,"column":31}},"263":{"start":{"line":576,"column":26},"end":{"line":576,"column":30}},"264":{"start":{"line":577,"column":6},"end":{"line":582,"column":7}},"265":{"start":{"line":578,"column":35},"end":{"line":578,"column":75}},"266":{"start":{"line":579,"column":8},"end":{"line":581,"column":10}},"267":{"start":{"line":585,"column":28},"end":{"line":585,"column":63}},"268":{"start":{"line":586,"column":25},"end":{"line":586,"column":74}},"269":{"start":{"line":589,"column":32},"end":{"line":589,"column":71}},"270":{"start":{"line":590,"column":28},"end":{"line":590,"column":75}},"271":{"start":{"line":592,"column":21},"end":{"line":607,"column":7}},"272":{"start":{"line":609,"column":6},"end":{"line":609,"column":65}},"273":{"start":{"line":611,"column":6},"end":{"line":611,"column":58}},"274":{"start":{"line":612,"column":6},"end":{"line":612,"column":73}},"275":{"start":{"line":620,"column":4},"end":{"line":755,"column":5}},"276":{"start":{"line":621,"column":26},"end":{"line":621,"column":36}},"277":{"start":{"line":622,"column":6},"end":{"line":624,"column":7}},"278":{"start":{"line":623,"column":8},"end":{"line":623,"column":68}},"279":{"start":{"line":626,"column":23},"end":{"line":626,"column":71}},"280":{"start":{"line":627,"column":6},"end":{"line":688,"column":7}},"281":{"start":{"line":628,"column":23},"end":{"line":628,"column":78}},"282":{"start":{"line":629,"column":8},"end":{"line":686,"column":9}},"283":{"start":{"line":630,"column":31},"end":{"line":630,"column":44}},"284":{"start":{"line":631,"column":32},"end":{"line":631,"column":80}},"285":{"start":{"line":632,"column":10},"end":{"line":634,"column":11}},"286":{"start":{"line":633,"column":12},"end":{"line":633,"column":108}},"287":{"start":{"line":635,"column":10},"end":{"line":637,"column":11}},"288":{"start":{"line":636,"column":12},"end":{"line":636,"column":99}},"289":{"start":{"line":638,"column":10},"end":{"line":643,"column":13}},"290":{"start":{"line":644,"column":32},"end":{"line":644,"column":67}},"291":{"start":{"line":645,"column":28},"end":{"line":645,"column":86}},"292":{"start":{"line":648,"column":26},"end":{"line":648,"column":85}},"293":{"start":{"line":649,"column":27},"end":{"line":649,"column":63}},"294":{"start":{"line":652,"column":31},"end":{"line":652,"column":67}},"295":{"start":{"line":653,"column":10},"end":{"line":662,"column":105}},"296":{"start":{"line":662,"column":26},"end":{"line":662,"column":103}},"297":{"start":{"line":664,"column":10},"end":{"line":669,"column":13}},"298":{"start":{"line":671,"column":10},"end":{"line":676,"column":105}},"299":{"start":{"line":676,"column":26},"end":{"line":676,"column":103}},"300":{"start":{"line":677,"column":10},"end":{"line":677,"column":48}},"301":{"start":{"line":678,"column":10},"end":{"line":678,"column":50}},"302":{"start":{"line":679,"column":10},"end":{"line":679,"column":42}},"303":{"start":{"line":680,"column":10},"end":{"line":680,"column":67}},"304":{"start":{"line":681,"column":10},"end":{"line":681,"column":68}},"305":{"start":{"line":682,"column":10},"end":{"line":685,"column":13}},"306":{"start":{"line":687,"column":8},"end":{"line":687,"column":63}},"307":{"start":{"line":690,"column":20},"end":{"line":690,"column":35}},"308":{"start":{"line":693,"column":28},"end":{"line":693,"column":69}},"309":{"start":{"line":694,"column":6},"end":{"line":696,"column":7}},"310":{"start":{"line":695,"column":8},"end":{"line":695,"column":90}},"311":{"start":{"line":698,"column":6},"end":{"line":700,"column":7}},"312":{"start":{"line":699,"column":8},"end":{"line":699,"column":88}},"313":{"start":{"line":703,"column":6},"end":{"line":708,"column":9}},"314":{"start":{"line":711,"column":22},"end":{"line":711,"column":74}},"315":{"start":{"line":712,"column":23},"end":{"line":712,"column":59}},"316":{"start":{"line":715,"column":27},"end":{"line":715,"column":63}},"317":{"start":{"line":716,"column":6},"end":{"line":725,"column":94}},"318":{"start":{"line":725,"column":22},"end":{"line":725,"column":92}},"319":{"start":{"line":728,"column":28},"end":{"line":728,"column":63}},"320":{"start":{"line":729,"column":6},"end":{"line":734,"column":9}},"321":{"start":{"line":736,"column":6},"end":{"line":741,"column":94}},"322":{"start":{"line":741,"column":22},"end":{"line":741,"column":92}},"323":{"start":{"line":744,"column":6},"end":{"line":744,"column":44}},"324":{"start":{"line":745,"column":6},"end":{"line":745,"column":45}},"325":{"start":{"line":746,"column":6},"end":{"line":746,"column":38}},"326":{"start":{"line":748,"column":6},"end":{"line":751,"column":9}},"327":{"start":{"line":753,"column":6},"end":{"line":753,"column":60}},"328":{"start":{"line":754,"column":6},"end":{"line":754,"column":71}},"329":{"start":{"line":762,"column":4},"end":{"line":842,"column":5}},"330":{"start":{"line":763,"column":33},"end":{"line":763,"column":43}},"331":{"start":{"line":764,"column":6},"end":{"line":766,"column":7}},"332":{"start":{"line":765,"column":8},"end":{"line":765,"column":75}},"333":{"start":{"line":768,"column":21},"end":{"line":768,"column":83}},"334":{"start":{"line":769,"column":6},"end":{"line":771,"column":7}},"335":{"start":{"line":770,"column":8},"end":{"line":770,"column":70}},"336":{"start":{"line":773,"column":27},"end":{"line":773,"column":40}},"337":{"start":{"line":776,"column":28},"end":{"line":776,"column":76}},"338":{"start":{"line":777,"column":6},"end":{"line":779,"column":7}},"339":{"start":{"line":778,"column":8},"end":{"line":778,"column":104}},"340":{"start":{"line":781,"column":6},"end":{"line":783,"column":7}},"341":{"start":{"line":782,"column":8},"end":{"line":782,"column":95}},"342":{"start":{"line":786,"column":6},"end":{"line":791,"column":9}},"343":{"start":{"line":793,"column":24},"end":{"line":793,"column":82}},"344":{"start":{"line":796,"column":22},"end":{"line":796,"column":81}},"345":{"start":{"line":797,"column":23},"end":{"line":797,"column":59}},"346":{"start":{"line":800,"column":27},"end":{"line":800,"column":63}},"347":{"start":{"line":801,"column":6},"end":{"line":810,"column":101}},"348":{"start":{"line":810,"column":22},"end":{"line":810,"column":99}},"349":{"start":{"line":813,"column":28},"end":{"line":813,"column":63}},"350":{"start":{"line":814,"column":6},"end":{"line":819,"column":9}},"351":{"start":{"line":821,"column":6},"end":{"line":826,"column":101}},"352":{"start":{"line":826,"column":22},"end":{"line":826,"column":99}},"353":{"start":{"line":829,"column":6},"end":{"line":829,"column":44}},"354":{"start":{"line":830,"column":6},"end":{"line":830,"column":46}},"355":{"start":{"line":831,"column":6},"end":{"line":831,"column":38}},"356":{"start":{"line":832,"column":6},"end":{"line":832,"column":63}},"357":{"start":{"line":833,"column":6},"end":{"line":833,"column":64}},"358":{"start":{"line":835,"column":6},"end":{"line":838,"column":9}},"359":{"start":{"line":840,"column":6},"end":{"line":840,"column":73}},"360":{"start":{"line":841,"column":6},"end":{"line":841,"column":71}},"361":{"start":{"line":849,"column":4},"end":{"line":956,"column":5}},"362":{"start":{"line":850,"column":25},"end":{"line":850,"column":35}},"363":{"start":{"line":851,"column":41},"end":{"line":851,"column":49}},"364":{"start":{"line":853,"column":6},"end":{"line":859,"column":7}},"365":{"start":{"line":854,"column":8},"end":{"line":858,"column":10}},"366":{"start":{"line":862,"column":21},"end":{"line":865,"column":14}},"367":{"start":{"line":866,"column":6},"end":{"line":868,"column":7}},"368":{"start":{"line":867,"column":8},"end":{"line":867,"column":70}},"369":{"start":{"line":870,"column":18},"end":{"line":870,"column":31}},"370":{"start":{"line":871,"column":6},"end":{"line":877,"column":7}},"371":{"start":{"line":872,"column":8},"end":{"line":876,"column":10}},"372":{"start":{"line":879,"column":6},"end":{"line":885,"column":7}},"373":{"start":{"line":880,"column":8},"end":{"line":884,"column":10}},"374":{"start":{"line":888,"column":6},"end":{"line":893,"column":9}},"375":{"start":{"line":896,"column":26},"end":{"line":896,"column":64}},"376":{"start":{"line":897,"column":36},"end":{"line":901,"column":14}},"377":{"start":{"line":903,"column":6},"end":{"line":912,"column":7}},"378":{"start":{"line":904,"column":22},"end":{"line":904,"column":32}},"379":{"start":{"line":905,"column":8},"end":{"line":910,"column":11}},"380":{"start":{"line":906,"column":10},"end":{"line":909,"column":13}},"381":{"start":{"line":911,"column":8},"end":{"line":911,"column":29}},"382":{"start":{"line":915,"column":32},"end":{"line":915,"column":71}},"383":{"start":{"line":916,"column":6},"end":{"line":924,"column":9}},"384":{"start":{"line":927,"column":28},"end":{"line":927,"column":63}},"385":{"start":{"line":928,"column":6},"end":{"line":933,"column":9}},"386":{"start":{"line":936,"column":6},"end":{"line":936,"column":38}},"387":{"start":{"line":937,"column":6},"end":{"line":937,"column":46}},"388":{"start":{"line":938,"column":6},"end":{"line":938,"column":44}},"389":{"start":{"line":939,"column":6},"end":{"line":939,"column":45}},"390":{"start":{"line":940,"column":6},"end":{"line":940,"column":50}},"391":{"start":{"line":941,"column":6},"end":{"line":941,"column":51}},"392":{"start":{"line":943,"column":6},"end":{"line":947,"column":9}},"393":{"start":{"line":949,"column":6},"end":{"line":949,"column":67}},"394":{"start":{"line":950,"column":6},"end":{"line":955,"column":8}},"395":{"start":{"line":960,"column":4},"end":{"line":967,"column":5}},"396":{"start":{"line":961,"column":24},"end":{"line":961,"column":55}},"397":{"start":{"line":962,"column":21},"end":{"line":962,"column":52}},"398":{"start":{"line":963,"column":6},"end":{"line":963,"column":87}},"399":{"start":{"line":965,"column":6},"end":{"line":965,"column":60}},"400":{"start":{"line":966,"column":6},"end":{"line":966,"column":76}},"401":{"start":{"line":971,"column":4},"end":{"line":988,"column":5}},"402":{"start":{"line":972,"column":24},"end":{"line":972,"column":55}},"403":{"start":{"line":973,"column":24},"end":{"line":973,"column":32}},"404":{"start":{"line":975,"column":6},"end":{"line":977,"column":7}},"405":{"start":{"line":976,"column":8},"end":{"line":976,"column":79}},"406":{"start":{"line":979,"column":6},"end":{"line":979,"column":50}},"407":{"start":{"line":982,"column":6},"end":{"line":982,"column":45}},"408":{"start":{"line":984,"column":6},"end":{"line":984,"column":88}},"409":{"start":{"line":986,"column":6},"end":{"line":986,"column":58}},"410":{"start":{"line":987,"column":6},"end":{"line":987,"column":74}},"411":{"start":{"line":992,"column":4},"end":{"line":1019,"column":5}},"412":{"start":{"line":993,"column":6},"end":{"line":995,"column":7}},"413":{"start":{"line":994,"column":8},"end":{"line":994,"column":64}},"414":{"start":{"line":997,"column":25},"end":{"line":997,"column":63}},"415":{"start":{"line":999,"column":27},"end":{"line":1013,"column":7}},"416":{"start":{"line":1005,"column":10},"end":{"line":1008,"column":11}},"417":{"start":{"line":1006,"column":12},"end":{"line":1006,"column":61}},"418":{"start":{"line":1007,"column":12},"end":{"line":1007,"column":83}},"419":{"start":{"line":1009,"column":10},"end":{"line":1011,"column":13}},"420":{"start":{"line":1015,"column":6},"end":{"line":1015,"column":40}},"421":{"start":{"line":1017,"column":6},"end":{"line":1017,"column":56}},"422":{"start":{"line":1018,"column":6},"end":{"line":1018,"column":81}},"423":{"start":{"line":1023,"column":4},"end":{"line":1040,"column":5}},"424":{"start":{"line":1024,"column":20},"end":{"line":1024,"column":56}},"425":{"start":{"line":1025,"column":17},"end":{"line":1025,"column":34}},"426":{"start":{"line":1027,"column":23},"end":{"line":1029,"column":14}},"427":{"start":{"line":1031,"column":22},"end":{"line":1031,"column":24}},"428":{"start":{"line":1032,"column":6},"end":{"line":1034,"column":9}},"429":{"start":{"line":1033,"column":8},"end":{"line":1033,"column":33}},"430":{"start":{"line":1036,"column":6},"end":{"line":1036,"column":81}},"431":{"start":{"line":1038,"column":6},"end":{"line":1038,"column":56}},"432":{"start":{"line":1039,"column":6},"end":{"line":1039,"column":72}},"433":{"start":{"line":1044,"column":4},"end":{"line":1066,"column":5}},"434":{"start":{"line":1045,"column":27},"end":{"line":1045,"column":37}},"435":{"start":{"line":1046,"column":6},"end":{"line":1048,"column":7}},"436":{"start":{"line":1047,"column":8},"end":{"line":1047,"column":69}},"437":{"start":{"line":1050,"column":20},"end":{"line":1050,"column":56}},"438":{"start":{"line":1051,"column":17},"end":{"line":1051,"column":34}},"439":{"start":{"line":1053,"column":21},"end":{"line":1053,"column":59}},"440":{"start":{"line":1054,"column":18},"end":{"line":1054,"column":36}},"441":{"start":{"line":1056,"column":6},"end":{"line":1058,"column":7}},"442":{"start":{"line":1057,"column":8},"end":{"line":1057,"column":64}},"443":{"start":{"line":1060,"column":6},"end":{"line":1060,"column":28}},"444":{"start":{"line":1062,"column":6},"end":{"line":1062,"column":79}},"445":{"start":{"line":1064,"column":6},"end":{"line":1064,"column":53}},"446":{"start":{"line":1065,"column":6},"end":{"line":1065,"column":69}},"447":{"start":{"line":1070,"column":0},"end":{"line":1070,"column":33}}},"fnMap":{"0":{"name":"(anonymous_0)","decl":{"start":{"line":9,"column":2},"end":{"line":9,"column":3}},"loc":{"start":{"line":9,"column":43},"end":{"line":117,"column":3}},"line":9},"1":{"name":"(anonymous_1)","decl":{"start":{"line":27,"column":28},"end":{"line":27,"column":29}},"loc":{"start":{"line":27,"column":35},"end":{"line":31,"column":7}},"line":27},"2":{"name":"(anonymous_2)","decl":{"start":{"line":51,"column":36},"end":{"line":51,"column":37}},"loc":{"start":{"line":51,"column":45},"end":{"line":58,"column":7}},"line":51},"3":{"name":"(anonymous_3)","decl":{"start":{"line":61,"column":29},"end":{"line":61,"column":30}},"loc":{"start":{"line":61,"column":38},"end":{"line":94,"column":7}},"line":61},"4":{"name":"(anonymous_4)","decl":{"start":{"line":72,"column":14},"end":{"line":72,"column":15}},"loc":{"start":{"line":72,"column":21},"end":{"line":72,"column":70}},"line":72},"5":{"name":"(anonymous_5)","decl":{"start":{"line":97,"column":8},"end":{"line":97,"column":9}},"loc":{"start":{"line":97,"column":19},"end":{"line":97,"column":59}},"line":97},"6":{"name":"(anonymous_6)","decl":{"start":{"line":100,"column":24},"end":{"line":100,"column":25}},"loc":{"start":{"line":100,"column":34},"end":{"line":100,"column":69}},"line":100},"7":{"name":"(anonymous_7)","decl":{"start":{"line":119,"column":2},"end":{"line":119,"column":3}},"loc":{"start":{"line":119,"column":45},"end":{"line":171,"column":3}},"line":119},"8":{"name":"(anonymous_8)","decl":{"start":{"line":133,"column":26},"end":{"line":133,"column":27}},"loc":{"start":{"line":133,"column":41},"end":{"line":157,"column":9}},"line":133},"9":{"name":"(anonymous_9)","decl":{"start":{"line":173,"column":2},"end":{"line":173,"column":3}},"loc":{"start":{"line":173,"column":44},"end":{"line":211,"column":3}},"line":173},"10":{"name":"(anonymous_10)","decl":{"start":{"line":192,"column":38},"end":{"line":192,"column":39}},"loc":{"start":{"line":192,"column":45},"end":{"line":194,"column":9}},"line":192},"11":{"name":"(anonymous_11)","decl":{"start":{"line":213,"column":2},"end":{"line":213,"column":3}},"loc":{"start":{"line":213,"column":44},"end":{"line":369,"column":3}},"line":213},"12":{"name":"(anonymous_12)","decl":{"start":{"line":298,"column":45},"end":{"line":298,"column":46}},"loc":{"start":{"line":298,"column":52},"end":{"line":302,"column":9}},"line":298},"13":{"name":"(anonymous_13)","decl":{"start":{"line":371,"column":2},"end":{"line":371,"column":3}},"loc":{"start":{"line":371,"column":48},"end":{"line":410,"column":3}},"line":371},"14":{"name":"(anonymous_14)","decl":{"start":{"line":412,"column":2},"end":{"line":412,"column":3}},"loc":{"start":{"line":412,"column":46},"end":{"line":434,"column":3}},"line":412},"15":{"name":"(anonymous_15)","decl":{"start":{"line":436,"column":2},"end":{"line":436,"column":3}},"loc":{"start":{"line":436,"column":42},"end":{"line":449,"column":3}},"line":436},"16":{"name":"(anonymous_16)","decl":{"start":{"line":454,"column":2},"end":{"line":454,"column":3}},"loc":{"start":{"line":454,"column":37},"end":{"line":537,"column":3}},"line":454},"17":{"name":"(anonymous_17)","decl":{"start":{"line":471,"column":36},"end":{"line":471,"column":37}},"loc":{"start":{"line":471,"column":45},"end":{"line":482,"column":7}},"line":471},"18":{"name":"(anonymous_18)","decl":{"start":{"line":485,"column":28},"end":{"line":485,"column":29}},"loc":{"start":{"line":485,"column":37},"end":{"line":521,"column":7}},"line":485},"19":{"name":"(anonymous_19)","decl":{"start":{"line":524,"column":17},"end":{"line":524,"column":18}},"loc":{"start":{"line":524,"column":27},"end":{"line":529,"column":7}},"line":524},"20":{"name":"(anonymous_20)","decl":{"start":{"line":542,"column":2},"end":{"line":542,"column":3}},"loc":{"start":{"line":542,"column":39},"end":{"line":614,"column":3}},"line":542},"21":{"name":"(anonymous_21)","decl":{"start":{"line":568,"column":42},"end":{"line":568,"column":43}},"loc":{"start":{"line":568,"column":51},"end":{"line":568,"column":61}},"line":568},"22":{"name":"(anonymous_22)","decl":{"start":{"line":570,"column":10},"end":{"line":570,"column":11}},"loc":{"start":{"line":570,"column":20},"end":{"line":570,"column":65}},"line":570},"23":{"name":"(anonymous_23)","decl":{"start":{"line":619,"column":2},"end":{"line":619,"column":3}},"loc":{"start":{"line":619,"column":43},"end":{"line":756,"column":3}},"line":619},"24":{"name":"(anonymous_24)","decl":{"start":{"line":662,"column":19},"end":{"line":662,"column":20}},"loc":{"start":{"line":662,"column":26},"end":{"line":662,"column":103}},"line":662},"25":{"name":"(anonymous_25)","decl":{"start":{"line":676,"column":19},"end":{"line":676,"column":20}},"loc":{"start":{"line":676,"column":26},"end":{"line":676,"column":103}},"line":676},"26":{"name":"(anonymous_26)","decl":{"start":{"line":725,"column":15},"end":{"line":725,"column":16}},"loc":{"start":{"line":725,"column":22},"end":{"line":725,"column":92}},"line":725},"27":{"name":"(anonymous_27)","decl":{"start":{"line":741,"column":15},"end":{"line":741,"column":16}},"loc":{"start":{"line":741,"column":22},"end":{"line":741,"column":92}},"line":741},"28":{"name":"(anonymous_28)","decl":{"start":{"line":761,"column":2},"end":{"line":761,"column":3}},"loc":{"start":{"line":761,"column":52},"end":{"line":843,"column":3}},"line":761},"29":{"name":"(anonymous_29)","decl":{"start":{"line":810,"column":15},"end":{"line":810,"column":16}},"loc":{"start":{"line":810,"column":22},"end":{"line":810,"column":99}},"line":810},"30":{"name":"(anonymous_30)","decl":{"start":{"line":826,"column":15},"end":{"line":826,"column":16}},"loc":{"start":{"line":826,"column":22},"end":{"line":826,"column":99}},"line":826},"31":{"name":"(anonymous_31)","decl":{"start":{"line":848,"column":2},"end":{"line":848,"column":3}},"loc":{"start":{"line":848,"column":49},"end":{"line":957,"column":3}},"line":848},"32":{"name":"(anonymous_32)","decl":{"start":{"line":905,"column":38},"end":{"line":905,"column":39}},"loc":{"start":{"line":905,"column":50},"end":{"line":910,"column":9}},"line":905},"33":{"name":"(anonymous_33)","decl":{"start":{"line":959,"column":2},"end":{"line":959,"column":3}},"loc":{"start":{"line":959,"column":39},"end":{"line":968,"column":3}},"line":959},"34":{"name":"(anonymous_34)","decl":{"start":{"line":970,"column":2},"end":{"line":970,"column":3}},"loc":{"start":{"line":970,"column":42},"end":{"line":989,"column":3}},"line":970},"35":{"name":"(anonymous_35)","decl":{"start":{"line":991,"column":2},"end":{"line":991,"column":3}},"loc":{"start":{"line":991,"column":41},"end":{"line":1020,"column":3}},"line":991},"36":{"name":"(anonymous_36)","decl":{"start":{"line":1004,"column":8},"end":{"line":1004,"column":9}},"loc":{"start":{"line":1004,"column":27},"end":{"line":1012,"column":9}},"line":1004},"37":{"name":"(anonymous_37)","decl":{"start":{"line":1022,"column":2},"end":{"line":1022,"column":3}},"loc":{"start":{"line":1022,"column":39},"end":{"line":1041,"column":3}},"line":1022},"38":{"name":"(anonymous_38)","decl":{"start":{"line":1032,"column":23},"end":{"line":1032,"column":24}},"loc":{"start":{"line":1032,"column":30},"end":{"line":1034,"column":7}},"line":1032},"39":{"name":"(anonymous_39)","decl":{"start":{"line":1043,"column":2},"end":{"line":1043,"column":3}},"loc":{"start":{"line":1043,"column":38},"end":{"line":1067,"column":3}},"line":1043}},"branchMap":{"0":{"loc":{"start":{"line":12,"column":6},"end":{"line":19,"column":7}},"type":"if","locations":[{"start":{"line":12,"column":6},"end":{"line":19,"column":7}},{"start":{},"end":{}}],"line":12},"1":{"loc":{"start":{"line":28,"column":8},"end":{"line":30,"column":9}},"type":"if","locations":[{"start":{"line":28,"column":8},"end":{"line":30,"column":9}},{"start":{},"end":{}}],"line":28},"2":{"loc":{"start":{"line":54,"column":8},"end":{"line":57,"column":9}},"type":"if","locations":[{"start":{"line":54,"column":8},"end":{"line":57,"column":9}},{"start":{},"end":{}}],"line":54},"3":{"loc":{"start":{"line":55,"column":24},"end":{"line":55,"column":64}},"type":"binary-expr","locations":[{"start":{"line":55,"column":24},"end":{"line":55,"column":46}},{"start":{"line":55,"column":50},"end":{"line":55,"column":59}},{"start":{"line":55,"column":63},"end":{"line":55,"column":64}}],"line":55},"4":{"loc":{"start":{"line":63,"column":31},"end":{"line":63,"column":46}},"type":"binary-expr","locations":[{"start":{"line":63,"column":31},"end":{"line":63,"column":41}},{"start":{"line":63,"column":45},"end":{"line":63,"column":46}}],"line":63},"5":{"loc":{"start":{"line":64,"column":24},"end":{"line":64,"column":54}},"type":"binary-expr","locations":[{"start":{"line":64,"column":24},"end":{"line":64,"column":42}},{"start":{"line":64,"column":46},"end":{"line":64,"column":54}}],"line":64},"6":{"loc":{"start":{"line":66,"column":8},"end":{"line":76,"column":9}},"type":"if","locations":[{"start":{"line":66,"column":8},"end":{"line":76,"column":9}},{"start":{},"end":{}}],"line":66},"7":{"loc":{"start":{"line":68,"column":10},"end":{"line":75,"column":11}},"type":"if","locations":[{"start":{"line":68,"column":10},"end":{"line":75,"column":11}},{"start":{"line":70,"column":17},"end":{"line":75,"column":11}}],"line":68},"8":{"loc":{"start":{"line":72,"column":21},"end":{"line":72,"column":70}},"type":"binary-expr","locations":[{"start":{"line":72,"column":21},"end":{"line":72,"column":45}},{"start":{"line":72,"column":49},"end":{"line":72,"column":70}}],"line":72},"9":{"loc":{"start":{"line":74,"column":24},"end":{"line":74,"column":56}},"type":"binary-expr","locations":[{"start":{"line":74,"column":24},"end":{"line":74,"column":46}},{"start":{"line":74,"column":50},"end":{"line":74,"column":56}}],"line":74},"10":{"loc":{"start":{"line":78,"column":23},"end":{"line":78,"column":60}},"type":"binary-expr","locations":[{"start":{"line":78,"column":23},"end":{"line":78,"column":47}},{"start":{"line":78,"column":51},"end":{"line":78,"column":60}}],"line":78},"11":{"loc":{"start":{"line":79,"column":8},"end":{"line":83,"column":9}},"type":"if","locations":[{"start":{"line":79,"column":8},"end":{"line":83,"column":9}},{"start":{"line":81,"column":15},"end":{"line":83,"column":9}}],"line":79},"12":{"loc":{"start":{"line":85,"column":8},"end":{"line":93,"column":9}},"type":"if","locations":[{"start":{"line":85,"column":8},"end":{"line":93,"column":9}},{"start":{},"end":{}}],"line":85},"13":{"loc":{"start":{"line":122,"column":6},"end":{"line":129,"column":7}},"type":"if","locations":[{"start":{"line":122,"column":6},"end":{"line":129,"column":7}},{"start":{},"end":{}}],"line":122},"14":{"loc":{"start":{"line":136,"column":12},"end":{"line":149,"column":13}},"type":"if","locations":[{"start":{"line":136,"column":12},"end":{"line":149,"column":13}},{"start":{},"end":{}}],"line":136},"15":{"loc":{"start":{"line":138,"column":29},"end":{"line":138,"column":66}},"type":"binary-expr","locations":[{"start":{"line":138,"column":29},"end":{"line":138,"column":42}},{"start":{"line":138,"column":46},"end":{"line":138,"column":66}}],"line":138},"16":{"loc":{"start":{"line":139,"column":14},"end":{"line":142,"column":15}},"type":"if","locations":[{"start":{"line":139,"column":14},"end":{"line":142,"column":15}},{"start":{},"end":{}}],"line":139},"17":{"loc":{"start":{"line":139,"column":18},"end":{"line":139,"column":45}},"type":"binary-expr","locations":[{"start":{"line":139,"column":18},"end":{"line":139,"column":27}},{"start":{"line":139,"column":31},"end":{"line":139,"column":45}}],"line":139},"18":{"loc":{"start":{"line":145,"column":26},"end":{"line":145,"column":48}},"type":"binary-expr","locations":[{"start":{"line":145,"column":26},"end":{"line":145,"column":34}},{"start":{"line":145,"column":38},"end":{"line":145,"column":48}}],"line":145},"19":{"loc":{"start":{"line":146,"column":27},"end":{"line":146,"column":47}},"type":"binary-expr","locations":[{"start":{"line":146,"column":27},"end":{"line":146,"column":41}},{"start":{"line":146,"column":45},"end":{"line":146,"column":47}}],"line":146},"20":{"loc":{"start":{"line":147,"column":27},"end":{"line":147,"column":50}},"type":"binary-expr","locations":[{"start":{"line":147,"column":27},"end":{"line":147,"column":41}},{"start":{"line":147,"column":45},"end":{"line":147,"column":50}}],"line":147},"21":{"loc":{"start":{"line":176,"column":6},"end":{"line":177,"column":75}},"type":"if","locations":[{"start":{"line":176,"column":6},"end":{"line":177,"column":75}},{"start":{},"end":{}}],"line":176},"22":{"loc":{"start":{"line":190,"column":6},"end":{"line":196,"column":7}},"type":"if","locations":[{"start":{"line":190,"column":6},"end":{"line":196,"column":7}},{"start":{},"end":{}}],"line":190},"23":{"loc":{"start":{"line":216,"column":6},"end":{"line":223,"column":7}},"type":"if","locations":[{"start":{"line":216,"column":6},"end":{"line":223,"column":7}},{"start":{},"end":{}}],"line":216},"24":{"loc":{"start":{"line":239,"column":8},"end":{"line":239,"column":78}},"type":"if","locations":[{"start":{"line":239,"column":8},"end":{"line":239,"column":78}},{"start":{},"end":{}}],"line":239},"25":{"loc":{"start":{"line":239,"column":12},"end":{"line":239,"column":67}},"type":"binary-expr","locations":[{"start":{"line":239,"column":12},"end":{"line":239,"column":28}},{"start":{"line":239,"column":32},"end":{"line":239,"column":67}}],"line":239},"26":{"loc":{"start":{"line":242,"column":25},"end":{"line":244,"column":36}},"type":"cond-expr","locations":[{"start":{"line":243,"column":12},"end":{"line":243,"column":26}},{"start":{"line":244,"column":12},"end":{"line":244,"column":36}}],"line":242},"27":{"loc":{"start":{"line":246,"column":27},"end":{"line":246,"column":64}},"type":"binary-expr","locations":[{"start":{"line":246,"column":27},"end":{"line":246,"column":40}},{"start":{"line":246,"column":44},"end":{"line":246,"column":64}}],"line":246},"28":{"loc":{"start":{"line":247,"column":8},"end":{"line":251,"column":9}},"type":"if","locations":[{"start":{"line":247,"column":8},"end":{"line":251,"column":9}},{"start":{},"end":{}}],"line":247},"29":{"loc":{"start":{"line":247,"column":12},"end":{"line":247,"column":43}},"type":"binary-expr","locations":[{"start":{"line":247,"column":12},"end":{"line":247,"column":25}},{"start":{"line":247,"column":29},"end":{"line":247,"column":43}}],"line":247},"30":{"loc":{"start":{"line":252,"column":23},"end":{"line":252,"column":49}},"type":"binary-expr","locations":[{"start":{"line":252,"column":23},"end":{"line":252,"column":35}},{"start":{"line":252,"column":39},"end":{"line":252,"column":49}}],"line":252},"31":{"loc":{"start":{"line":259,"column":30},"end":{"line":261,"column":16}},"type":"cond-expr","locations":[{"start":{"line":260,"column":12},"end":{"line":260,"column":46}},{"start":{"line":261,"column":12},"end":{"line":261,"column":16}}],"line":259},"32":{"loc":{"start":{"line":265,"column":8},"end":{"line":267,"column":9}},"type":"if","locations":[{"start":{"line":265,"column":8},"end":{"line":267,"column":9}},{"start":{},"end":{}}],"line":265},"33":{"loc":{"start":{"line":268,"column":8},"end":{"line":285,"column":9}},"type":"if","locations":[{"start":{"line":268,"column":8},"end":{"line":285,"column":9}},{"start":{},"end":{}}],"line":268},"34":{"loc":{"start":{"line":269,"column":10},"end":{"line":281,"column":11}},"type":"if","locations":[{"start":{"line":269,"column":10},"end":{"line":281,"column":11}},{"start":{"line":272,"column":17},"end":{"line":281,"column":11}}],"line":269},"35":{"loc":{"start":{"line":270,"column":42},"end":{"line":270,"column":119}},"type":"cond-expr","locations":[{"start":{"line":270,"column":71},"end":{"line":270,"column":100}},{"start":{"line":270,"column":103},"end":{"line":270,"column":119}}],"line":270},"36":{"loc":{"start":{"line":271,"column":38},"end":{"line":271,"column":98}},"type":"cond-expr","locations":[{"start":{"line":271,"column":63},"end":{"line":271,"column":88}},{"start":{"line":271,"column":91},"end":{"line":271,"column":98}}],"line":271},"37":{"loc":{"start":{"line":273,"column":12},"end":{"line":273,"column":81}},"type":"if","locations":[{"start":{"line":273,"column":12},"end":{"line":273,"column":81}},{"start":{},"end":{}}],"line":273},"38":{"loc":{"start":{"line":274,"column":12},"end":{"line":274,"column":81}},"type":"if","locations":[{"start":{"line":274,"column":12},"end":{"line":274,"column":81}},{"start":{},"end":{}}],"line":274},"39":{"loc":{"start":{"line":275,"column":12},"end":{"line":280,"column":13}},"type":"if","locations":[{"start":{"line":275,"column":12},"end":{"line":280,"column":13}},{"start":{},"end":{}}],"line":275},"40":{"loc":{"start":{"line":277,"column":14},"end":{"line":279,"column":15}},"type":"if","locations":[{"start":{"line":277,"column":14},"end":{"line":279,"column":15}},{"start":{},"end":{}}],"line":277},"41":{"loc":{"start":{"line":277,"column":18},"end":{"line":277,"column":132}},"type":"binary-expr","locations":[{"start":{"line":277,"column":18},"end":{"line":277,"column":49}},{"start":{"line":277,"column":54},"end":{"line":277,"column":91}},{"start":{"line":277,"column":95},"end":{"line":277,"column":131}}],"line":277},"42":{"loc":{"start":{"line":282,"column":10},"end":{"line":282,"column":74}},"type":"if","locations":[{"start":{"line":282,"column":10},"end":{"line":282,"column":74}},{"start":{},"end":{}}],"line":282},"43":{"loc":{"start":{"line":283,"column":10},"end":{"line":284,"column":72}},"type":"if","locations":[{"start":{"line":283,"column":10},"end":{"line":284,"column":72}},{"start":{"line":284,"column":15},"end":{"line":284,"column":72}}],"line":283},"44":{"loc":{"start":{"line":284,"column":15},"end":{"line":284,"column":72}},"type":"if","locations":[{"start":{"line":284,"column":15},"end":{"line":284,"column":72}},{"start":{},"end":{}}],"line":284},"45":{"loc":{"start":{"line":288,"column":8},"end":{"line":290,"column":9}},"type":"if","locations":[{"start":{"line":288,"column":8},"end":{"line":290,"column":9}},{"start":{},"end":{}}],"line":288},"46":{"loc":{"start":{"line":288,"column":12},"end":{"line":288,"column":70}},"type":"binary-expr","locations":[{"start":{"line":288,"column":12},"end":{"line":288,"column":27}},{"start":{"line":288,"column":31},"end":{"line":288,"column":70}}],"line":288},"47":{"loc":{"start":{"line":292,"column":8},"end":{"line":295,"column":9}},"type":"if","locations":[{"start":{"line":292,"column":8},"end":{"line":295,"column":9}},{"start":{},"end":{}}],"line":292},"48":{"loc":{"start":{"line":299,"column":10},"end":{"line":301,"column":11}},"type":"if","locations":[{"start":{"line":299,"column":10},"end":{"line":301,"column":11}},{"start":{},"end":{}}],"line":299},"49":{"loc":{"start":{"line":299,"column":14},"end":{"line":299,"column":112}},"type":"binary-expr","locations":[{"start":{"line":299,"column":14},"end":{"line":299,"column":43}},{"start":{"line":299,"column":47},"end":{"line":299,"column":81}},{"start":{"line":299,"column":85},"end":{"line":299,"column":112}}],"line":299},"50":{"loc":{"start":{"line":305,"column":8},"end":{"line":316,"column":9}},"type":"if","locations":[{"start":{"line":305,"column":8},"end":{"line":316,"column":9}},{"start":{},"end":{}}],"line":305},"51":{"loc":{"start":{"line":306,"column":29},"end":{"line":306,"column":43}},"type":"binary-expr","locations":[{"start":{"line":306,"column":29},"end":{"line":306,"column":37}},{"start":{"line":306,"column":41},"end":{"line":306,"column":43}}],"line":306},"52":{"loc":{"start":{"line":307,"column":10},"end":{"line":315,"column":11}},"type":"if","locations":[{"start":{"line":307,"column":10},"end":{"line":315,"column":11}},{"start":{"line":309,"column":17},"end":{"line":315,"column":11}}],"line":307},"53":{"loc":{"start":{"line":309,"column":17},"end":{"line":315,"column":11}},"type":"if","locations":[{"start":{"line":309,"column":17},"end":{"line":315,"column":11}},{"start":{"line":311,"column":17},"end":{"line":315,"column":11}}],"line":309},"54":{"loc":{"start":{"line":311,"column":17},"end":{"line":315,"column":11}},"type":"if","locations":[{"start":{"line":311,"column":17},"end":{"line":315,"column":11}},{"start":{"line":313,"column":17},"end":{"line":315,"column":11}}],"line":311},"55":{"loc":{"start":{"line":319,"column":32},"end":{"line":319,"column":46}},"type":"binary-expr","locations":[{"start":{"line":319,"column":32},"end":{"line":319,"column":40}},{"start":{"line":319,"column":44},"end":{"line":319,"column":46}}],"line":319},"56":{"loc":{"start":{"line":320,"column":30},"end":{"line":322,"column":62}},"type":"binary-expr","locations":[{"start":{"line":320,"column":30},"end":{"line":320,"column":64}},{"start":{"line":321,"column":30},"end":{"line":321,"column":65}},{"start":{"line":322,"column":30},"end":{"line":322,"column":62}}],"line":320},"57":{"loc":{"start":{"line":324,"column":8},"end":{"line":330,"column":9}},"type":"if","locations":[{"start":{"line":324,"column":8},"end":{"line":330,"column":9}},{"start":{"line":328,"column":15},"end":{"line":330,"column":9}}],"line":324},"58":{"loc":{"start":{"line":325,"column":10},"end":{"line":327,"column":11}},"type":"if","locations":[{"start":{"line":325,"column":10},"end":{"line":327,"column":11}},{"start":{},"end":{}}],"line":325},"59":{"loc":{"start":{"line":325,"column":14},"end":{"line":325,"column":137}},"type":"binary-expr","locations":[{"start":{"line":325,"column":14},"end":{"line":325,"column":42}},{"start":{"line":325,"column":46},"end":{"line":325,"column":94}},{"start":{"line":325,"column":98},"end":{"line":325,"column":137}}],"line":325},"60":{"loc":{"start":{"line":340,"column":27},"end":{"line":342,"column":16}},"type":"cond-expr","locations":[{"start":{"line":341,"column":12},"end":{"line":341,"column":40}},{"start":{"line":342,"column":12},"end":{"line":342,"column":16}}],"line":340},"61":{"loc":{"start":{"line":343,"column":24},"end":{"line":343,"column":78}},"type":"cond-expr","locations":[{"start":{"line":343,"column":47},"end":{"line":343,"column":71}},{"start":{"line":343,"column":74},"end":{"line":343,"column":78}}],"line":343},"62":{"loc":{"start":{"line":351,"column":17},"end":{"line":351,"column":40}},"type":"binary-expr","locations":[{"start":{"line":351,"column":17},"end":{"line":351,"column":31}},{"start":{"line":351,"column":35},"end":{"line":351,"column":40}}],"line":351},"63":{"loc":{"start":{"line":353,"column":12},"end":{"line":353,"column":76}},"type":"binary-expr","locations":[{"start":{"line":353,"column":12},"end":{"line":353,"column":31}},{"start":{"line":353,"column":35},"end":{"line":353,"column":51}},{"start":{"line":353,"column":55},"end":{"line":353,"column":76}}],"line":353},"64":{"loc":{"start":{"line":355,"column":26},"end":{"line":355,"column":63}},"type":"binary-expr","locations":[{"start":{"line":355,"column":26},"end":{"line":355,"column":54}},{"start":{"line":355,"column":58},"end":{"line":355,"column":63}}],"line":355},"65":{"loc":{"start":{"line":357,"column":26},"end":{"line":357,"column":70}},"type":"cond-expr","locations":[{"start":{"line":357,"column":39},"end":{"line":357,"column":56}},{"start":{"line":357,"column":59},"end":{"line":357,"column":70}}],"line":357},"66":{"loc":{"start":{"line":378,"column":6},"end":{"line":379,"column":70}},"type":"if","locations":[{"start":{"line":378,"column":6},"end":{"line":379,"column":70}},{"start":{},"end":{}}],"line":378},"67":{"loc":{"start":{"line":383,"column":23},"end":{"line":383,"column":59}},"type":"cond-expr","locations":[{"start":{"line":383,"column":40},"end":{"line":383,"column":54}},{"start":{"line":383,"column":57},"end":{"line":383,"column":59}}],"line":383},"68":{"loc":{"start":{"line":385,"column":25},"end":{"line":385,"column":62}},"type":"binary-expr","locations":[{"start":{"line":385,"column":25},"end":{"line":385,"column":38}},{"start":{"line":385,"column":42},"end":{"line":385,"column":62}}],"line":385},"69":{"loc":{"start":{"line":386,"column":6},"end":{"line":390,"column":7}},"type":"if","locations":[{"start":{"line":386,"column":6},"end":{"line":390,"column":7}},{"start":{},"end":{}}],"line":386},"70":{"loc":{"start":{"line":386,"column":10},"end":{"line":386,"column":41}},"type":"binary-expr","locations":[{"start":{"line":386,"column":10},"end":{"line":386,"column":23}},{"start":{"line":386,"column":27},"end":{"line":386,"column":41}}],"line":386},"71":{"loc":{"start":{"line":398,"column":22},"end":{"line":398,"column":48}},"type":"binary-expr","locations":[{"start":{"line":398,"column":22},"end":{"line":398,"column":34}},{"start":{"line":398,"column":38},"end":{"line":398,"column":48}}],"line":398},"72":{"loc":{"start":{"line":399,"column":18},"end":{"line":399,"column":44}},"type":"binary-expr","locations":[{"start":{"line":399,"column":18},"end":{"line":399,"column":30}},{"start":{"line":399,"column":34},"end":{"line":399,"column":44}}],"line":399},"73":{"loc":{"start":{"line":400,"column":19},"end":{"line":400,"column":39}},"type":"binary-expr","locations":[{"start":{"line":400,"column":19},"end":{"line":400,"column":33}},{"start":{"line":400,"column":37},"end":{"line":400,"column":39}}],"line":400},"74":{"loc":{"start":{"line":401,"column":15},"end":{"line":401,"column":38}},"type":"binary-expr","locations":[{"start":{"line":401,"column":15},"end":{"line":401,"column":29}},{"start":{"line":401,"column":33},"end":{"line":401,"column":38}}],"line":401},"75":{"loc":{"start":{"line":402,"column":23},"end":{"line":402,"column":44}},"type":"binary-expr","locations":[{"start":{"line":402,"column":23},"end":{"line":402,"column":36}},{"start":{"line":402,"column":40},"end":{"line":402,"column":44}}],"line":402},"76":{"loc":{"start":{"line":415,"column":6},"end":{"line":416,"column":79}},"type":"if","locations":[{"start":{"line":415,"column":6},"end":{"line":416,"column":79}},{"start":{},"end":{}}],"line":415},"77":{"loc":{"start":{"line":415,"column":10},"end":{"line":415,"column":29}},"type":"binary-expr","locations":[{"start":{"line":415,"column":10},"end":{"line":415,"column":18}},{"start":{"line":415,"column":22},"end":{"line":415,"column":29}}],"line":415},"78":{"loc":{"start":{"line":457,"column":6},"end":{"line":464,"column":7}},"type":"if","locations":[{"start":{"line":457,"column":6},"end":{"line":464,"column":7}},{"start":{},"end":{}}],"line":457},"79":{"loc":{"start":{"line":474,"column":8},"end":{"line":474,"column":25}},"type":"if","locations":[{"start":{"line":474,"column":8},"end":{"line":474,"column":25}},{"start":{},"end":{}}],"line":474},"80":{"loc":{"start":{"line":476,"column":8},"end":{"line":481,"column":9}},"type":"if","locations":[{"start":{"line":476,"column":8},"end":{"line":481,"column":9}},{"start":{},"end":{}}],"line":476},"81":{"loc":{"start":{"line":477,"column":10},"end":{"line":478,"column":67}},"type":"binary-expr","locations":[{"start":{"line":477,"column":10},"end":{"line":477,"column":22}},{"start":{"line":478,"column":10},"end":{"line":478,"column":67}}],"line":477},"82":{"loc":{"start":{"line":488,"column":20},"end":{"line":488,"column":39}},"type":"binary-expr","locations":[{"start":{"line":488,"column":20},"end":{"line":488,"column":31}},{"start":{"line":488,"column":35},"end":{"line":488,"column":39}}],"line":488},"83":{"loc":{"start":{"line":490,"column":26},"end":{"line":490,"column":63}},"type":"binary-expr","locations":[{"start":{"line":490,"column":26},"end":{"line":490,"column":39}},{"start":{"line":490,"column":43},"end":{"line":490,"column":63}}],"line":490},"84":{"loc":{"start":{"line":491,"column":8},"end":{"line":495,"column":9}},"type":"if","locations":[{"start":{"line":491,"column":8},"end":{"line":495,"column":9}},{"start":{},"end":{}}],"line":491},"85":{"loc":{"start":{"line":491,"column":12},"end":{"line":491,"column":42}},"type":"binary-expr","locations":[{"start":{"line":491,"column":12},"end":{"line":491,"column":24}},{"start":{"line":491,"column":28},"end":{"line":491,"column":42}}],"line":491},"86":{"loc":{"start":{"line":499,"column":16},"end":{"line":499,"column":41}},"type":"binary-expr","locations":[{"start":{"line":499,"column":16},"end":{"line":499,"column":27}},{"start":{"line":499,"column":31},"end":{"line":499,"column":41}}],"line":499},"87":{"loc":{"start":{"line":500,"column":17},"end":{"line":500,"column":37}},"type":"binary-expr","locations":[{"start":{"line":500,"column":17},"end":{"line":500,"column":31}},{"start":{"line":500,"column":35},"end":{"line":500,"column":37}}],"line":500},"88":{"loc":{"start":{"line":501,"column":17},"end":{"line":501,"column":40}},"type":"binary-expr","locations":[{"start":{"line":501,"column":17},"end":{"line":501,"column":31}},{"start":{"line":501,"column":35},"end":{"line":501,"column":40}}],"line":501},"89":{"loc":{"start":{"line":502,"column":19},"end":{"line":502,"column":41}},"type":"binary-expr","locations":[{"start":{"line":502,"column":19},"end":{"line":502,"column":35}},{"start":{"line":502,"column":39},"end":{"line":502,"column":41}}],"line":502},"90":{"loc":{"start":{"line":503,"column":16},"end":{"line":503,"column":35}},"type":"binary-expr","locations":[{"start":{"line":503,"column":16},"end":{"line":503,"column":29}},{"start":{"line":503,"column":33},"end":{"line":503,"column":35}}],"line":503},"91":{"loc":{"start":{"line":504,"column":16},"end":{"line":504,"column":43}},"type":"binary-expr","locations":[{"start":{"line":504,"column":16},"end":{"line":504,"column":29}},{"start":{"line":504,"column":33},"end":{"line":504,"column":43}}],"line":504},"92":{"loc":{"start":{"line":505,"column":19},"end":{"line":505,"column":43}},"type":"binary-expr","locations":[{"start":{"line":505,"column":19},"end":{"line":505,"column":35}},{"start":{"line":505,"column":39},"end":{"line":505,"column":43}}],"line":505},"93":{"loc":{"start":{"line":506,"column":23},"end":{"line":506,"column":51}},"type":"binary-expr","locations":[{"start":{"line":506,"column":23},"end":{"line":506,"column":43}},{"start":{"line":506,"column":47},"end":{"line":506,"column":51}}],"line":506},"94":{"loc":{"start":{"line":508,"column":24},"end":{"line":519,"column":18}},"type":"cond-expr","locations":[{"start":{"line":509,"column":14},"end":{"line":518,"column":15}},{"start":{"line":519,"column":14},"end":{"line":519,"column":18}}],"line":508},"95":{"loc":{"start":{"line":515,"column":35},"end":{"line":515,"column":64}},"type":"binary-expr","locations":[{"start":{"line":515,"column":35},"end":{"line":515,"column":59}},{"start":{"line":515,"column":63},"end":{"line":515,"column":64}}],"line":515},"96":{"loc":{"start":{"line":516,"column":31},"end":{"line":516,"column":53}},"type":"binary-expr","locations":[{"start":{"line":516,"column":31},"end":{"line":516,"column":48}},{"start":{"line":516,"column":52},"end":{"line":516,"column":53}}],"line":516},"97":{"loc":{"start":{"line":525,"column":24},"end":{"line":525,"column":67}},"type":"cond-expr","locations":[{"start":{"line":525,"column":62},"end":{"line":525,"column":63}},{"start":{"line":525,"column":66},"end":{"line":525,"column":67}}],"line":525},"98":{"loc":{"start":{"line":526,"column":24},"end":{"line":526,"column":67}},"type":"cond-expr","locations":[{"start":{"line":526,"column":62},"end":{"line":526,"column":63}},{"start":{"line":526,"column":66},"end":{"line":526,"column":67}}],"line":526},"99":{"loc":{"start":{"line":527,"column":8},"end":{"line":527,"column":58}},"type":"if","locations":[{"start":{"line":527,"column":8},"end":{"line":527,"column":58}},{"start":{},"end":{}}],"line":527},"100":{"loc":{"start":{"line":548,"column":6},"end":{"line":550,"column":7}},"type":"if","locations":[{"start":{"line":548,"column":6},"end":{"line":550,"column":7}},{"start":{},"end":{}}],"line":548},"101":{"loc":{"start":{"line":553,"column":24},"end":{"line":553,"column":61}},"type":"binary-expr","locations":[{"start":{"line":553,"column":24},"end":{"line":553,"column":37}},{"start":{"line":553,"column":41},"end":{"line":553,"column":61}}],"line":553},"102":{"loc":{"start":{"line":554,"column":6},"end":{"line":558,"column":7}},"type":"if","locations":[{"start":{"line":554,"column":6},"end":{"line":558,"column":7}},{"start":{},"end":{}}],"line":554},"103":{"loc":{"start":{"line":554,"column":10},"end":{"line":554,"column":40}},"type":"binary-expr","locations":[{"start":{"line":554,"column":10},"end":{"line":554,"column":22}},{"start":{"line":554,"column":26},"end":{"line":554,"column":40}}],"line":554},"104":{"loc":{"start":{"line":567,"column":6},"end":{"line":573,"column":7}},"type":"if","locations":[{"start":{"line":567,"column":6},"end":{"line":573,"column":7}},{"start":{},"end":{}}],"line":567},"105":{"loc":{"start":{"line":577,"column":6},"end":{"line":582,"column":7}},"type":"if","locations":[{"start":{"line":577,"column":6},"end":{"line":582,"column":7}},{"start":{},"end":{}}],"line":577},"106":{"loc":{"start":{"line":594,"column":14},"end":{"line":594,"column":39}},"type":"binary-expr","locations":[{"start":{"line":594,"column":14},"end":{"line":594,"column":25}},{"start":{"line":594,"column":29},"end":{"line":594,"column":39}}],"line":594},"107":{"loc":{"start":{"line":595,"column":15},"end":{"line":595,"column":35}},"type":"binary-expr","locations":[{"start":{"line":595,"column":15},"end":{"line":595,"column":29}},{"start":{"line":595,"column":33},"end":{"line":595,"column":35}}],"line":595},"108":{"loc":{"start":{"line":596,"column":15},"end":{"line":596,"column":38}},"type":"binary-expr","locations":[{"start":{"line":596,"column":15},"end":{"line":596,"column":29}},{"start":{"line":596,"column":33},"end":{"line":596,"column":38}}],"line":596},"109":{"loc":{"start":{"line":597,"column":17},"end":{"line":597,"column":39}},"type":"binary-expr","locations":[{"start":{"line":597,"column":17},"end":{"line":597,"column":33}},{"start":{"line":597,"column":37},"end":{"line":597,"column":39}}],"line":597},"110":{"loc":{"start":{"line":598,"column":14},"end":{"line":598,"column":33}},"type":"binary-expr","locations":[{"start":{"line":598,"column":14},"end":{"line":598,"column":27}},{"start":{"line":598,"column":31},"end":{"line":598,"column":33}}],"line":598},"111":{"loc":{"start":{"line":599,"column":14},"end":{"line":599,"column":41}},"type":"binary-expr","locations":[{"start":{"line":599,"column":14},"end":{"line":599,"column":27}},{"start":{"line":599,"column":31},"end":{"line":599,"column":41}}],"line":599},"112":{"loc":{"start":{"line":600,"column":17},"end":{"line":600,"column":41}},"type":"binary-expr","locations":[{"start":{"line":600,"column":17},"end":{"line":600,"column":33}},{"start":{"line":600,"column":37},"end":{"line":600,"column":41}}],"line":600},"113":{"loc":{"start":{"line":601,"column":21},"end":{"line":601,"column":49}},"type":"binary-expr","locations":[{"start":{"line":601,"column":21},"end":{"line":601,"column":41}},{"start":{"line":601,"column":45},"end":{"line":601,"column":49}}],"line":601},"114":{"loc":{"start":{"line":602,"column":24},"end":{"line":602,"column":53}},"type":"binary-expr","locations":[{"start":{"line":602,"column":24},"end":{"line":602,"column":47}},{"start":{"line":602,"column":51},"end":{"line":602,"column":53}}],"line":602},"115":{"loc":{"start":{"line":622,"column":6},"end":{"line":624,"column":7}},"type":"if","locations":[{"start":{"line":622,"column":6},"end":{"line":624,"column":7}},{"start":{},"end":{}}],"line":622},"116":{"loc":{"start":{"line":627,"column":6},"end":{"line":688,"column":7}},"type":"if","locations":[{"start":{"line":627,"column":6},"end":{"line":688,"column":7}},{"start":{},"end":{}}],"line":627},"117":{"loc":{"start":{"line":629,"column":8},"end":{"line":686,"column":9}},"type":"if","locations":[{"start":{"line":629,"column":8},"end":{"line":686,"column":9}},{"start":{},"end":{}}],"line":629},"118":{"loc":{"start":{"line":631,"column":33},"end":{"line":631,"column":65}},"type":"binary-expr","locations":[{"start":{"line":631,"column":33},"end":{"line":631,"column":59}},{"start":{"line":631,"column":63},"end":{"line":631,"column":65}}],"line":631},"119":{"loc":{"start":{"line":632,"column":10},"end":{"line":634,"column":11}},"type":"if","locations":[{"start":{"line":632,"column":10},"end":{"line":634,"column":11}},{"start":{},"end":{}}],"line":632},"120":{"loc":{"start":{"line":632,"column":14},"end":{"line":632,"column":79}},"type":"binary-expr","locations":[{"start":{"line":632,"column":14},"end":{"line":632,"column":45}},{"start":{"line":632,"column":49},"end":{"line":632,"column":79}}],"line":632},"121":{"loc":{"start":{"line":635,"column":10},"end":{"line":637,"column":11}},"type":"if","locations":[{"start":{"line":635,"column":10},"end":{"line":637,"column":11}},{"start":{},"end":{}}],"line":635},"122":{"loc":{"start":{"line":640,"column":32},"end":{"line":640,"column":56}},"type":"binary-expr","locations":[{"start":{"line":640,"column":32},"end":{"line":640,"column":45}},{"start":{"line":640,"column":49},"end":{"line":640,"column":56}}],"line":640},"123":{"loc":{"start":{"line":645,"column":28},"end":{"line":645,"column":86}},"type":"binary-expr","locations":[{"start":{"line":645,"column":28},"end":{"line":645,"column":59}},{"start":{"line":645,"column":63},"end":{"line":645,"column":81}},{"start":{"line":645,"column":85},"end":{"line":645,"column":86}}],"line":645},"124":{"loc":{"start":{"line":649,"column":27},"end":{"line":649,"column":63}},"type":"cond-expr","locations":[{"start":{"line":649,"column":44},"end":{"line":649,"column":58}},{"start":{"line":649,"column":61},"end":{"line":649,"column":63}}],"line":649},"125":{"loc":{"start":{"line":655,"column":22},"end":{"line":655,"column":92}},"type":"binary-expr","locations":[{"start":{"line":655,"column":22},"end":{"line":655,"column":35}},{"start":{"line":655,"column":39},"end":{"line":655,"column":59}},{"start":{"line":655,"column":63},"end":{"line":655,"column":92}}],"line":655},"126":{"loc":{"start":{"line":693,"column":29},"end":{"line":693,"column":54}},"type":"binary-expr","locations":[{"start":{"line":693,"column":29},"end":{"line":693,"column":48}},{"start":{"line":693,"column":52},"end":{"line":693,"column":54}}],"line":693},"127":{"loc":{"start":{"line":694,"column":6},"end":{"line":696,"column":7}},"type":"if","locations":[{"start":{"line":694,"column":6},"end":{"line":696,"column":7}},{"start":{},"end":{}}],"line":694},"128":{"loc":{"start":{"line":694,"column":10},"end":{"line":694,"column":75}},"type":"binary-expr","locations":[{"start":{"line":694,"column":10},"end":{"line":694,"column":41}},{"start":{"line":694,"column":45},"end":{"line":694,"column":75}}],"line":694},"129":{"loc":{"start":{"line":698,"column":6},"end":{"line":700,"column":7}},"type":"if","locations":[{"start":{"line":698,"column":6},"end":{"line":700,"column":7}},{"start":{},"end":{}}],"line":698},"130":{"loc":{"start":{"line":705,"column":28},"end":{"line":705,"column":52}},"type":"binary-expr","locations":[{"start":{"line":705,"column":28},"end":{"line":705,"column":41}},{"start":{"line":705,"column":45},"end":{"line":705,"column":52}}],"line":705},"131":{"loc":{"start":{"line":712,"column":23},"end":{"line":712,"column":59}},"type":"cond-expr","locations":[{"start":{"line":712,"column":40},"end":{"line":712,"column":54}},{"start":{"line":712,"column":57},"end":{"line":712,"column":59}}],"line":712},"132":{"loc":{"start":{"line":718,"column":18},"end":{"line":718,"column":88}},"type":"binary-expr","locations":[{"start":{"line":718,"column":18},"end":{"line":718,"column":31}},{"start":{"line":718,"column":35},"end":{"line":718,"column":55}},{"start":{"line":718,"column":59},"end":{"line":718,"column":88}}],"line":718},"133":{"loc":{"start":{"line":719,"column":16},"end":{"line":719,"column":32}},"type":"binary-expr","locations":[{"start":{"line":719,"column":16},"end":{"line":719,"column":27}},{"start":{"line":719,"column":31},"end":{"line":719,"column":32}}],"line":719},"134":{"loc":{"start":{"line":732,"column":40},"end":{"line":732,"column":56}},"type":"binary-expr","locations":[{"start":{"line":732,"column":40},"end":{"line":732,"column":51}},{"start":{"line":732,"column":55},"end":{"line":732,"column":56}}],"line":732},"135":{"loc":{"start":{"line":739,"column":61},"end":{"line":739,"column":77}},"type":"binary-expr","locations":[{"start":{"line":739,"column":61},"end":{"line":739,"column":72}},{"start":{"line":739,"column":76},"end":{"line":739,"column":77}}],"line":739},"136":{"loc":{"start":{"line":764,"column":6},"end":{"line":766,"column":7}},"type":"if","locations":[{"start":{"line":764,"column":6},"end":{"line":766,"column":7}},{"start":{},"end":{}}],"line":764},"137":{"loc":{"start":{"line":769,"column":6},"end":{"line":771,"column":7}},"type":"if","locations":[{"start":{"line":769,"column":6},"end":{"line":771,"column":7}},{"start":{},"end":{}}],"line":769},"138":{"loc":{"start":{"line":776,"column":29},"end":{"line":776,"column":61}},"type":"binary-expr","locations":[{"start":{"line":776,"column":29},"end":{"line":776,"column":55}},{"start":{"line":776,"column":59},"end":{"line":776,"column":61}}],"line":776},"139":{"loc":{"start":{"line":777,"column":6},"end":{"line":779,"column":7}},"type":"if","locations":[{"start":{"line":777,"column":6},"end":{"line":779,"column":7}},{"start":{},"end":{}}],"line":777},"140":{"loc":{"start":{"line":777,"column":10},"end":{"line":777,"column":75}},"type":"binary-expr","locations":[{"start":{"line":777,"column":10},"end":{"line":777,"column":41}},{"start":{"line":777,"column":45},"end":{"line":777,"column":75}}],"line":777},"141":{"loc":{"start":{"line":781,"column":6},"end":{"line":783,"column":7}},"type":"if","locations":[{"start":{"line":781,"column":6},"end":{"line":783,"column":7}},{"start":{},"end":{}}],"line":781},"142":{"loc":{"start":{"line":788,"column":28},"end":{"line":788,"column":52}},"type":"binary-expr","locations":[{"start":{"line":788,"column":28},"end":{"line":788,"column":41}},{"start":{"line":788,"column":45},"end":{"line":788,"column":52}}],"line":788},"143":{"loc":{"start":{"line":793,"column":24},"end":{"line":793,"column":82}},"type":"binary-expr","locations":[{"start":{"line":793,"column":24},"end":{"line":793,"column":55}},{"start":{"line":793,"column":59},"end":{"line":793,"column":77}},{"start":{"line":793,"column":81},"end":{"line":793,"column":82}}],"line":793},"144":{"loc":{"start":{"line":797,"column":23},"end":{"line":797,"column":59}},"type":"cond-expr","locations":[{"start":{"line":797,"column":40},"end":{"line":797,"column":54}},{"start":{"line":797,"column":57},"end":{"line":797,"column":59}}],"line":797},"145":{"loc":{"start":{"line":803,"column":18},"end":{"line":803,"column":88}},"type":"binary-expr","locations":[{"start":{"line":803,"column":18},"end":{"line":803,"column":31}},{"start":{"line":803,"column":35},"end":{"line":803,"column":55}},{"start":{"line":803,"column":59},"end":{"line":803,"column":88}}],"line":803},"146":{"loc":{"start":{"line":853,"column":6},"end":{"line":859,"column":7}},"type":"if","locations":[{"start":{"line":853,"column":6},"end":{"line":859,"column":7}},{"start":{},"end":{}}],"line":853},"147":{"loc":{"start":{"line":853,"column":10},"end":{"line":853,"column":36}},"type":"binary-expr","locations":[{"start":{"line":853,"column":10},"end":{"line":853,"column":25}},{"start":{"line":853,"column":29},"end":{"line":853,"column":36}}],"line":853},"148":{"loc":{"start":{"line":866,"column":6},"end":{"line":868,"column":7}},"type":"if","locations":[{"start":{"line":866,"column":6},"end":{"line":868,"column":7}},{"start":{},"end":{}}],"line":866},"149":{"loc":{"start":{"line":871,"column":6},"end":{"line":877,"column":7}},"type":"if","locations":[{"start":{"line":871,"column":6},"end":{"line":877,"column":7}},{"start":{},"end":{}}],"line":871},"150":{"loc":{"start":{"line":879,"column":6},"end":{"line":885,"column":7}},"type":"if","locations":[{"start":{"line":879,"column":6},"end":{"line":885,"column":7}},{"start":{},"end":{}}],"line":879},"151":{"loc":{"start":{"line":903,"column":6},"end":{"line":912,"column":7}},"type":"if","locations":[{"start":{"line":903,"column":6},"end":{"line":912,"column":7}},{"start":{},"end":{}}],"line":903},"152":{"loc":{"start":{"line":975,"column":6},"end":{"line":977,"column":7}},"type":"if","locations":[{"start":{"line":975,"column":6},"end":{"line":977,"column":7}},{"start":{},"end":{}}],"line":975},"153":{"loc":{"start":{"line":975,"column":10},"end":{"line":975,"column":66}},"type":"binary-expr","locations":[{"start":{"line":975,"column":10},"end":{"line":975,"column":20}},{"start":{"line":975,"column":24},"end":{"line":975,"column":40}},{"start":{"line":975,"column":44},"end":{"line":975,"column":66}}],"line":975},"154":{"loc":{"start":{"line":993,"column":6},"end":{"line":995,"column":7}},"type":"if","locations":[{"start":{"line":993,"column":6},"end":{"line":995,"column":7}},{"start":{},"end":{}}],"line":993},"155":{"loc":{"start":{"line":1005,"column":10},"end":{"line":1008,"column":11}},"type":"if","locations":[{"start":{"line":1005,"column":10},"end":{"line":1008,"column":11}},{"start":{},"end":{}}],"line":1005},"156":{"loc":{"start":{"line":1046,"column":6},"end":{"line":1048,"column":7}},"type":"if","locations":[{"start":{"line":1046,"column":6},"end":{"line":1048,"column":7}},{"start":{},"end":{}}],"line":1046},"157":{"loc":{"start":{"line":1056,"column":6},"end":{"line":1058,"column":7}},"type":"if","locations":[{"start":{"line":1056,"column":6},"end":{"line":1058,"column":7}},{"start":{},"end":{}}],"line":1056}},"s":{"0":1,"1":1,"2":1,"3":1,"4":1,"5":1,"6":4,"7":4,"8":4,"9":1,"10":3,"11":2,"12":2,"13":2,"14":2,"15":2,"16":1,"17":2,"18":2,"19":2,"20":2,"21":2,"22":2,"23":5,"24":5,"25":5,"26":3,"27":3,"28":2,"29":2,"30":8,"31":8,"32":8,"33":8,"34":3,"35":3,"36":1,"37":2,"38":2,"39":2,"40":8,"41":8,"42":6,"43":2,"44":8,"45":7,"46":2,"47":8,"48":2,"49":5,"50":2,"51":2,"52":2,"53":2,"54":1,"55":1,"56":4,"57":4,"58":4,"59":1,"60":3,"61":2,"62":6,"63":6,"64":5,"65":4,"66":4,"67":4,"68":1,"69":1,"70":4,"71":1,"72":2,"73":2,"74":2,"75":1,"76":1,"77":4,"78":4,"79":4,"80":1,"81":3,"82":3,"83":3,"84":2,"85":2,"86":1,"87":1,"88":1,"89":1,"90":2,"91":2,"92":2,"93":2,"94":2,"95":1,"96":1,"97":5,"98":5,"99":5,"100":1,"101":4,"102":4,"103":4,"104":4,"105":3,"106":3,"107":12,"108":12,"109":1,"110":11,"111":11,"112":11,"113":11,"114":4,"115":4,"116":11,"117":11,"118":11,"119":11,"120":11,"121":11,"122":11,"123":11,"124":10,"125":11,"126":5,"127":2,"128":2,"129":3,"130":1,"131":3,"132":1,"133":3,"134":2,"135":2,"136":1,"137":5,"138":3,"139":5,"140":1,"141":4,"142":2,"143":11,"144":1,"145":11,"146":1,"147":1,"148":11,"149":16,"150":1,"151":11,"152":6,"153":6,"154":1,"155":5,"156":1,"157":4,"158":2,"159":2,"160":11,"161":11,"162":11,"163":9,"164":8,"165":2,"166":11,"167":11,"168":11,"169":11,"170":3,"171":3,"172":3,"173":1,"174":1,"175":4,"176":4,"177":4,"178":3,"179":1,"180":2,"181":2,"182":2,"183":2,"184":2,"185":1,"186":1,"187":2,"188":2,"189":2,"190":2,"191":1,"192":1,"193":3,"194":3,"195":3,"196":1,"197":2,"198":1,"199":1,"200":1,"201":1,"202":1,"203":2,"204":2,"205":2,"206":1,"207":1,"208":1,"209":1,"210":1,"211":3,"212":3,"213":3,"214":1,"215":2,"216":1,"217":1,"218":1,"219":6,"220":6,"221":6,"222":1,"223":5,"224":4,"225":1,"226":1,"227":5,"228":5,"229":5,"230":5,"231":5,"232":1,"233":1,"234":5,"235":1,"236":6,"237":6,"238":6,"239":2,"240":4,"241":1,"242":1,"243":1,"244":1,"245":4,"246":4,"247":4,"248":3,"249":1,"250":2,"251":2,"252":2,"253":1,"254":1,"255":2,"256":2,"257":2,"258":1,"259":2,"260":1,"261":1,"262":1,"263":2,"264":2,"265":1,"266":1,"267":2,"268":2,"269":2,"270":2,"271":2,"272":2,"273":1,"274":1,"275":13,"276":13,"277":13,"278":1,"279":12,"280":11,"281":6,"282":6,"283":5,"284":5,"285":5,"286":1,"287":4,"288":1,"289":3,"290":3,"291":3,"292":3,"293":3,"294":3,"295":3,"296":1,"297":3,"298":3,"299":1,"300":3,"301":3,"302":3,"303":3,"304":3,"305":3,"306":1,"307":5,"308":5,"309":5,"310":2,"311":3,"312":1,"313":2,"314":2,"315":2,"316":2,"317":2,"318":1,"319":2,"320":2,"321":2,"322":1,"323":2,"324":2,"325":2,"326":2,"327":1,"328":1,"329":9,"330":9,"331":9,"332":1,"333":8,"334":7,"335":1,"336":6,"3
[...]
olumn":6},"end":{"line":323,"column":7}},"type":"if","locations":[{"start":{"line":317,"column":6},"end":{"line":323,"column":7}},{"start":{},"end":{}}],"line":317},"53":{"loc":{"start":{"line":326,"column":27},"end":{"line":326,"column":49}},"type":"binary-expr","locations":[{"start":{"line":326,"column":27},"end":{"line":326,"column":43}},{"start":{"line":326,"column":47},"end":{"line":326,"column":49}}],"line":326},"54":{"loc":{"start":{"line":329,"column":6},"end":{"line":331,"column":7}},"type":"if","locations":[{"start":{"line":329,"column":6},"end":{"line":331,"column":7}},{"start":{},"end":{}}],"line":329},"55":{"loc":{"start":{"line":355,"column":28},"end":{"line":355,"column":57}},"type":"binary-expr","locations":[{"start":{"line":355,"column":28},"end":{"line":355,"column":52}},{"start":{"line":355,"column":56},"end":{"line":355,"column":57}}],"line":355},"56":{"loc":{"start":{"line":368,"column":6},"end":{"line":370,"column":7}},"type":"if","locations":[{"start":{"line":368,"column":6},"end":{"line":370,"column":7}},{"start":{},"end":{}}],"line":368},"57":{"loc":{"start":{"line":371,"column":6},"end":{"line":373,"column":7}},"type":"if","locations":[{"start":{"line":371,"column":6},"end":{"line":373,"column":7}},{"start":{},"end":{}}],"line":371},"58":{"loc":{"start":{"line":371,"column":10},"end":{"line":371,"column":45}},"type":"binary-expr","locations":[{"start":{"line":371,"column":10},"end":{"line":371,"column":17}},{"start":{"line":371,"column":21},"end":{"line":371,"column":31}},{"start":{"line":371,"column":35},"end":{"line":371,"column":45}}],"line":371},"59":{"loc":{"start":{"line":374,"column":6},"end":{"line":376,"column":7}},"type":"if","locations":[{"start":{"line":374,"column":6},"end":{"line":376,"column":7}},{"start":{},"end":{}}],"line":374},"60":{"loc":{"start":{"line":374,"column":10},"end":{"line":374,"column":28}},"type":"binary-expr","locations":[{"start":{"line":374,"column":10},"end":{"line":374,"column":16}},{"start":{"line":374,"column":20},"end":{"line":374,"column":28}}],"line":374},"61":{"loc":{"start":{"line":379,"column":6},"end":{"line":381,"column":7}},"type":"if","locations":[{"start":{"line":379,"column":6},"end":{"line":381,"column":7}},{"start":{},"end":{}}],"line":379},"62":{"loc":{"start":{"line":383,"column":6},"end":{"line":385,"column":7}},"type":"if","locations":[{"start":{"line":383,"column":6},"end":{"line":385,"column":7}},{"start":{},"end":{}}],"line":383},"63":{"loc":{"start":{"line":394,"column":18},"end":{"line":394,"column":46}},"type":"binary-expr","locations":[{"start":{"line":394,"column":18},"end":{"line":394,"column":22}},{"start":{"line":394,"column":26},"end":{"line":394,"column":31}},{"start":{"line":394,"column":35},"end":{"line":394,"column":46}}],"line":394},"64":{"loc":{"start":{"line":395,"column":19},"end":{"line":395,"column":30}},"type":"binary-expr","locations":[{"start":{"line":395,"column":19},"end":{"line":395,"column":24}},{"start":{"line":395,"column":28},"end":{"line":395,"column":30}}],"line":395},"65":{"loc":{"start":{"line":397,"column":14},"end":{"line":397,"column":40}},"type":"binary-expr","locations":[{"start":{"line":397,"column":14},"end":{"line":397,"column":22}},{"start":{"line":397,"column":26},"end":{"line":397,"column":40}}],"line":397}},"s":{"0":1,"1":1,"2":1,"3":22,"4":22,"5":22,"6":22,"7":1,"8":21,"9":21,"10":21,"11":4,"12":1,"13":3,"14":3,"15":3,"16":3,"17":2,"18":1,"19":1,"20":1,"21":18,"22":18,"23":18,"24":9,"25":9,"26":9,"27":1,"28":8,"29":1,"30":7,"31":7,"32":1,"33":6,"34":1,"35":5,"36":1,"37":4,"38":1,"39":3,"40":2,"41":2,"42":1,"43":4,"44":4,"45":4,"46":1,"47":13,"48":13,"49":11,"50":11,"51":4,"52":4,"53":3,"54":3,"55":2,"56":13,"57":13,"58":12,"59":12,"60":1,"61":12,"62":12,"63":12,"64":12,"65":12,"66":1,"67":1,"68":6,"69":6,"70":6,"71":6,"72":4,"73":3,"74":1,"75":2,"76":2,"77":1,"78":1,"79":2,"80":2,"81":1,"82":1,"83":1,"84":1,"85":1,"86":1,"87":7,"88":7,"89":7,"90":7,"91":5,"92":4,"93":1,"94":3,"95":3,"96":1,"97":2,"98":4,"99":1,"100":3,"101":2,"102":2,"103":1,"104":3,"105":3,"106":3,"107":3,"108":3,"109":3,"110":3,"111":4,"112":4,"113":1,"114":3,"115":1,"116":1,"117":1,"118":1,"119":3,"120":3,"121":3,"122":3,"123":3,"124":1,"125":1,"126":9,"127":9,"128":9,"129":9,"130":1,"131":8,"132":4,"133":4,"134":1,"135":3,"136":3,"137":1,"138":4,"139":5,"140":1,"141":4,"142":1,"143":3,"144":3,"145":1,"146":2,"147":2,"148":2,"149":2,"150":2,"151":1,"152":1,"153":8,"154":8,"155":8,"156":8,"157":1,"158":7,"159":1,"160":6,"161":1,"162":5,"163":4,"164":1,"165":3,"166":3,"167":1,"168":2,"169":2,"170":2,"171":2,"172":2,"173":2,"174":2,"175":2,"176":1,"177":1,"178":1},"f":{"0":22,"1":1,"2":2,"3":1,"4":6,"5":7,"6":1,"7":4,"8":1,"9":9,"10":8},"b":{"0":[1,21],"1":[2,19],"2":[2,1],"3":[21,21,1],"4":[4,17],"5":[21,18],"6":[1,3],"7":[1,1],"8":[9,9],"9":[1,8],"10":[1,7],"11":[1,6],"12":[7,1],"13":[1,5],"14":[6,6],"15":[1,4],"16":[5,1],"17":[1,3],"18":[2,1],"19":[1,1],"20":[2,1],"21":[11,2],"22":[13,12],"23":[4,7],"24":[3,1],"25":[1,12],"26":[13,12],"27":[13,9],"28":[3,9],"29":[3,9],"30":[3,3],"31":[9,8],"32":[12,11],"33":[4,2],"34":[1,2],"35":[1,1],"36":[1,1],"37":[5,2],"38":[1,3],"39":[1,2],"40":[1,3],"41":[4,3],"42":[2,1],"43":[3,2],"44":[1,3],"45":[4,3,2],"46":[1,2],"47":[1,8],"48":[4,4],"49":[1,3],"50":[1,2],"51":[1,4],"52":[1,3],"53":[3,1],"54":[1,2],"55":[2,1],"56":[1,7],"57":[1,6],"58":[7,7,7],"59":[1,5],"60":[6,5],"61":[1,3],"62":[1,2],"63":[2,1,1],"64":[2,1],"65":[2,1]},"_coverageSchema":"1a1c01bbd47fc00a2c39e90264f33305004495a9","hash":"215d7e1de981b71e0a89c122af8bbdb377b1b656"}
,"/home/zanyxizion/Desktop/GKR/backend/src/services/email.service.js": {"path":"/home/zanyxizion/Desktop/GKR/backend/src/services/email.service.js","statementMap":{"0":{"start":{"line":1,"column":19},"end":{"line":1,"column":40}},"1":{"start":{"line":2,"column":15},"end":{"line":2,"column":46}},"2":{"start":{"line":3,"column":14},"end":{"line":3,"column":30}},"3":{"start":{"line":10,"column":4},"end":{"line":10,"column":55}},"4":{"start":{"line":10,"column":45},"end":{"line":10,"column":55}},"5":{"start":{"line":11,"column":4},"end":{"line":23,"column":6}},"6":{"start":{"line":30,"column":4},"end":{"line":32,"column":5}},"7":{"start":{"line":31,"column":6},"end":{"line":31,"column":83}},"8":{"start":{"line":34,"column":21},"end":{"line":34,"column":23}},"9":{"start":{"line":35,"column":4},"end":{"line":43,"column":5}},"10":{"start":{"line":36,"column":6},"end":{"line":36,"column":25}},"11":{"start":{"line":37,"column":11},"end":{"line":43,"column":5}},"12":{"start":{"line":38,"column":6},"end":{"line":42,"column":10}},"13":{"start":{"line":38,"column":50},"end":{"line":42,"column":7}},"14":{"start":{"line":45,"column":17},"end":{"line":51,"column":15}},"15":{"start":{"line":45,"column":40},"end":{"line":51,"column":5}},"16":{"start":{"line":53,"column":4},"end":{"line":66,"column":6}},"17":{"start":{"line":83,"column":4},"end":{"line":275,"column":5}},"18":{"start":{"line":84,"column":6},"end":{"line":87,"column":7}},"19":{"start":{"line":85,"column":8},"end":{"line":85,"column":66}},"20":{"start":{"line":86,"column":8},"end":{"line":86,"column":21}},"21":{"start":{"line":89,"column":30},"end":{"line":89,"column":55}},"22":{"start":{"line":90,"column":26},"end":{"line":92,"column":100}},"23":{"start":{"line":94,"column":23},"end":{"line":94,"column":25}},"24":{"start":{"line":95,"column":22},"end":{"line":95,"column":41}},"25":{"start":{"line":97,"column":6},"end":{"line":114,"column":7}},"26":{"start":{"line":98,"column":8},"end":{"line":98,"column":44}},"27":{"start":{"line":99,"column":25},"end":{"line":99,"column":72}},"28":{"start":{"line":100,"column":8},"end":{"line":103,"column":10}},"29":{"start":{"line":104,"column":13},"end":{"line":114,"column":7}},"30":{"start":{"line":105,"column":8},"end":{"line":105,"column":43}},"31":{"start":{"line":106,"column":25},"end":{"line":106,"column":72}},"32":{"start":{"line":107,"column":8},"end":{"line":110,"column":10}},"33":{"start":{"line":112,"column":8},"end":{"line":112,"column":37}},"34":{"start":{"line":113,"column":8},"end":{"line":113,"column":53}},"35":{"start":{"line":116,"column":26},"end":{"line":206,"column":7}},"36":{"start":{"line":209,"column":23},"end":{"line":209,"column":39}},"37":{"start":{"line":210,"column":23},"end":{"line":210,"column":39}},"38":{"start":{"line":211,"column":27},"end":{"line":211,"column":48}},"39":{"start":{"line":212,"column":24},"end":{"line":212,"column":87}},"40":{"start":{"line":215,"column":6},"end":{"line":235,"column":7}},"41":{"start":{"line":216,"column":8},"end":{"line":234,"column":9}},"42":{"start":{"line":217,"column":10},"end":{"line":228,"column":13}},"43":{"start":{"line":229,"column":10},"end":{"line":229,"column":97}},"44":{"start":{"line":230,"column":10},"end":{"line":230,"column":22}},"45":{"start":{"line":232,"column":27},"end":{"line":232,"column":76}},"46":{"start":{"line":233,"column":10},"end":{"line":233,"column":94}},"47":{"start":{"line":238,"column":6},"end":{"line":249,"column":7}},"48":{"start":{"line":239,"column":8},"end":{"line":239,"column":81}},"49":{"start":{"line":240,"column":8},"end":{"line":240,"column":80}},"50":{"start":{"line":241,"column":8},"end":{"line":241,"column":76}},"51":{"start":{"line":242,"column":8},"end":{"line":242,"column":73}},"52":{"start":{"line":243,"column":8},"end":{"line":243,"column":62}},"53":{"start":{"line":244,"column":8},"end":{"line":244,"column":60}},"54":{"start":{"line":245,"column":8},"end":{"line":245,"column":79}},"55":{"start":{"line":246,"column":8},"end":{"line":246,"column":100}},"56":{"start":{"line":247,"column":8},"end":{"line":247,"column":81}},"57":{"start":{"line":248,"column":8},"end":{"line":248,"column":20}},"58":{"start":{"line":251,"column":26},"end":{"line":260,"column":8}},"59":{"start":{"line":262,"column":26},"end":{"line":267,"column":7}},"60":{"start":{"line":269,"column":6},"end":{"line":269,"column":46}},"61":{"start":{"line":270,"column":6},"end":{"line":270,"column":82}},"62":{"start":{"line":271,"column":6},"end":{"line":271,"column":18}},"63":{"start":{"line":273,"column":6},"end":{"line":273,"column":72}},"64":{"start":{"line":274,"column":6},"end":{"line":274,"column":19}},"65":{"start":{"line":279,"column":0},"end":{"line":279,"column":30}}},"fnMap":{"0":{"name":"(anonymous_0)","decl":{"start":{"line":9,"column":2},"end":{"line":9,"column":3}},"loc":{"start":{"line":9,"column":43},"end":{"line":24,"column":3}},"line":9},"1":{"name":"(anonymous_1)","decl":{"start":{"line":29,"column":2},"end":{"line":29,"column":3}},"loc":{"start":{"line":29,"column":34},"end":{"line":67,"column":3}},"line":29},"2":{"name":"(anonymous_2)","decl":{"start":{"line":38,"column":42},"end":{"line":38,"column":43}},"loc":{"start":{"line":38,"column":50},"end":{"line":42,"column":7}},"line":38},"3":{"name":"(anonymous_3)","decl":{"start":{"line":45,"column":32},"end":{"line":45,"column":33}},"loc":{"start":{"line":45,"column":40},"end":{"line":51,"column":5}},"line":45},"4":{"name":"(anonymous_4)","decl":{"start":{"line":72,"column":2},"end":{"line":72,"column":3}},"loc":{"start":{"line":82,"column":5},"end":{"line":276,"column":3}},"line":82}},"branchMap":{"0":{"loc":{"start":{"line":10,"column":4},"end":{"line":10,"column":55}},"type":"if","locations":[{"start":{"line":10,"column":4},"end":{"line":10,"column":55}},{"start":{},"end":{}}],"line":10},"1":{"loc":{"start":{"line":10,"column":8},"end":{"line":10,"column":43}},"type":"binary-expr","locations":[{"start":{"line":10,"column":8},"end":{"line":10,"column":20}},{"start":{"line":10,"column":24},"end":{"line":10,"column":43}}],"line":10},"2":{"loc":{"start":{"line":15,"column":44},"end":{"line":15,"column":75}},"type":"binary-expr","locations":[{"start":{"line":15,"column":44},"end":{"line":15,"column":64}},{"start":{"line":15,"column":68},"end":{"line":15,"column":75}}],"line":15},"3":{"loc":{"start":{"line":16,"column":39},"end":{"line":16,"column":60}},"type":"binary-expr","locations":[{"start":{"line":16,"column":39},"end":{"line":16,"column":55}},{"start":{"line":16,"column":59},"end":{"line":16,"column":60}}],"line":16},"4":{"loc":{"start":{"line":17,"column":48},"end":{"line":17,"column":77}},"type":"binary-expr","locations":[{"start":{"line":17,"column":48},"end":{"line":17,"column":72}},{"start":{"line":17,"column":76},"end":{"line":17,"column":77}}],"line":17},"5":{"loc":{"start":{"line":18,"column":40},"end":{"line":18,"column":73}},"type":"binary-expr","locations":[{"start":{"line":18,"column":40},"end":{"line":18,"column":63}},{"start":{"line":18,"column":67},"end":{"line":18,"column":73}}],"line":18},"6":{"loc":{"start":{"line":19,"column":42},"end":{"line":19,"column":77}},"type":"binary-expr","locations":[{"start":{"line":19,"column":42},"end":{"line":19,"column":67}},{"start":{"line":19,"column":71},"end":{"line":19,"column":77}}],"line":19},"7":{"loc":{"start":{"line":20,"column":51},"end":{"line":20,"column":108}},"type":"cond-expr","locations":[{"start":{"line":20,"column":81},"end":{"line":20,"column":91}},{"start":{"line":20,"column":94},"end":{"line":20,"column":108}}],"line":20},"8":{"loc":{"start":{"line":30,"column":4},"end":{"line":32,"column":5}},"type":"if","locations":[{"start":{"line":30,"column":4},"end":{"line":32,"column":5}},{"start":{},"end":{}}],"line":30},"9":{"loc":{"start":{"line":30,"column":8},"end":{"line":30,"column":128}},"type":"binary-expr","locations":[{"start":{"line":30,"column":8},"end":{"line":30,"column":14}},{"start":{"line":30,"column":19},"end":{"line":30,"column":39}},{"start":{"line":30,"column":43},"end":{"line":30,"column":61}},{"start":{"line":30,"column":67},"end":{"line":30,"column":92}},{"start":{"line":30,"column":96},"end":{"line":30,"column":127}}],"line":30},"10":{"loc":{"start":{"line":35,"column":4},"end":{"line":43,"column":5}},"type":"if","locations":[{"start":{"line":35,"column":4},"end":{"line":43,"column":5}},{"start":{"line":37,"column":11},"end":{"line":43,"column":5}}],"line":35},"11":{"loc":{"start":{"line":37,"column":11},"end":{"line":43,"column":5}},"type":"if","locations":[{"start":{"line":37,"column":11},"end":{"line":43,"column":5}},{"start":{},"end":{}}],"line":37},"12":{"loc":{"start":{"line":39,"column":14},"end":{"line":39,"column":36}},"type":"binary-expr","locations":[{"start":{"line":39,"column":14},"end":{"line":39,"column":29}},{"start":{"line":39,"column":33},"end":{"line":39,"column":36}}],"line":39},"13":{"loc":{"start":{"line":40,"column":18},"end":{"line":40,"column":42}},"type":"binary-expr","locations":[{"start":{"line":40,"column":18},"end":{"line":40,"column":37}},{"start":{"line":40,"column":41},"end":{"line":40,"column":42}}],"line":40},"14":{"loc":{"start":{"line":41,"column":15},"end":{"line":41,"column":36}},"type":"binary-expr","locations":[{"start":{"line":41,"column":15},"end":{"line":41,"column":31}},{"start":{"line":41,"column":35},"end":{"line":41,"column":36}}],"line":41},"15":{"loc":{"start":{"line":84,"column":6},"end":{"line":87,"column":7}},"type":"if","locations":[{"start":{"line":84,"column":6},"end":{"line":87,"column":7}},{"start":{},"end":{}}],"line":84},"16":{"loc":{"start":{"line":90,"column":26},"end":{"line":92,"column":100}},"type":"cond-expr","locations":[{"start":{"line":91,"column":10},"end":{"line":91,"column":104}},{"start":{"line":92,"column":10},"end":{"line":92,"column":100}}],"line":90},"17":{"loc":{"start":{"line":97,"column":6},"end":{"line":114,"column":7}},"type":"if","locations":[{"start":{"line":97,"column":6},"end":{"line":114,"column":7}},{"start":{"line":104,"column":13},"end":{"line":114,"column":7}}],"line":97},"18":{"loc":{"start":{"line":99,"column":25},"end":{"line":99,"column":72}},"type":"binary-expr","locations":[{"start":{"line":99,"column":25},"end":{"line":99,"column":38}},{"start":{"line":99,"column":42},"end":{"line":99,"column":55}},{"start":{"line":99,"column":59},"end":{"line":99,"column":72}}],"line":99},"19":{"loc":{"start":{"line":102,"column":38},"end":{"line":102,"column":69}},"type":"binary-expr","locations":[{"start":{"line":102,"column":38},"end":{"line":102,"column":58}},{"start":{"line":102,"column":62},"end":{"line":102,"column":69}}],"line":102},"20":{"loc":{"start":{"line":104,"column":13},"end":{"line":114,"column":7}},"type":"if","locations":[{"start":{"line":104,"column":13},"end":{"line":114,"column":7}},{"start":{"line":111,"column":13},"end":{"line":114,"column":7}}],"line":104},"21":{"loc":{"start":{"line":106,"column":25},"end":{"line":106,"column":72}},"type":"binary-expr","locations":[{"start":{"line":106,"column":25},"end":{"line":106,"column":38}},{"start":{"line":106,"column":42},"end":{"line":106,"column":55}},{"start":{"line":106,"column":59},"end":{"line":106,"column":72}}],"line":106},"22":{"loc":{"start":{"line":109,"column":38},"end":{"line":109,"column":69}},"type":"binary-expr","locations":[{"start":{"line":109,"column":38},"end":{"line":109,"column":58}},{"start":{"line":109,"column":62},"end":{"line":109,"column":69}}],"line":109},"23":{"loc":{"start":{"line":133,"column":97},"end":{"line":133,"column":119}},"type":"binary-expr","locations":[{"start":{"line":133,"column":97},"end":{"line":133,"column":105}},{"start":{"line":133,"column":109},"end":{"line":133,"column":119}}],"line":133},"24":{"loc":{"start":{"line":146,"column":87},"end":{"line":146,"column":109}},"type":"binary-expr","locations":[{"start":{"line":146,"column":87},"end":{"line":146,"column":100}},{"start":{"line":146,"column":104},"end":{"line":146,"column":109}}],"line":146},"25":{"loc":{"start":{"line":174,"column":8},"end":{"line":183,"column":12}},"type":"cond-expr","locations":[{"start":{"line":174,"column":26},"end":{"line":183,"column":7}},{"start":{"line":183,"column":10},"end":{"line":183,"column":12}}],"line":174},"26":{"loc":{"start":{"line":212,"column":24},"end":{"line":212,"column":87}},"type":"binary-expr","locations":[{"start":{"line":212,"column":24},"end":{"line":212,"column":41}},{"start":{"line":212,"column":45},"end":{"line":212,"column":87}}],"line":212},"27":{"loc":{"start":{"line":215,"column":6},"end":{"line":235,"column":7}},"type":"if","locations":[{"start":{"line":215,"column":6},"end":{"line":235,"column":7}},{"start":{},"end":{}}],"line":215},"28":{"loc":{"start":{"line":215,"column":10},"end":{"line":215,"column":57}},"type":"binary-expr","locations":[{"start":{"line":215,"column":10},"end":{"line":215,"column":22}},{"start":{"line":215,"column":26},"end":{"line":215,"column":57}}],"line":215},"29":{"loc":{"start":{"line":232,"column":27},"end":{"line":232,"column":76}},"type":"binary-expr","locations":[{"start":{"line":232,"column":27},"end":{"line":232,"column":53}},{"start":{"line":232,"column":57},"end":{"line":232,"column":76}}],"line":232},"30":{"loc":{"start":{"line":238,"column":6},"end":{"line":249,"column":7}},"type":"if","locations":[{"start":{"line":238,"column":6},"end":{"line":249,"column":7}},{"start":{},"end":{}}],"line":238}},"s":{"0":1,"1":1,"2":1,"3":13,"4":5,"5":8,"6":7,"7":3,"8":4,"9":4,"10":1,"11":3,"12":2,"13":3,"14":4,"15":5,"16":4,"17":21,"18":21,"19":1,"20":1,"21":20,"22":20,"23":20,"24":20,"25":20,"26":10,"27":10,"28":10,"29":10,"30":3,"31":3,"32":3,"33":7,"34":7,"35":20,"36":20,"37":20,"38":20,"39":20,"40":20,"41":2,"42":2,"43":1,"44":1,"45":1,"46":1,"47":19,"48":2,"49":2,"50":2,"51":2,"52":2,"53":2,"54":2,"55":2,"56":2,"57":2,"58":17,"59":17,"60":17,"61":16,"62":16,"63":1,"64":1,"65":1},"f":{"0":13,"1":7,"2":3,"3":5,"4":21},"b":{"0":[5,8],"1":[13,13],"2":[8,2],"3":[8,2],"4":[8,2],"5":[8,2],"6":[8,2],"7":[6,2],"8":[3,4],"9":[7,6,2,5,4],"10":[1,3],"11":[2,1],"12":[3,1],"13":[3,1],"14":[3,1],"15":[1,20],"16":[1,19],"17":[10,10],"18":[10,3,2],"19":[10,3],"20":[3,7],"21":[3,2,1],"22":[3,2],"23":[20,10],"24":[20,10],"25":[10,10],"26":[20,1],"27":[2,18],"28":[20,20],"29":[1,1],"30":[2,17]},"_coverageSchema":"1a1c01bbd47fc00a2c39e90264f33305004495a9","hash":"0df5434be54281c5caefdc7e7efeba7e57bb7d10"}
}
