{"/home/zanyxizion/Desktop/GKR/backend/src/config/env.config.js": {"path":"/home/zanyxizion/Desktop/GKR/backend/src/config/env.config.js","statementMap":{"0":{"start":{"line":1,"column":15},"end":{"line":1,"column":32}},"1":{"start":{"line":3,"column":0},"end":{"line":3,"column":16}},"2":{"start":{"line":5,"column":0},"end":{"line":32,"column":2}},"3":{"start":{"line":20,"column":18},"end":{"line":20,"column":47}}},"fnMap":{"0":{"name":"(anonymous_0)","decl":{"start":{"line":20,"column":9},"end":{"line":20,"column":10}},"loc":{"start":{"line":20,"column":18},"end":{"line":20,"column":47}},"line":20}},"branchMap":{"0":{"loc":{"start":{"line":6,"column":8},"end":{"line":6,"column":32}},"type":"binary-expr","locations":[{"start":{"line":6,"column":8},"end":{"line":6,"column":24}},{"start":{"line":6,"column":28},"end":{"line":6,"column":32}}],"line":6},"1":{"loc":{"start":{"line":7,"column":12},"end":{"line":7,"column":49}},"type":"binary-expr","locations":[{"start":{"line":7,"column":12},"end":{"line":7,"column":32}},{"start":{"line":7,"column":36},"end":{"line":7,"column":49}}],"line":7},"2":{"loc":{"start":{"line":18,"column":15},"end":{"line":18,"column":64}},"type":"binary-expr","locations":[{"start":{"line":18,"column":15},"end":{"line":18,"column":37}},{"start":{"line":18,"column":41},"end":{"line":18,"column":64}}],"line":18},"3":{"loc":{"start":{"line":26,"column":14},"end":{"line":26,"column":82}},"type":"binary-expr","locations":[{"start":{"line":26,"column":14},"end":{"line":26,"column":36}},{"start":{"line":26,"column":40},"end":{"line":26,"column":82}}],"line":26}},"s":{"0":1,"1":1,"2":1,"3":1},"f":{"0":1},"b":{"0":[1,0],"1":[1,0],"2":[1,0],"3":[1,0]},"_coverageSchema":"1a1c01bbd47fc00a2c39e90264f33305004495a9","hash":"376b6a0edd27d16a9bc86aece8f85f4d991bdd12"}
,"/home/zanyxizion/Desktop/GKR/backend/src/controllers/admin.controller.js": {"path":"/home/zanyxizion/Desktop/GKR/backend/src/controllers/admin.controller.js","statementMap":{"0":{"start":{"line":1,"column":14},"end":{"line":1,"column":50}},"1":{"start":{"line":2,"column":11},"end":{"line":2,"column":28}},"2":{"start":{"line":3,"column":21},"end":{"line":3,"column":54}},"3":{"start":{"line":4,"column":26},"end":{"line":4,"column":65}},"4":{"start":{"line":5,"column":14},"end":{"line":5,"column":44}},"5":{"start":{"line":6,"column":26},"end":{"line":6,"column":65}},"6":{"start":{"line":10,"column":4},"end":{"line":116,"column":5}},"7":{"start":{"line":11,"column":26},"end":{"line":11,"column":60}},"8":{"start":{"line":12,"column":6},"end":{"line":19,"column":7}},"9":{"start":{"line":13,"column":8},"end":{"line":18,"column":10}},"10":{"start":{"line":21,"column":29},"end":{"line":21,"column":64}},"11":{"start":{"line":22,"column":28},"end":{"line":22,"column":62}},"12":{"start":{"line":24,"column":26},"end":{"line":24,"column":45}},"13":{"start":{"line":26,"column":23},"end":{"line":26,"column":24}},"14":{"start":{"line":27,"column":6},"end":{"line":31,"column":9}},"15":{"start":{"line":28,"column":8},"end":{"line":30,"column":9}},"16":{"start":{"line":29,"column":10},"end":{"line":29,"column":23}},"17":{"start":{"line":33,"column":25},"end":{"line":33,"column":26}},"18":{"start":{"line":34,"column":32},"end":{"line":38,"column":7}},"19":{"start":{"line":40,"column":28},"end":{"line":47,"column":7}},"20":{"start":{"line":49,"column":36},"end":{"line":49,"column":78}},"21":{"start":{"line":50,"column":21},"end":{"line":50,"column":23}},"22":{"start":{"line":51,"column":6},"end":{"line":58,"column":9}},"23":{"start":{"line":52,"column":20},"end":{"line":52,"column":30}},"24":{"start":{"line":53,"column":8},"end":{"line":53,"column":29}},"25":{"start":{"line":54,"column":8},"end":{"line":57,"column":9}},"26":{"start":{"line":55,"column":24},"end":{"line":55,"column":64}},"27":{"start":{"line":56,"column":10},"end":{"line":56,"column":40}},"28":{"start":{"line":60,"column":27},"end":{"line":60,"column":29}},"29":{"start":{"line":61,"column":6},"end":{"line":94,"column":9}},"30":{"start":{"line":62,"column":21},"end":{"line":62,"column":31}},"31":{"start":{"line":63,"column":8},"end":{"line":63,"column":48}},"32":{"start":{"line":64,"column":24},"end":{"line":64,"column":54}},"33":{"start":{"line":66,"column":8},"end":{"line":76,"column":9}},"34":{"start":{"line":67,"column":22},"end":{"line":67,"column":49}},"35":{"start":{"line":68,"column":10},"end":{"line":75,"column":11}},"36":{"start":{"line":69,"column":12},"end":{"line":69,"column":42}},"37":{"start":{"line":71,"column":28},"end":{"line":73,"column":13}},"38":{"start":{"line":72,"column":21},"end":{"line":72,"column":70}},"39":{"start":{"line":74,"column":12},"end":{"line":74,"column":57}},"40":{"start":{"line":78,"column":23},"end":{"line":78,"column":60}},"41":{"start":{"line":79,"column":8},"end":{"line":83,"column":9}},"42":{"start":{"line":80,"column":10},"end":{"line":80,"column":38}},"43":{"start":{"line":82,"column":10},"end":{"line":82,"column":40}},"44":{"start":{"line":85,"column":8},"end":{"line":93,"column":9}},"45":{"start":{"line":86,"column":10},"end":{"line":92,"column":13}},"46":{"start":{"line":96,"column":34},"end":{"line":98,"column":7}},"47":{"start":{"line":97,"column":19},"end":{"line":97,"column":59}},"48":{"start":{"line":100,"column":6},"end":{"line":100,"column":71}},"49":{"start":{"line":100,"column":34},"end":{"line":100,"column":69}},"50":{"start":{"line":101,"column":25},"end":{"line":101,"column":49}},"51":{"start":{"line":103,"column":20},"end":{"line":109,"column":7}},"52":{"start":{"line":111,"column":6},"end":{"line":111,"column":52}},"53":{"start":{"line":112,"column":6},"end":{"line":112,"column":68}},"54":{"start":{"line":114,"column":6},"end":{"line":114,"column":62}},"55":{"start":{"line":115,"column":6},"end":{"line":115,"column":67}},"56":{"start":{"line":120,"column":4},"end":{"line":198,"column":5}},"57":{"start":{"line":121,"column":25},"end":{"line":121,"column":61}},"58":{"start":{"line":122,"column":6},"end":{"line":129,"column":7}},"59":{"start":{"line":123,"column":8},"end":{"line":128,"column":10}},"60":{"start":{"line":131,"column":28},"end":{"line":131,"column":73}},"61":{"start":{"line":132,"column":36},"end":{"line":186,"column":7}},"62":{"start":{"line":134,"column":10},"end":{"line":183,"column":11}},"63":{"start":{"line":135,"column":27},"end":{"line":135,"column":31}},"64":{"start":{"line":136,"column":28},"end":{"line":136,"column":78}},"65":{"start":{"line":137,"column":12},"end":{"line":163,"column":13}},"66":{"start":{"line":138,"column":14},"end":{"line":138,"column":40}},"67":{"start":{"line":139,"column":19},"end":{"line":163,"column":13}},"68":{"start":{"line":140,"column":14},"end":{"line":162,"column":15}},"69":{"start":{"line":141,"column":33},"end":{"line":141,"column":71}},"70":{"start":{"line":142,"column":16},"end":{"line":159,"column":17}},"71":{"start":{"line":143,"column":33},"end":{"line":143,"column":53}},"72":{"start":{"line":144,"column":18},"end":{"line":147,"column":19}},"73":{"start":{"line":145,"column":20},"end":{"line":145,"column":60}},"74":{"start":{"line":146,"column":20},"end":{"line":146,"column":84}},"75":{"start":{"line":148,"column":18},"end":{"line":152,"column":20}},"76":{"start":{"line":153,"column":18},"end":{"line":158,"column":54}},"77":{"start":{"line":165,"column":12},"end":{"line":177,"column":13}},"78":{"start":{"line":166,"column":29},"end":{"line":166,"column":66}},"79":{"start":{"line":167,"column":14},"end":{"line":170,"column":15}},"80":{"start":{"line":168,"column":16},"end":{"line":168,"column":56}},"81":{"start":{"line":169,"column":16},"end":{"line":169,"column":80}},"82":{"start":{"line":171,"column":14},"end":{"line":176,"column":16}},"83":{"start":{"line":179,"column":12},"end":{"line":182,"column":14}},"84":{"start":{"line":184,"column":10},"end":{"line":184,"column":83}},"85":{"start":{"line":188,"column":6},"end":{"line":188,"column":71}},"86":{"start":{"line":189,"column":6},"end":{"line":194,"column":8}},"87":{"start":{"line":196,"column":6},"end":{"line":196,"column":60}},"88":{"start":{"line":197,"column":6},"end":{"line":197,"column":75}},"89":{"start":{"line":202,"column":4},"end":{"line":238,"column":5}},"90":{"start":{"line":203,"column":33},"end":{"line":203,"column":43}},"91":{"start":{"line":204,"column":6},"end":{"line":205,"column":75}},"92":{"start":{"line":205,"column":8},"end":{"line":205,"column":75}},"93":{"start":{"line":207,"column":20},"end":{"line":207,"column":56}},"94":{"start":{"line":208,"column":17},"end":{"line":208,"column":34}},"95":{"start":{"line":211,"column":6},"end":{"line":211,"column":72}},"96":{"start":{"line":214,"column":36},"end":{"line":216,"column":14}},"97":{"start":{"line":218,"column":6},"end":{"line":224,"column":7}},"98":{"start":{"line":219,"column":22},"end":{"line":219,"column":32}},"99":{"start":{"line":220,"column":8},"end":{"line":222,"column":11}},"100":{"start":{"line":221,"column":10},"end":{"line":221,"column":32}},"101":{"start":{"line":223,"column":8},"end":{"line":223,"column":29}},"102":{"start":{"line":227,"column":6},"end":{"line":227,"column":44}},"103":{"start":{"line":228,"column":6},"end":{"line":228,"column":46}},"104":{"start":{"line":229,"column":6},"end":{"line":229,"column":45}},"105":{"start":{"line":230,"column":6},"end":{"line":230,"column":38}},"106":{"start":{"line":232,"column":6},"end":{"line":234,"column":9}},"107":{"start":{"line":236,"column":6},"end":{"line":236,"column":59}},"108":{"start":{"line":237,"column":6},"end":{"line":237,"column":75}},"109":{"start":{"line":242,"column":4},"end":{"line":526,"column":5}},"110":{"start":{"line":243,"column":31},"end":{"line":243,"column":66}},"111":{"start":{"line":244,"column":6},"end":{"line":251,"column":7}},"112":{"start":{"line":245,"column":8},"end":{"line":250,"column":10}},"113":{"start":{"line":253,"column":18},"end":{"line":253,"column":28}},"114":{"start":{"line":254,"column":23},"end":{"line":254,"column":54}},"115":{"start":{"line":255,"column":22},"end":{"line":257,"column":22}},"116":{"start":{"line":259,"column":36},"end":{"line":262,"column":14}},"117":{"start":{"line":263,"column":25},"end":{"line":263,"column":27}},"118":{"start":{"line":265,"column":6},"end":{"line":450,"column":7}},"119":{"start":{"line":266,"column":20},"end":{"line":266,"column":30}},"120":{"start":{"line":267,"column":8},"end":{"line":267,"column":78}},"121":{"start":{"line":267,"column":69},"end":{"line":267,"column":78}},"122":{"start":{"line":269,"column":8},"end":{"line":274,"column":9}},"123":{"start":{"line":270,"column":30},"end":{"line":272,"column":11}},"124":{"start":{"line":271,"column":19},"end":{"line":271,"column":65}},"125":{"start":{"line":273,"column":10},"end":{"line":273,"column":37}},"126":{"start":{"line":273,"column":28},"end":{"line":273,"column":37}},"127":{"start":{"line":276,"column":23},"end":{"line":276,"column":27}},"128":{"start":{"line":277,"column":24},"end":{"line":277,"column":74}},"129":{"start":{"line":278,"column":8},"end":{"line":296,"column":9}},"130":{"start":{"line":279,"column":10},"end":{"line":279,"column":36}},"131":{"start":{"line":280,"column":15},"end":{"line":296,"column":9}},"132":{"start":{"line":281,"column":10},"end":{"line":295,"column":24}},"133":{"start":{"line":282,"column":29},"end":{"line":282,"column":67}},"134":{"start":{"line":283,"column":12},"end":{"line":294,"column":13}},"135":{"start":{"line":284,"column":29},"end":{"line":284,"column":49}},"136":{"start":{"line":285,"column":14},"end":{"line":288,"column":15}},"137":{"start":{"line":286,"column":16},"end":{"line":286,"column":56}},"138":{"start":{"line":287,"column":16},"end":{"line":287,"column":80}},"139":{"start":{"line":289,"column":14},"end":{"line":293,"column":16}},"140":{"start":{"line":297,"column":8},"end":{"line":297,"column":52}},"141":{"start":{"line":299,"column":27},"end":{"line":299,"column":64}},"142":{"start":{"line":300,"column":8},"end":{"line":304,"column":9}},"143":{"start":{"line":301,"column":10},"end":{"line":301,"column":54}},"144":{"start":{"line":302,"column":10},"end":{"line":303,"column":73}},"145":{"start":{"line":305,"column":8},"end":{"line":305,"column":50}},"146":{"start":{"line":307,"column":35},"end":{"line":307,"column":75}},"147":{"start":{"line":308,"column":26},"end":{"line":308,"column":57}},"148":{"start":{"line":309,"column":30},"end":{"line":311,"column":9}},"149":{"start":{"line":312,"column":30},"end":{"line":314,"column":16}},"150":{"start":{"line":316,"column":30},"end":{"line":316,"column":32}},"151":{"start":{"line":317,"column":22},"end":{"line":317,"column":67}},"152":{"start":{"line":318,"column":8},"end":{"line":320,"column":9}},"153":{"start":{"line":319,"column":10},"end":{"line":319,"column":67}},"154":{"start":{"line":321,"column":8},"end":{"line":338,"column":9}},"155":{"start":{"line":322,"column":10},"end":{"line":334,"column":11}},"156":{"start":{"line":323,"column":12},"end":{"line":323,"column":120}},"157":{"start":{"line":324,"column":12},"end":{"line":324,"column":99}},"158":{"start":{"line":326,"column":12},"end":{"line":326,"column":81}},"159":{"start":{"line":326,"column":35},"end":{"line":326,"column":81}},"160":{"start":{"line":327,"column":12},"end":{"line":327,"column":81}},"161":{"start":{"line":327,"column":35},"end":{"line":327,"column":81}},"162":{"start":{"line":328,"column":12},"end":{"line":333,"column":13}},"163":{"start":{"line":329,"column":14},"end":{"line":329,"column":63}},"164":{"start":{"line":330,"column":14},"end":{"line":332,"column":15}},"165":{"start":{"line":331,"column":16},"end":{"line":331,"column":65}},"166":{"start":{"line":335,"column":10},"end":{"line":335,"column":74}},"167":{"start":{"line":335,"column":28},"end":{"line":335,"column":74}},"168":{"start":{"line":336,"column":10},"end":{"line":337,"column":72}},"169":{"start":{"line":336,"column":33},"end":{"line":336,"column":81}},"170":{"start":{"line":337,"column":15},"end":{"line":337,"column":72}},"171":{"start":{"line":337,"column":34},"end":{"line":337,"column":72}},"172":{"start":{"line":341,"column":8},"end":{"line":343,"column":9}},"173":{"start":{"line":342,"column":10},"end":{"line":342,"column":71}},"174":{"start":{"line":346,"column":8},"end":{"line":348,"column":9}},"175":{"start":{"line":347,"column":10},"end":{"line":347,"column":92}},"176":{"start":{"line":349,"column":27},"end":{"line":349,"column":113}},"177":{"start":{"line":350,"column":8},"end":{"line":352,"column":9}},"178":{"start":{"line":351,"column":10},"end":{"line":351,"column":54}},"179":{"start":{"line":354,"column":8},"end":{"line":357,"column":9}},"180":{"start":{"line":355,"column":10},"end":{"line":355,"column":67}},"181":{"start":{"line":356,"column":10},"end":{"line":356,"column":44}},"182":{"start":{"line":360,"column":8},"end":{"line":364,"column":11}},"183":{"start":{"line":361,"column":10},"end":{"line":363,"column":11}},"184":{"start":{"line":362,"column":12},"end":{"line":362,"column":40}},"185":{"start":{"line":367,"column":8},"end":{"line":378,"column":9}},"186":{"start":{"line":368,"column":28},"end":{"line":368,"column":58}},"187":{"start":{"line":369,"column":10},"end":{"line":377,"column":11}},"188":{"start":{"line":370,"column":12},"end":{"line":370,"column":73}},"189":{"start":{"line":371,"column":17},"end":{"line":377,"column":11}},"190":{"start":{"line":372,"column":12},"end":{"line":372,"column":97}},"191":{"start":{"line":373,"column":17},"end":{"line":377,"column":11}},"192":{"start":{"line":374,"column":12},"end":{"line":374,"column":119}},"193":{"start":{"line":376,"column":12},"end":{"line":376,"column":67}},"194":{"start":{"line":381,"column":31},"end":{"line":381,"column":61}},"195":{"start":{"line":382,"column":30},"end":{"line":384,"column":62}},"196":{"start":{"line":386,"column":8},"end":{"line":392,"column":9}},"197":{"start":{"line":387,"column":10},"end":{"line":389,"column":11}},"198":{"start":{"line":388,"column":12},"end":{"line":388,"column":50}},"199":{"start":{"line":391,"column":10},"end":{"line":391,"column":45}},"200":{"start":{"line":394,"column":30},"end":{"line":400,"column":16}},"201":{"start":{"line":402,"column":27},"end":{"line":404,"column":16}},"202":{"start":{"line":405,"column":24},"end":{"line":405,"column":78}},"203":{"start":{"line":407,"column":35},"end":{"line":412,"column":9}},"204":{"start":{"line":410,"column":25},"end":{"line":410,"column":98}},"205":{"start":{"line":413,"column":26},"end":{"line":413,"column":56}},"206":{"start":{"line":414,"column":35},"end":{"line":414,"column":111}},"207":{"start":{"line":415,"column":29},"end":{"line":426,"column":9}},"208":{"start":{"line":427,"column":29},"end":{"line":427,"column":63}},"209":{"start":{"line":429,"column":8},"end":{"line":449,"column":11}},"210":{"start":{"line":453,"column":6},"end":{"line":518,"column":7}},"211":{"start":{"line":454,"column":38},"end":{"line":458,"column":16}},"212":{"start":{"line":460,"column":8},"end":{"line":515,"column":9}},"213":{"start":{"line":461,"column":24},"end":{"line":461,"column":34}},"214":{"start":{"line":462,"column":10},"end":{"line":462,"column":53}},"215":{"start":{"line":462,"column":44},"end":{"line":462,"column":53}},"216":{"start":{"line":464,"column":29},"end":{"line":464,"column":45}},"217":{"start":{"line":465,"column":22},"end":{"line":465,"column":27}},"218":{"start":{"line":466,"column":22},"end":{"line":466,"column":50}},"219":{"start":{"line":467,"column":24},"end":{"line":467,"column":70}},"220":{"start":{"line":469,"column":10},"end":{"line":482,"column":11}},"221":{"start":{"line":470,"column":12},"end":{"line":481,"column":13}},"222":{"start":{"line":471,"column":30},"end":{"line":471,"column":82}},"223":{"start":{"line":472,"column":14},"end":{"line":478,"column":15}},"224":{"start":{"line":473,"column":30},"end":{"line":473,"column":44}},"225":{"start":{"line":474,"column":16},"end":{"line":474,"column":79}},"226":{"start":{"line":475,"column":16},"end":{"line":475,"column":45}},"227":{"start":{"line":476,"column":16},"end":{"line":476,"column":73}},"228":{"start":{"line":477,"column":16},"end":{"line":477,"column":99}},"229":{"start":{"line":480,"column":14},"end":{"line":480,"column":74}},"230":{"start":{"line":484,"column":25},"end":{"line":484,"column":50}},"231":{"start":{"line":485,"column":34},"end":{"line":485,"column":109}},"232":{"start":{"line":486,"column":39},"end":{"line":491,"column":11}},"233":{"start":{"line":492,"column":10},"end":{"line":492,"column":82}},"234":{"start":{"line":492,"column":33},"end":{"line":492,"column":82}},"235":{"start":{"line":493,"column":10},"end":{"line":493,"column":86}},"236":{"start":{"line":493,"column":33},"end":{"line":493,"column":86}},"237":{"start":{"line":495,"column":10},"end":{"line":514,"column":13}},"238":{"start":{"line":517,"column":8},"end":{"line":517,"column":85}},"239":{"start":{"line":520,"column":21},"end":{"line":520,"column":65}},"240":{"start":{"line":521,"column":6},"end":{"line":521,"column":54}},"241":{"start":{"line":522,"column":6},"end":{"line":522,"column":72}},"242":{"start":{"line":524,"column":6},"end":{"line":524,"column":65}},"243":{"start":{"line":525,"column":6},"end":{"line":525,"column":80}},"244":{"start":{"line":530,"column":4},"end":{"line":567,"column":5}},"245":{"start":{"line":531,"column":33},"end":{"line":531,"column":43}},"246":{"start":{"line":532,"column":21},"end":{"line":535,"column":14}},"247":{"start":{"line":536,"column":6},"end":{"line":537,"column":70}},"248":{"start":{"line":537,"column":8},"end":{"line":537,"column":70}},"249":{"start":{"line":539,"column":18},"end":{"line":539,"column":31}},"250":{"start":{"line":540,"column":22},"end":{"line":540,"column":72}},"251":{"start":{"line":541,"column":23},"end":{"line":541,"column":59}},"252":{"start":{"line":543,"column":25},"end":{"line":543,"column":62}},"253":{"start":{"line":544,"column":6},"end":{"line":548,"column":7}},"254":{"start":{"line":545,"column":8},"end":{"line":545,"column":52}},"255":{"start":{"line":546,"column":8},"end":{"line":547,"column":71}},"256":{"start":{"line":550,"column":33},"end":{"line":550,"column":73}},"257":{"start":{"line":552,"column":8},"end":{"line":552,"column":66}},"258":{"start":{"line":554,"column":27},"end":{"line":561,"column":7}},"259":{"start":{"line":563,"column":6},"end":{"line":563,"column":80}},"260":{"start":{"line":565,"column":6},"end":{"line":565,"column":67}},"261":{"start":{"line":566,"column":6},"end":{"line":566,"column":69}},"262":{"start":{"line":571,"column":4},"end":{"line":591,"column":5}},"263":{"start":{"line":572,"column":34},"end":{"line":572,"column":42}},"264":{"start":{"line":573,"column":6},"end":{"line":574,"column":79}},"265":{"start":{"line":574,"column":8},"end":{"line":574,"column":79}},"266":{"start":{"line":576,"column":6},"end":{"line":579,"column":9}},"267":{"start":{"line":581,"column":6},"end":{"line":581,"column":44}},"268":{"start":{"line":582,"column":6},"end":{"line":582,"column":45}},"269":{"start":{"line":584,"column":6},"end":{"line":587,"column":9}},"270":{"start":{"line":589,"column":6},"end":{"line":589,"column":62}},"271":{"start":{"line":590,"column":6},"end":{"line":590,"column":78}},"272":{"start":{"line":595,"column":4},"end":{"line":606,"column":5}},"273":{"start":{"line":596,"column":31},"end":{"line":596,"column":71}},"274":{"start":{"line":597,"column":6},"end":{"line":597,"column":51}},"275":{"start":{"line":599,"column":6},"end":{"line":599,"column":44}},"276":{"start":{"line":600,"column":6},"end":{"line":600,"column":45}},"277":{"start":{"line":602,"column":6},"end":{"line":602,"column":73}},"278":{"start":{"line":604,"column":6},"end":{"line":604,"column":58}},"279":{"start":{"line":605,"column":6},"end":{"line":605,"column":73}},"280":{"start":{"line":613,"column":4},"end":{"line":694,"column":5}},"281":{"start":{"line":614,"column":26},"end":{"line":614,"column":54}},"282":{"start":{"line":615,"column":6},"end":{"line":622,"column":7}},"283":{"start":{"line":616,"column":8},"end":{"line":621,"column":10}},"284":{"start":{"line":624,"column":28},"end":{"line":624,"column":62}},"285":{"start":{"line":625,"column":36},"end":{"line":625,"column":78}},"286":{"start":{"line":628,"column":21},"end":{"line":628,"column":23}},"287":{"start":{"line":629,"column":6},"end":{"line":640,"column":9}},"288":{"start":{"line":630,"column":20},"end":{"line":630,"column":30}},"289":{"start":{"line":631,"column":20},"end":{"line":631,"column":30}},"290":{"start":{"line":632,"column":8},"end":{"line":632,"column":25}},"291":{"start":{"line":632,"column":18},"end":{"line":632,"column":25}},"292":{"start":{"line":634,"column":8},"end":{"line":639,"column":9}},"293":{"start":{"line":638,"column":10},"end":{"line":638,"column":28}},"294":{"start":{"line":642,"column":20},"end":{"line":642,"column":22}},"295":{"start":{"line":643,"column":6},"end":{"line":679,"column":9}},"296":{"start":{"line":644,"column":25},"end":{"line":644,"column":35}},"297":{"start":{"line":645,"column":20},"end":{"line":645,"column":26}},"298":{"start":{"line":646,"column":20},"end":{"line":646,"column":39}},"299":{"start":{"line":648,"column":26},"end":{"line":648,"column":63}},"300":{"start":{"line":649,"column":8},"end":{"line":653,"column":9}},"301":{"start":{"line":650,"column":10},"end":{"line":650,"column":53}},"302":{"start":{"line":651,"column":10},"end":{"line":652,"column":71}},"303":{"start":{"line":655,"column":8},"end":{"line":678,"column":11}},"304":{"start":{"line":682,"column":6},"end":{"line":687,"column":9}},"305":{"start":{"line":683,"column":24},"end":{"line":683,"column":67}},"306":{"start":{"line":684,"column":24},"end":{"line":684,"column":67}},"307":{"start":{"line":685,"column":8},"end":{"line":685,"column":58}},"308":{"start":{"line":685,"column":33},"end":{"line":685,"column":58}},"309":{"start":{"line":686,"column":8},"end":{"line":686,"column":44}},"310":{"start":{"line":689,"column":6},"end":{"line":689,"column":46}},"311":{"start":{"line":690,"column":6},"end":{"line":690,"column":58}},"312":{"start":{"line":692,"column":6},"end":{"line":692,"column":56}},"313":{"start":{"line":693,"column":6},"end":{"line":693,"column":67}},"314":{"start":{"line":701,"column":4},"end":{"line":797,"column":5}},"315":{"start":{"line":702,"column":25},"end":{"line":702,"column":35}},"316":{"start":{"line":705,"column":21},"end":{"line":705,"column":25}},"317":{"start":{"line":706,"column":22},"end":{"line":706,"column":68}},"318":{"start":{"line":707,"column":6},"end":{"line":731,"column":7}},"319":{"start":{"line":708,"column":8},"end":{"line":708,"column":34}},"320":{"start":{"line":709,"column":13},"end":{"line":731,"column":7}},"321":{"start":{"line":710,"column":8},"end":{"line":730,"column":28}},"322":{"start":{"line":711,"column":27},"end":{"line":711,"column":61}},"323":{"start":{"line":712,"column":10},"end":{"line":729,"column":11}},"324":{"start":{"line":713,"column":27},"end":{"line":713,"column":47}},"325":{"start":{"line":714,"column":12},"end":{"line":717,"column":13}},"326":{"start":{"line":715,"column":14},"end":{"line":715,"column":54}},"327":{"start":{"line":716,"column":14},"end":{"line":716,"column":78}},"328":{"start":{"line":718,"column":12},"end":{"line":723,"column":14}},"329":{"start":{"line":724,"column":12},"end":{"line":728,"column":48}},"330":{"start":{"line":733,"column":6},"end":{"line":735,"column":7}},"331":{"start":{"line":734,"column":8},"end":{"line":734,"column":62}},"332":{"start":{"line":737,"column":24},"end":{"line":737,"column":61}},"333":{"start":{"line":738,"column":6},"end":{"line":742,"column":7}},"334":{"start":{"line":739,"column":8},"end":{"line":739,"column":51}},"335":{"start":{"line":740,"column":8},"end":{"line":741,"column":69}},"336":{"start":{"line":745,"column":26},"end":{"line":748,"column":14}},"337":{"start":{"line":750,"column":25},"end":{"line":750,"column":29}},"338":{"start":{"line":751,"column":6},"end":{"line":757,"column":7}},"339":{"start":{"line":752,"column":21},"end":{"line":752,"column":62}},"340":{"start":{"line":752,"column":51},"end":{"line":752,"column":61}},"341":{"start":{"line":753,"column":8},"end":{"line":755,"column":10}},"342":{"start":{"line":754,"column":20},"end":{"line":754,"column":65}},"343":{"start":{"line":756,"column":8},"end":{"line":756,"column":31}},"344":{"start":{"line":760,"column":26},"end":{"line":760,"column":30}},"345":{"start":{"line":761,"column":6},"end":{"line":766,"column":7}},"346":{"start":{"line":762,"column":35},"end":{"line":762,"column":75}},"347":{"start":{"line":763,"column":8},"end":{"line":765,"column":10}},"348":{"start":{"line":769,"column":28},"end":{"line":769,"column":63}},"349":{"start":{"line":770,"column":25},"end":{"line":770,"column":74}},"350":{"start":{"line":773,"column":32},"end":{"line":773,"column":71}},"351":{"start":{"line":774,"column":28},"end":{"line":774,"column":75}},"352":{"start":{"line":776,"column":21},"end":{"line":791,"column":7}},"353":{"start":{"line":793,"column":6},"end":{"line":793,"column":65}},"354":{"start":{"line":795,"column":6},"end":{"line":795,"column":58}},"355":{"start":{"line":796,"column":6},"end":{"line":796,"column":73}},"356":{"start":{"line":804,"column":4},"end":{"line":939,"column":5}},"357":{"start":{"line":805,"column":26},"end":{"line":805,"column":36}},"358":{"start":{"line":806,"column":6},"end":{"line":808,"column":7}},"359":{"start":{"line":807,"column":8},"end":{"line":807,"column":68}},"360":{"start":{"line":810,"column":23},"end":{"line":810,"column":71}},"361":{"start":{"line":811,"column":6},"end":{"line":872,"column":7}},"362":{"start":{"line":812,"column":23},"end":{"line":812,"column":78}},"363":{"start":{"line":813,"column":8},"end":{"line":870,"column":9}},"364":{"start":{"line":814,"column":31},"end":{"line":814,"column":44}},"365":{"start":{"line":815,"column":32},"end":{"line":815,"column":80}},"366":{"start":{"line":816,"column":10},"end":{"line":818,"column":11}},"367":{"start":{"line":817,"column":12},"end":{"line":817,"column":108}},"368":{"start":{"line":819,"column":10},"end":{"line":821,"column":11}},"369":{"start":{"line":820,"column":12},"end":{"line":820,"column":99}},"370":{"start":{"line":822,"column":10},"end":{"line":827,"column":13}},"371":{"start":{"line":828,"column":32},"end":{"line":828,"column":67}},"372":{"start":{"line":829,"column":28},"end":{"line":829,"column":86}},"373":{"start":{"line":832,"column":26},"end":{"line":832,"column":85}},"374":{"start":{"line":833,"column":27},"end":{"line":833,"column":63}},"375":{"start":{"line":836,"column":31},"end":{"line":836,"column":67}},"376":{"start":{"line":837,"column":10},"end":{"line":846,"column":105}},"377":{"start":{"line":846,"column":26},"end":{"line":846,"column":103}},"378":{"start":{"line":848,"column":10},"end":{"line":853,"column":13}},"379":{"start":{"line":855,"column":10},"end":{"line":860,"column":105}},"380":{"start":{"line":860,"column":26},"end":{"line":860,"column":103}},"381":{"start":{"line":861,"column":10},"end":{"line":861,"column":48}},"382":{"start":{"line":862,"column":10},"end":{"line":862,"column":50}},"383":{"start":{"line":863,"column":10},"end":{"line":863,"column":42}},"384":{"start":{"line":864,"column":10},"end":{"line":864,"column":67}},"385":{"start":{"line":865,"column":10},"end":{"line":865,"column":68}},"386":{"start":{"line":866,"column":10},"end":{"line":869,"column":13}},"387":{"start":{"line":871,"column":8},"end":{"line":871,"column":63}},"388":{"start":{"line":874,"column":20},"end":{"line":874,"column":35}},"389":{"start":{"line":877,"column":28},"end":{"line":877,"column":69}},"390":{"start":{"line":878,"column":6},"end":{"line":880,"column":7}},"391":{"start":{"line":879,"column":8},"end":{"line":879,"column":90}},"392":{"start":{"line":882,"column":6},"end":{"line":884,"column":7}},"393":{"start":{"line":883,"column":8},"end":{"line":883,"column":88}},"394":{"start":{"line":887,"column":6},"end":{"line":892,"column":9}},"395":{"start":{"line":895,"column":22},"end":{"line":895,"column":74}},"396":{"start":{"line":896,"column":23},"end":{"line":896,"column":59}},"397":{"start":{"line":899,"column":27},"end":{"line":899,"column":63}},"398":{"start":{"line":900,"column":6},"end":{"line":909,"column":94}},"399":{"start":{"line":909,"column":22},"end":{"line":909,"column":92}},"400":{"start":{"line":912,"column":28},"end":{"line":912,"column":63}},"401":{"start":{"line":913,"column":6},"end":{"line":918,"column":9}},"402":{"start":{"line":920,"column":6},"end":{"line":925,"column":94}},"403":{"start":{"line":925,"column":22},"end":{"line":925,"column":92}},"404":{"start":{"line":928,"column":6},"end":{"line":928,"column":44}},"405":{"start":{"line":929,"column":6},"end":{"line":929,"column":45}},"406":{"start":{"line":930,"column":6},"end":{"line":930,"column":38}},"407":{"start":{"line":932,"column":6},"end":{"line":935,"column":9}},"408":{"start":{"line":937,"column":6},"end":{"line":937,"column":60}},"409":{"start":{"line":938,"column":6},"end":{"line":938,"column":71}},"410":{"start":{"line":946,"column":4},"end":{"line":1026,"column":5}},"411":{"start":{"line":947,"column":33},"end":{"line":947,"column":43}},"412":{"start":{"line":948,"column":6},"end":{"line":950,"column":7}},"413":{"start":{"line":949,"column":8},"end":{"line":949,"column":75}},"414":{"start":{"line":952,"column":21},"end":{"line":952,"column":83}},"415":{"start":{"line":953,"column":6},"end":{"line":955,"column":7}},"416":{"start":{"line":954,"column":8},"end":{"line":954,"column":70}},"417":{"start":{"line":957,"column":27},"end":{"line":957,"column":40}},"418":{"start":{"line":960,"column":28},"end":{"line":960,"column":76}},"419":{"start":{"line":961,"column":6},"end":{"line":963,"column":7}},"420":{"start":{"line":962,"column":8},"end":{"line":962,"column":104}},"421":{"start":{"line":965,"column":6},"end":{"line":967,"column":7}},"422":{"start":{"line":966,"column":8},"end":{"line":966,"column":95}},"423":{"start":{"line":970,"column":6},"end":{"line":975,"column":9}},"424":{"start":{"line":977,"column":24},"end":{"line":977,"column":82}},"425":{"start":{"line":980,"column":22},"end":{"line":980,"column":81}},"426":{"start":{"line":981,"column":23},"end":{"line":981,"column":59}},"427":{"start":{"line":984,"column":27},"end":{"line":984,"column":63}},"428":{"start":{"line":985,"column":6},"end":{"line":994,"column":101}},"429":{"start":{"line":994,"column":22},"end":{"line":994,"column":99}},"430":{"start":{"line":997,"column":28},"end":{"line":997,"column":63}},"431":{"start":{"line":998,"column":6},"end":{"line":1003,"column":9}},"432":{"start":{"line":1005,"column":6},"end":{"line":1010,"column":101}},"433":{"start":{"line":1010,"column":22},"end":{"line":1010,"column":99}},"434":{"start":{"line":1013,"column":6},"end":{"line":1013,"column":44}},"435":{"start":{"line":1014,"column":6},"end":{"line":1014,"column":46}},"436":{"start":{"line":1015,"column":6},"end":{"line":1015,"column":38}},"437":{"start":{"line":1016,"column":6},"end":{"line":1016,"column":63}},"438":{"start":{"line":1017,"column":6},"end":{"line":1017,"column":64}},"439":{"start":{"line":1019,"column":6},"end":{"line":1022,"column":9}},"440":{"start":{"line":1024,"column":6},"end":{"line":1024,"column":73}},"441":{"start":{"line":1025,"column":6},"end":{"line":1025,"column":71}},"442":{"start":{"line":1033,"column":4},"end":{"line":1140,"column":5}},"443":{"start":{"line":1034,"column":25},"end":{"line":1034,"column":35}},"444":{"start":{"line":1035,"column":41},"end":{"line":1035,"column":49}},"445":{"start":{"line":1037,"column":6},"end":{"line":1043,"column":7}},"446":{"start":{"line":1038,"column":8},"end":{"line":1042,"column":10}},"447":{"start":{"line":1046,"column":21},"end":{"line":1049,"column":14}},"448":{"start":{"line":1050,"column":6},"end":{"line":1052,"column":7}},"449":{"start":{"line":1051,"column":8},"end":{"line":1051,"column":70}},"450":{"start":{"line":1054,"column":18},"end":{"line":1054,"column":31}},"451":{"start":{"line":1055,"column":6},"end":{"line":1061,"column":7}},"452":{"start":{"line":1056,"column":8},"end":{"line":1060,"column":10}},"453":{"start":{"line":1063,"column":6},"end":{"line":1069,"column":7}},"454":{"start":{"line":1064,"column":8},"end":{"line":1068,"column":10}},"455":{"start":{"line":1072,"column":6},"end":{"line":1077,"column":9}},"456":{"start":{"line":1080,"column":26},"end":{"line":1080,"column":64}},"457":{"start":{"line":1081,"column":36},"end":{"line":1085,"column":14}},"458":{"start":{"line":1087,"column":6},"end":{"line":1096,"column":7}},"459":{"start":{"line":1088,"column":22},"end":{"line":1088,"column":32}},"460":{"start":{"line":1089,"column":8},"end":{"line":1094,"column":11}},"461":{"start":{"line":1090,"column":10},"end":{"line":1093,"column":13}},"462":{"start":{"line":1095,"column":8},"end":{"line":1095,"column":29}},"463":{"start":{"line":1099,"column":32},"end":{"line":1099,"column":71}},"464":{"start":{"line":1100,"column":6},"end":{"line":1108,"column":9}},"465":{"start":{"line":1111,"column":28},"end":{"line":1111,"column":63}},"466":{"start":{"line":1112,"column":6},"end":{"line":1117,"column":9}},"467":{"start":{"line":1120,"column":6},"end":{"line":1120,"column":38}},"468":{"start":{"line":1121,"column":6},"end":{"line":1121,"column":46}},"469":{"start":{"line":1122,"column":6},"end":{"line":1122,"column":44}},"470":{"start":{"line":1123,"column":6},"end":{"line":1123,"column":45}},"471":{"start":{"line":1124,"column":6},"end":{"line":1124,"column":50}},"472":{"start":{"line":1125,"column":6},"end":{"line":1125,"column":51}},"473":{"start":{"line":1127,"column":6},"end":{"line":1131,"column":9}},"474":{"start":{"line":1133,"column":6},"end":{"line":1133,"column":67}},"475":{"start":{"line":1134,"column":6},"end":{"line":1139,"column":8}},"476":{"start":{"line":1144,"column":4},"end":{"line":1151,"column":5}},"477":{"start":{"line":1145,"column":24},"end":{"line":1145,"column":55}},"478":{"start":{"line":1146,"column":21},"end":{"line":1146,"column":52}},"479":{"start":{"line":1147,"column":6},"end":{"line":1147,"column":87}},"480":{"start":{"line":1149,"column":6},"end":{"line":1149,"column":60}},"481":{"start":{"line":1150,"column":6},"end":{"line":1150,"column":76}},"482":{"start":{"line":1155,"column":4},"end":{"line":1172,"column":5}},"483":{"start":{"line":1156,"column":24},"end":{"line":1156,"column":55}},"484":{"start":{"line":1157,"column":24},"end":{"line":1157,"column":32}},"485":{"start":{"line":1159,"column":6},"end":{"line":1161,"column":7}},"486":{"start":{"line":1160,"column":8},"end":{"line":1160,"column":79}},"487":{"start":{"line":1163,"column":6},"end":{"line":1163,"column":50}},"488":{"start":{"line":1166,"column":6},"end":{"line":1166,"column":45}},"489":{"start":{"line":1168,"column":6},"end":{"line":1168,"column":88}},"490":{"start":{"line":1170,"column":6},"end":{"line":1170,"column":58}},"491":{"start":{"line":1171,"column":6},"end":{"line":1171,"column":74}},"492":{"start":{"line":1176,"column":4},"end":{"line":1203,"column":5}},"493":{"start":{"line":1177,"column":6},"end":{"line":1179,"column":7}},"494":{"start":{"line":1178,"column":8},"end":{"line":1178,"column":64}},"495":{"start":{"line":1181,"column":25},"end":{"line":1181,"column":63}},"496":{"start":{"line":1183,"column":27},"end":{"line":1197,"column":7}},"497":{"start":{"line":1189,"column":10},"end":{"line":1192,"column":11}},"498":{"start":{"line":1190,"column":12},"end":{"line":1190,"column":61}},"499":{"start":{"line":1191,"column":12},"end":{"line":1191,"column":83}},"500":{"start":{"line":1193,"column":10},"end":{"line":1195,"column":13}},"501":{"start":{"line":1199,"column":6},"end":{"line":1199,"column":40}},"502":{"start":{"line":1201,"column":6},"end":{"line":1201,"column":56}},"503":{"start":{"line":1202,"column":6},"end":{"line":1202,"column":81}},"504":{"start":{"line":1207,"column":4},"end":{"line":1224,"column":5}},"505":{"start":{"line":1208,"column":20},"end":{"line":1208,"column":56}},"506":{"start":{"line":1209,"column":17},"end":{"line":1209,"column":34}},"507":{"start":{"line":1211,"column":23},"end":{"line":1213,"column":14}},"508":{"start":{"line":1215,"column":22},"end":{"line":1215,"column":24}},"509":{"start":{"line":1216,"column":6},"end":{"line":1218,"column":9}},"510":{"start":{"line":1217,"column":8},"end":{"line":1217,"column":33}},"511":{"start":{"line":1220,"column":6},"end":{"line":1220,"column":81}},"512":{"start":{"line":1222,"column":6},"end":{"line":1222,"column":56}},"513":{"start":{"line":1223,"column":6},"end":{"line":1223,"column":72}},"514":{"start":{"line":1228,"column":4},"end":{"line":1250,"column":5}},"515":{"start":{"line":1229,"column":27},"end":{"line":1229,"column":37}},"516":{"start":{"line":1230,"column":6},"end":{"line":1232,"column":7}},"517":{"start":{"line":1231,"column":8},"end":{"line":1231,"column":69}},"518":{"start":{"line":1234,"column":20},"end":{"line":1234,"column":56}},"519":{"start":{"line":1235,"column":17},"end":{"line":1235,"column":34}},"520":{"start":{"line":1237,"column":21},"end":{"line":1237,"column":59}},"521":{"start":{"line":1238,"column":18},"end":{"line":1238,"column":36}},"522":{"start":{"line":1240,"column":6},"end":{"line":1242,"column":7}},"523":{"start":{"line":1241,"column":8},"end":{"line":1241,"column":64}},"524":{"start":{"line":1244,"column":6},"end":{"line":1244,"column":28}},"525":{"start":{"line":1246,"column":6},"end":{"line":1246,"column":79}},"526":{"start":{"line":1248,"column":6},"end":{"line":1248,"column":53}},"527":{"start":{"line":1249,"column":6},"end":{"line":1249,"column":69}},"528":{"start":{"line":1254,"column":0},"end":{"line":1254,"column":33}}},"fnMap":{"0":{"name":"(anonymous_0)","decl":{"start":{"line":9,"column":2},"end":{"line":9,"column":3}},"loc":{"start":{"line":9,"column":43},"end":{"line":117,"column":3}},"line":9},"1":{"name":"(anonymous_1)","decl":{"start":{"line":27,"column":28},"end":{"line":27,"column":29}},"loc":{"start":{"line":27,"column":35},"end":{"line":31,"column":7}},"line":27},"2":{"name":"(anonymous_2)","decl":{"start":{"line":51,"column":36},"end":{"line":51,"column":37}},"loc":{"start":{"line":51,"column":45},"end":{"line":58,"column":7}},"line":51},"3":{"name":"(anonymous_3)","decl":{"start":{"line":61,"column":29},"end":{"line":61,"column":30}},"loc":{"start":{"line":61,"column":38},"end":{"line":94,"column":7}},"line":61},"4":{"name":"(anonymous_4)","decl":{"start":{"line":72,"column":14},"end":{"line":72,"column":15}},"loc":{"start":{"line":72,"column":21},"end":{"line":72,"column":70}},"line":72},"5":{"name":"(anonymous_5)","decl":{"start":{"line":97,"column":8},"end":{"line":97,"column":9}},"loc":{"start":{"line":97,"column":19},"end":{"line":97,"column":59}},"line":97},"6":{"name":"(anonymous_6)","decl":{"start":{"line":100,"column":24},"end":{"line":100,"column":25}},"loc":{"start":{"line":100,"column":34},"end":{"line":100,"column":69}},"line":100},"7":{"name":"(anonymous_7)","decl":{"start":{"line":119,"column":2},"end":{"line":119,"column":3}},"loc":{"start":{"line":119,"column":45},"end":{"line":199,"column":3}},"line":119},"8":{"name":"(anonymous_8)","decl":{"start":{"line":133,"column":26},"end":{"line":133,"column":27}},"loc":{"start":{"line":133,"column":41},"end":{"line":185,"column":9}},"line":133},"9":{"name":"(anonymous_9)","decl":{"start":{"line":158,"column":44},"end":{"line":158,"column":45}},"loc":{"start":{"line":158,"column":50},"end":{"line":158,"column":52}},"line":158},"10":{"name":"(anonymous_10)","decl":{"start":{"line":201,"column":2},"end":{"line":201,"column":3}},"loc":{"start":{"line":201,"column":44},"end":{"line":239,"column":3}},"line":201},"11":{"name":"(anonymous_11)","decl":{"start":{"line":220,"column":38},"end":{"line":220,"column":39}},"loc":{"start":{"line":220,"column":45},"end":{"line":222,"column":9}},"line":220},"12":{"name":"(anonymous_12)","decl":{"start":{"line":241,"column":2},"end":{"line":241,"column":3}},"loc":{"start":{"line":241,"column":44},"end":{"line":527,"column":3}},"line":241},"13":{"name":"(anonymous_13)","decl":{"start":{"line":271,"column":12},"end":{"line":271,"column":13}},"loc":{"start":{"line":271,"column":19},"end":{"line":271,"column":65}},"line":271},"14":{"name":"(anonymous_14)","decl":{"start":{"line":360,"column":45},"end":{"line":360,"column":46}},"loc":{"start":{"line":360,"column":52},"end":{"line":364,"column":9}},"line":360},"15":{"name":"(anonymous_15)","decl":{"start":{"line":410,"column":12},"end":{"line":410,"column":13}},"loc":{"start":{"line":410,"column":25},"end":{"line":410,"column":98}},"line":410},"16":{"name":"(anonymous_16)","decl":{"start":{"line":529,"column":2},"end":{"line":529,"column":3}},"loc":{"start":{"line":529,"column":48},"end":{"line":568,"column":3}},"line":529},"17":{"name":"(anonymous_17)","decl":{"start":{"line":570,"column":2},"end":{"line":570,"column":3}},"loc":{"start":{"line":570,"column":46},"end":{"line":592,"column":3}},"line":570},"18":{"name":"(anonymous_18)","decl":{"start":{"line":594,"column":2},"end":{"line":594,"column":3}},"loc":{"start":{"line":594,"column":42},"end":{"line":607,"column":3}},"line":594},"19":{"name":"(anonymous_19)","decl":{"start":{"line":612,"column":2},"end":{"line":612,"column":3}},"loc":{"start":{"line":612,"column":37},"end":{"line":695,"column":3}},"line":612},"20":{"name":"(anonymous_20)","decl":{"start":{"line":629,"column":36},"end":{"line":629,"column":37}},"loc":{"start":{"line":629,"column":45},"end":{"line":640,"column":7}},"line":629},"21":{"name":"(anonymous_21)","decl":{"start":{"line":643,"column":28},"end":{"line":643,"column":29}},"loc":{"start":{"line":643,"column":37},"end":{"line":679,"column":7}},"line":643},"22":{"name":"(anonymous_22)","decl":{"start":{"line":682,"column":17},"end":{"line":682,"column":18}},"loc":{"start":{"line":682,"column":27},"end":{"line":687,"column":7}},"line":682},"23":{"name":"(anonymous_23)","decl":{"start":{"line":700,"column":2},"end":{"line":700,"column":3}},"loc":{"start":{"line":700,"column":39},"end":{"line":798,"column":3}},"line":700},"24":{"name":"(anonymous_24)","decl":{"start":{"line":728,"column":38},"end":{"line":728,"column":39}},"loc":{"start":{"line":728,"column":44},"end":{"line":728,"column":46}},"line":728},"25":{"name":"(anonymous_25)","decl":{"start":{"line":752,"column":42},"end":{"line":752,"column":43}},"loc":{"start":{"line":752,"column":51},"end":{"line":752,"column":61}},"line":752},"26":{"name":"(anonymous_26)","decl":{"start":{"line":754,"column":10},"end":{"line":754,"column":11}},"loc":{"start":{"line":754,"column":20},"end":{"line":754,"column":65}},"line":754},"27":{"name":"(anonymous_27)","decl":{"start":{"line":803,"column":2},"end":{"line":803,"column":3}},"loc":{"start":{"line":803,"column":43},"end":{"line":940,"column":3}},"line":803},"28":{"name":"(anonymous_28)","decl":{"start":{"line":846,"column":19},"end":{"line":846,"column":20}},"loc":{"start":{"line":846,"column":26},"end":{"line":846,"column":103}},"line":846},"29":{"name":"(anonymous_29)","decl":{"start":{"line":860,"column":19},"end":{"line":860,"column":20}},"loc":{"start":{"line":860,"column":26},"end":{"line":860,"column":103}},"line":860},"30":{"name":"(anonymous_30)","decl":{"start":{"line":909,"column":15},"end":{"line":909,"column":16}},"loc":{"start":{"line":909,"column":22},"end":{"line":909,"column":92}},"line":909},"31":{"name":"(anonymous_31)","decl":{"start":{"line":925,"column":15},"end":{"line":925,"column":16}},"loc":{"start":{"line":925,"column":22},"end":{"line":925,"column":92}},"line":925},"32":{"name":"(anonymous_32)","decl":{"start":{"line":945,"column":2},"end":{"line":945,"column":3}},"loc":{"start":{"line":945,"column":52},"end":{"line":1027,"column":3}},"line":945},"33":{"name":"(anonymous_33)","decl":{"start":{"line":994,"column":15},"end":{"line":994,"column":16}},"loc":{"start":{"line":994,"column":22},"end":{"line":994,"column":99}},"line":994},"34":{"name":"(anonymous_34)","decl":{"start":{"line":1010,"column":15},"end":{"line":1010,"column":16}},"loc":{"start":{"line":1010,"column":22},"end":{"line":1010,"column":99}},"line":1010},"35":{"name":"(anonymous_35)","decl":{"start":{"line":1032,"column":2},"end":{"line":1032,"column":3}},"loc":{"start":{"line":1032,"column":49},"end":{"line":1141,"column":3}},"line":1032},"36":{"name":"(anonymous_36)","decl":{"start":{"line":1089,"column":38},"end":{"line":1089,"column":39}},"loc":{"start":{"line":1089,"column":50},"end":{"line":1094,"column":9}},"line":1089},"37":{"name":"(anonymous_37)","decl":{"start":{"line":1143,"column":2},"end":{"line":1143,"column":3}},"loc":{"start":{"line":1143,"column":39},"end":{"line":1152,"column":3}},"line":1143},"38":{"name":"(anonymous_38)","decl":{"start":{"line":1154,"column":2},"end":{"line":1154,"column":3}},"loc":{"start":{"line":1154,"column":42},"end":{"line":1173,"column":3}},"line":1154},"39":{"name":"(anonymous_39)","decl":{"start":{"line":1175,"column":2},"end":{"line":1175,"column":3}},"loc":{"start":{"line":1175,"column":41},"end":{"line":1204,"column":3}},"line":1175},"40":{"name":"(anonymous_40)","decl":{"start":{"line":1188,"column":8},"end":{"line":1188,"column":9}},"loc":{"start":{"line":1188,"column":27},"end":{"line":1196,"column":9}},"line":1188},"41":{"name":"(anonymous_41)","decl":{"start":{"line":1206,"column":2},"end":{"line":1206,"column":3}},"loc":{"start":{"line":1206,"column":39},"end":{"line":1225,"column":3}},"line":1206},"42":{"name":"(anonymous_42)","decl":{"start":{"line":1216,"column":23},"end":{"line":1216,"column":24}},"loc":{"start":{"line":1216,"column":30},"end":{"line":1218,"column":7}},"line":1216},"43":{"name":"(anonymous_43)","decl":{"start":{"line":1227,"column":2},"end":{"line":1227,"column":3}},"loc":{"start":{"line":1227,"column":38},"end":{"line":1251,"column":3}},"line":1227}},"branchMap":{"0":{"loc":{"start":{"line":12,"column":6},"end":{"line":19,"column":7}},"type":"if","locations":[{"start":{"line":12,"column":6},"end":{"line":19,"column":7}},{"start":{},"end":{}}],"line":12},"1":{"loc":{"start":{"line":28,"column":8},"end":{"line":30,"column":9}},"type":"if","locations":[{"start":{"line":28,"column":8},"end":{"line":30,"column":9}},{"start":{},"end":{}}],"line":28},"2":{"loc":{"start":{"line":54,"column":8},"end":{"line":57,"column":9}},"type":"if","locations":[{"start":{"line":54,"column":8},"end":{"line":57,"column":9}},{"start":{},"end":{}}],"line":54},"3":{"loc":{"start":{"line":55,"column":24},"end":{"line":55,"column":64}},"type":"binary-expr","locations":[{"start":{"line":55,"column":24},"end":{"line":55,"column":46}},{"start":{"line":55,"column":50},"end":{"line":55,"column":59}},{"start":{"line":55,"column":63},"end":{"line":55,"column":64}}],"line":55},"4":{"loc":{"start":{"line":63,"column":31},"end":{"line":63,"column":46}},"type":"binary-expr","locations":[{"start":{"line":63,"column":31},"end":{"line":63,"column":41}},{"start":{"line":63,"column":45},"end":{"line":63,"column":46}}],"line":63},"5":{"loc":{"start":{"line":64,"column":24},"end":{"line":64,"column":54}},"type":"binary-expr","locations":[{"start":{"line":64,"column":24},"end":{"line":64,"column":42}},{"start":{"line":64,"column":46},"end":{"line":64,"column":54}}],"line":64},"6":{"loc":{"start":{"line":66,"column":8},"end":{"line":76,"column":9}},"type":"if","locations":[{"start":{"line":66,"column":8},"end":{"line":76,"column":9}},{"start":{},"end":{}}],"line":66},"7":{"loc":{"start":{"line":68,"column":10},"end":{"line":75,"column":11}},"type":"if","locations":[{"start":{"line":68,"column":10},"end":{"line":75,"column":11}},{"start":{"line":70,"column":17},"end":{"line":75,"column":11}}],"line":68},"8":{"loc":{"start":{"line":72,"column":21},"end":{"line":72,"column":70}},"type":"binary-expr","locations":[{"start":{"line":72,"column":21},"end":{"line":72,"column":45}},{"start":{"line":72,"column":49},"end":{"line":72,"column":70}}],"line":72},"9":{"loc":{"start":{"line":74,"column":24},"end":{"line":74,"column":56}},"type":"binary-expr","locations":[{"start":{"line":74,"column":24},"end":{"line":74,"column":46}},{"start":{"line":74,"column":50},"end":{"line":74,"column":56}}],"line":74},"10":{"loc":{"start":{"line":78,"column":23},"end":{"line":78,"column":60}},"type":"binary-expr","locations":[{"start":{"line":78,"column":23},"end":{"line":78,"column":47}},{"start":{"line":78,"column":51},"end":{"line":78,"column":60}}],"line":78},"11":{"loc":{"start":{"line":79,"column":8},"end":{"line":83,"column":9}},"type":"if","locations":[{"start":{"line":79,"column":8},"end":{"line":83,"column":9}},{"start":{"line":81,"column":15},"end":{"line":83,"column":9}}],"line":79},"12":{"loc":{"start":{"line":85,"column":8},"end":{"line":93,"column":9}},"type":"if","locations":[{"start":{"line":85,"column":8},"end":{"line":93,"column":9}},{"start":{},"end":{}}],"line":85},"13":{"loc":{"start":{"line":122,"column":6},"end":{"line":129,"column":7}},"type":"if","locations":[{"start":{"line":122,"column":6},"end":{"line":129,"column":7}},{"start":{},"end":{}}],"line":122},"14":{"loc":{"start":{"line":137,"column":12},"end":{"line":163,"column":13}},"type":"if","locations":[{"start":{"line":137,"column":12},"end":{"line":163,"column":13}},{"start":{"line":139,"column":19},"end":{"line":163,"column":13}}],"line":137},"15":{"loc":{"start":{"line":139,"column":19},"end":{"line":163,"column":13}},"type":"if","locations":[{"start":{"line":139,"column":19},"end":{"line":163,"column":13}},{"start":{},"end":{}}],"line":139},"16":{"loc":{"start":{"line":142,"column":16},"end":{"line":159,"column":17}},"type":"if","locations":[{"start":{"line":142,"column":16},"end":{"line":159,"column":17}},{"start":{},"end":{}}],"line":142},"17":{"loc":{"start":{"line":144,"column":18},"end":{"line":147,"column":19}},"type":"if","locations":[{"start":{"line":144,"column":18},"end":{"line":147,"column":19}},{"start":{},"end":{}}],"line":144},"18":{"loc":{"start":{"line":144,"column":22},"end":{"line":144,"column":49}},"type":"binary-expr","locations":[{"start":{"line":144,"column":22},"end":{"line":144,"column":31}},{"start":{"line":144,"column":35},"end":{"line":144,"column":49}}],"line":144},"19":{"loc":{"start":{"line":149,"column":26},"end":{"line":149,"column":48}},"type":"binary-expr","locations":[{"start":{"line":149,"column":26},"end":{"line":149,"column":34}},{"start":{"line":149,"column":38},"end":{"line":149,"column":48}}],"line":149},"20":{"loc":{"start":{"line":150,"column":27},"end":{"line":150,"column":47}},"type":"binary-expr","locations":[{"start":{"line":150,"column":27},"end":{"line":150,"column":41}},{"start":{"line":150,"column":45},"end":{"line":150,"column":47}}],"line":150},"21":{"loc":{"start":{"line":151,"column":27},"end":{"line":151,"column":56}},"type":"binary-expr","locations":[{"start":{"line":151,"column":27},"end":{"line":151,"column":47}},{"start":{"line":151,"column":51},"end":{"line":151,"column":56}}],"line":151},"22":{"loc":{"start":{"line":165,"column":12},"end":{"line":177,"column":13}},"type":"if","locations":[{"start":{"line":165,"column":12},"end":{"line":177,"column":13}},{"start":{},"end":{}}],"line":165},"23":{"loc":{"start":{"line":166,"column":29},"end":{"line":166,"column":66}},"type":"binary-expr","locations":[{"start":{"line":166,"column":29},"end":{"line":166,"column":42}},{"start":{"line":166,"column":46},"end":{"line":166,"column":66}}],"line":166},"24":{"loc":{"start":{"line":167,"column":14},"end":{"line":170,"column":15}},"type":"if","locations":[{"start":{"line":167,"column":14},"end":{"line":170,"column":15}},{"start":{},"end":{}}],"line":167},"25":{"loc":{"start":{"line":167,"column":18},"end":{"line":167,"column":45}},"type":"binary-expr","locations":[{"start":{"line":167,"column":18},"end":{"line":167,"column":27}},{"start":{"line":167,"column":31},"end":{"line":167,"column":45}}],"line":167},"26":{"loc":{"start":{"line":173,"column":26},"end":{"line":173,"column":48}},"type":"binary-expr","locations":[{"start":{"line":173,"column":26},"end":{"line":173,"column":34}},{"start":{"line":173,"column":38},"end":{"line":173,"column":48}}],"line":173},"27":{"loc":{"start":{"line":174,"column":27},"end":{"line":174,"column":47}},"type":"binary-expr","locations":[{"start":{"line":174,"column":27},"end":{"line":174,"column":41}},{"start":{"line":174,"column":45},"end":{"line":174,"column":47}}],"line":174},"28":{"loc":{"start":{"line":175,"column":27},"end":{"line":175,"column":208}},"type":"binary-expr","locations":[{"start":{"line":175,"column":27},"end":{"line":175,"column":44}},{"start":{"line":175,"column":48},"end":{"line":175,"column":57}},{"start":{"line":175,"column":62},"end":{"line":175,"column":126}},{"start":{"line":175,"column":131},"end":{"line":175,"column":151}},{"start":{"line":175,"column":156},"end":{"line":175,"column":169}},{"start":{"line":175,"column":173},"end":{"line":175,"column":198}},{"start":{"line":175,"column":203},"end":{"line":175,"column":208}}],"line":175},"29":{"loc":{"start":{"line":175,"column":62},"end":{"line":175,"column":126}},"type":"cond-expr","locations":[{"start":{"line":175,"column":107},"end":{"line":175,"column":121}},{"start":{"line":175,"column":124},"end":{"line":175,"column":126}}],"line":175},"30":{"loc":{"start":{"line":175,"column":62},"end":{"line":175,"column":104}},"type":"binary-expr","locations":[{"start":{"line":175,"column":62},"end":{"line":175,"column":76}},{"start":{"line":175,"column":80},"end":{"line":175,"column":104}}],"line":175},"31":{"loc":{"start":{"line":204,"column":6},"end":{"line":205,"column":75}},"type":"if","locations":[{"start":{"line":204,"column":6},"end":{"line":205,"column":75}},{"start":{},"end":{}}],"line":204},"32":{"loc":{"start":{"line":218,"column":6},"end":{"line":224,"column":7}},"type":"if","locations":[{"start":{"line":218,"column":6},"end":{"line":224,"column":7}},{"start":{},"end":{}}],"line":218},"33":{"loc":{"start":{"line":244,"column":6},"end":{"line":251,"column":7}},"type":"if","locations":[{"start":{"line":244,"column":6},"end":{"line":251,"column":7}},{"start":{},"end":{}}],"line":244},"34":{"loc":{"start":{"line":244,"column":10},"end":{"line":244,"column":56}},"type":"binary-expr","locations":[{"start":{"line":244,"column":10},"end":{"line":244,"column":26}},{"start":{"line":244,"column":30},"end":{"line":244,"column":56}}],"line":244},"35":{"loc":{"start":{"line":267,"column":8},"end":{"line":267,"column":78}},"type":"if","locations":[{"start":{"line":267,"column":8},"end":{"line":267,"column":78}},{"start":{},"end":{}}],"line":267},"36":{"loc":{"start":{"line":267,"column":12},"end":{"line":267,"column":67}},"type":"binary-expr","locations":[{"start":{"line":267,"column":12},"end":{"line":267,"column":28}},{"start":{"line":267,"column":32},"end":{"line":267,"column":67}}],"line":267},"37":{"loc":{"start":{"line":269,"column":8},"end":{"line":274,"column":9}},"type":"if","locations":[{"start":{"line":269,"column":8},"end":{"line":274,"column":9}},{"start":{},"end":{}}],"line":269},"38":{"loc":{"start":{"line":269,"column":12},"end":{"line":269,"column":94}},"type":"binary-expr","locations":[{"start":{"line":269,"column":12},"end":{"line":269,"column":28}},{"start":{"line":269,"column":32},"end":{"line":269,"column":63}},{"start":{"line":269,"column":67},"end":{"line":269,"column":94}}],"line":269},"39":{"loc":{"start":{"line":271,"column":19},"end":{"line":271,"column":65}},"type":"binary-expr","locations":[{"start":{"line":271,"column":19},"end":{"line":271,"column":20}},{"start":{"line":271,"column":24},"end":{"line":271,"column":65}}],"line":271},"40":{"loc":{"start":{"line":273,"column":10},"end":{"line":273,"column":37}},"type":"if","locations":[{"start":{"line":273,"column":10},"end":{"line":273,"column":37}},{"start":{},"end":{}}],"line":273},"41":{"loc":{"start":{"line":278,"column":8},"end":{"line":296,"column":9}},"type":"if","locations":[{"start":{"line":278,"column":8},"end":{"line":296,"column":9}},{"start":{"line":280,"column":15},"end":{"line":296,"column":9}}],"line":278},"42":{"loc":{"start":{"line":280,"column":15},"end":{"line":296,"column":9}},"type":"if","locations":[{"start":{"line":280,"column":15},"end":{"line":296,"column":9}},{"start":{},"end":{}}],"line":280},"43":{"loc":{"start":{"line":283,"column":12},"end":{"line":294,"column":13}},"type":"if","locations":[{"start":{"line":283,"column":12},"end":{"line":294,"column":13}},{"start":{},"end":{}}],"line":283},"44":{"loc":{"start":{"line":285,"column":14},"end":{"line":288,"column":15}},"type":"if","locations":[{"start":{"line":285,"column":14},"end":{"line":288,"column":15}},{"start":{},"end":{}}],"line":285},"45":{"loc":{"start":{"line":285,"column":18},"end":{"line":285,"column":45}},"type":"binary-expr","locations":[{"start":{"line":285,"column":18},"end":{"line":285,"column":27}},{"start":{"line":285,"column":31},"end":{"line":285,"column":45}}],"line":285},"46":{"loc":{"start":{"line":290,"column":22},"end":{"line":290,"column":44}},"type":"binary-expr","locations":[{"start":{"line":290,"column":22},"end":{"line":290,"column":30}},{"start":{"line":290,"column":34},"end":{"line":290,"column":44}}],"line":290},"47":{"loc":{"start":{"line":291,"column":23},"end":{"line":291,"column":43}},"type":"binary-expr","locations":[{"start":{"line":291,"column":23},"end":{"line":291,"column":37}},{"start":{"line":291,"column":41},"end":{"line":291,"column":43}}],"line":291},"48":{"loc":{"start":{"line":292,"column":23},"end":{"line":292,"column":52}},"type":"binary-expr","locations":[{"start":{"line":292,"column":23},"end":{"line":292,"column":43}},{"start":{"line":292,"column":47},"end":{"line":292,"column":52}}],"line":292},"49":{"loc":{"start":{"line":297,"column":19},"end":{"line":297,"column":51}},"type":"binary-expr","locations":[{"start":{"line":297,"column":19},"end":{"line":297,"column":27}},{"start":{"line":297,"column":31},"end":{"line":297,"column":51}}],"line":297},"50":{"loc":{"start":{"line":299,"column":27},"end":{"line":299,"column":64}},"type":"binary-expr","locations":[{"start":{"line":299,"column":27},"end":{"line":299,"column":40}},{"start":{"line":299,"column":44},"end":{"line":299,"column":64}}],"line":299},"51":{"loc":{"start":{"line":300,"column":8},"end":{"line":304,"column":9}},"type":"if","locations":[{"start":{"line":300,"column":8},"end":{"line":304,"column":9}},{"start":{},"end":{}}],"line":300},"52":{"loc":{"start":{"line":300,"column":12},"end":{"line":300,"column":43}},"type":"binary-expr","locations":[{"start":{"line":300,"column":12},"end":{"line":300,"column":25}},{"start":{"line":300,"column":29},"end":{"line":300,"column":43}}],"line":300},"53":{"loc":{"start":{"line":305,"column":23},"end":{"line":305,"column":49}},"type":"binary-expr","locations":[{"start":{"line":305,"column":23},"end":{"line":305,"column":35}},{"start":{"line":305,"column":39},"end":{"line":305,"column":49}}],"line":305},"54":{"loc":{"start":{"line":312,"column":30},"end":{"line":314,"column":16}},"type":"cond-expr","locations":[{"start":{"line":313,"column":12},"end":{"line":313,"column":46}},{"start":{"line":314,"column":12},"end":{"line":314,"column":16}}],"line":312},"55":{"loc":{"start":{"line":318,"column":8},"end":{"line":320,"column":9}},"type":"if","locations":[{"start":{"line":318,"column":8},"end":{"line":320,"column":9}},{"start":{},"end":{}}],"line":318},"56":{"loc":{"start":{"line":321,"column":8},"end":{"line":338,"column":9}},"type":"if","locations":[{"start":{"line":321,"column":8},"end":{"line":338,"column":9}},{"start":{},"end":{}}],"line":321},"57":{"loc":{"start":{"line":322,"column":10},"end":{"line":334,"column":11}},"type":"if","locations":[{"start":{"line":322,"column":10},"end":{"line":334,"column":11}},{"start":{"line":325,"column":17},"end":{"line":334,"column":11}}],"line":322},"58":{"loc":{"start":{"line":323,"column":42},"end":{"line":323,"column":119}},"type":"cond-expr","locations":[{"start":{"line":323,"column":71},"end":{"line":323,"column":100}},{"start":{"line":323,"column":103},"end":{"line":323,"column":119}}],"line":323},"59":{"loc":{"start":{"line":324,"column":38},"end":{"line":324,"column":98}},"type":"cond-expr","locations":[{"start":{"line":324,"column":63},"end":{"line":324,"column":88}},{"start":{"line":324,"column":91},"end":{"line":324,"column":98}}],"line":324},"60":{"loc":{"start":{"line":326,"column":12},"end":{"line":326,"column":81}},"type":"if","locations":[{"start":{"line":326,"column":12},"end":{"line":326,"column":81}},{"start":{},"end":{}}],"line":326},"61":{"loc":{"start":{"line":327,"column":12},"end":{"line":327,"column":81}},"type":"if","locations":[{"start":{"line":327,"column":12},"end":{"line":327,"column":81}},{"start":{},"end":{}}],"line":327},"62":{"loc":{"start":{"line":328,"column":12},"end":{"line":333,"column":13}},"type":"if","locations":[{"start":{"line":328,"column":12},"end":{"line":333,"column":13}},{"start":{},"end":{}}],"line":328},"63":{"loc":{"start":{"line":330,"column":14},"end":{"line":332,"column":15}},"type":"if","locations":[{"start":{"line":330,"column":14},"end":{"line":332,"column":15}},{"start":{},"end":{}}],"line":330},"64":{"loc":{"start":{"line":330,"column":18},"end":{"line":330,"column":132}},"type":"binary-expr","locations":[{"start":{"line":330,"column":18},"end":{"line":330,"column":49}},{"start":{"line":330,"column":54},"end":{"line":330,"column":91}},{"start":{"line":330,"column":95},"end":{"line":330,"column":131}}],"line":330},"65":{"loc":{"start":{"line":335,"column":10},"end":{"line":335,"column":74}},"type":"if","locations":[{"start":{"line":335,"column":10},"end":{"line":335,"column":74}},{"start":{},"end":{}}],"line":335},"66":{"loc":{"start":{"line":336,"column":10},"end":{"line":337,"column":72}},"type":"if","locations":[{"start":{"line":336,"column":10},"end":{"line":337,"column":72}},{"start":{"line":337,"column":15},"end":{"line":337,"column":72}}],"line":336},"67":{"loc":{"start":{"line":337,"column":15},"end":{"line":337,"column":72}},"type":"if","locations":[{"start":{"line":337,"column":15},"end":{"line":337,"column":72}},{"start":{},"end":{}}],"line":337},"68":{"loc":{"start":{"line":341,"column":8},"end":{"line":343,"column":9}},"type":"if","locations":[{"start":{"line":341,"column":8},"end":{"line":343,"column":9}},{"start":{},"end":{}}],"line":341},"69":{"loc":{"start":{"line":341,"column":12},"end":{"line":341,"column":70}},"type":"binary-expr","locations":[{"start":{"line":341,"column":12},"end":{"line":341,"column":27}},{"start":{"line":341,"column":31},"end":{"line":341,"column":70}}],"line":341},"70":{"loc":{"start":{"line":346,"column":8},"end":{"line":348,"column":9}},"type":"if","locations":[{"start":{"line":346,"column":8},"end":{"line":348,"column":9}},{"start":{},"end":{}}],"line":346},"71":{"loc":{"start":{"line":346,"column":12},"end":{"line":346,"column":88}},"type":"binary-expr","locations":[{"start":{"line":346,"column":12},"end":{"line":346,"column":49}},{"start":{"line":346,"column":53},"end":{"line":346,"column":88}}],"line":346},"72":{"loc":{"start":{"line":347,"column":36},"end":{"line":347,"column":84}},"type":"binary-expr","locations":[{"start":{"line":347,"column":36},"end":{"line":347,"column":59}},{"start":{"line":347,"column":63},"end":{"line":347,"column":84}}],"line":347},"73":{"loc":{"start":{"line":349,"column":27},"end":{"line":349,"column":113}},"type":"cond-expr","locations":[{"start":{"line":349,"column":67},"end":{"line":349,"column":89}},{"start":{"line":349,"column":92},"end":{"line":349,"column":113}}],"line":349},"74":{"loc":{"start":{"line":350,"column":8},"end":{"line":352,"column":9}},"type":"if","locations":[{"start":{"line":350,"column":8},"end":{"line":352,"column":9}},{"start":{},"end":{}}],"line":350},"75":{"loc":{"start":{"line":350,"column":12},"end":{"line":350,"column":62}},"type":"binary-expr","locations":[{"start":{"line":350,"column":12},"end":{"line":350,"column":36}},{"start":{"line":350,"column":40},"end":{"line":350,"column":62}}],"line":350},"76":{"loc":{"start":{"line":354,"column":8},"end":{"line":357,"column":9}},"type":"if","locations":[{"start":{"line":354,"column":8},"end":{"line":357,"column":9}},{"start":{},"end":{}}],"line":354},"77":{"loc":{"start":{"line":361,"column":10},"end":{"line":363,"column":11}},"type":"if","locations":[{"start":{"line":361,"column":10},"end":{"line":363,"column":11}},{"start":{},"end":{}}],"line":361},"78":{"loc":{"start":{"line":361,"column":14},"end":{"line":361,"column":112}},"type":"binary-expr","locations":[{"start":{"line":361,"column":14},"end":{"line":361,"column":43}},{"start":{"line":361,"column":47},"end":{"line":361,"column":81}},{"start":{"line":361,"column":85},"end":{"line":361,"column":112}}],"line":361},"79":{"loc":{"start":{"line":367,"column":8},"end":{"line":378,"column":9}},"type":"if","locations":[{"start":{"line":367,"column":8},"end":{"line":378,"column":9}},{"start":{},"end":{}}],"line":367},"80":{"loc":{"start":{"line":368,"column":29},"end":{"line":368,"column":43}},"type":"binary-expr","locations":[{"start":{"line":368,"column":29},"end":{"line":368,"column":37}},{"start":{"line":368,"column":41},"end":{"line":368,"column":43}}],"line":368},"81":{"loc":{"start":{"line":369,"column":10},"end":{"line":377,"column":11}},"type":"if","locations":[{"start":{"line":369,"column":10},"end":{"line":377,"column":11}},{"start":{"line":371,"column":17},"end":{"line":377,"column":11}}],"line":369},"82":{"loc":{"start":{"line":371,"column":17},"end":{"line":377,"column":11}},"type":"if","locations":[{"start":{"line":371,"column":17},"end":{"line":377,"column":11}},{"start":{"line":373,"column":17},"end":{"line":377,"column":11}}],"line":371},"83":{"loc":{"start":{"line":373,"column":17},"end":{"line":377,"column":11}},"type":"if","locations":[{"start":{"line":373,"column":17},"end":{"line":377,"column":11}},{"start":{"line":375,"column":17},"end":{"line":377,"column":11}}],"line":373},"84":{"loc":{"start":{"line":381,"column":32},"end":{"line":381,"column":46}},"type":"binary-expr","locations":[{"start":{"line":381,"column":32},"end":{"line":381,"column":40}},{"start":{"line":381,"column":44},"end":{"line":381,"column":46}}],"line":381},"85":{"loc":{"start":{"line":382,"column":30},"end":{"line":384,"column":62}},"type":"binary-expr","locations":[{"start":{"line":382,"column":30},"end":{"line":382,"column":64}},{"start":{"line":383,"column":30},"end":{"line":383,"column":65}},{"start":{"line":384,"column":30},"end":{"line":384,"column":62}}],"line":382},"86":{"loc":{"start":{"line":386,"column":8},"end":{"line":392,"column":9}},"type":"if","locations":[{"start":{"line":386,"column":8},"end":{"line":392,"column":9}},{"start":{"line":390,"column":15},"end":{"line":392,"column":9}}],"line":386},"87":{"loc":{"start":{"line":387,"column":10},"end":{"line":389,"column":11}},"type":"if","locations":[{"start":{"line":387,"column":10},"end":{"line":389,"column":11}},{"start":{},"end":{}}],"line":387},"88":{"loc":{"start":{"line":387,"column":14},"end":{"line":387,"column":137}},"type":"binary-expr","locations":[{"start":{"line":387,"column":14},"end":{"line":387,"column":42}},{"start":{"line":387,"column":46},"end":{"line":387,"column":94}},{"start":{"line":387,"column":98},"end":{"line":387,"column":137}}],"line":387},"89":{"loc":{"start":{"line":402,"column":27},"end":{"line":404,"column":16}},"type":"cond-expr","locations":[{"start":{"line":403,"column":12},"end":{"line":403,"column":40}},{"start":{"line":404,"column":12},"end":{"line":404,"column":16}}],"line":402},"90":{"loc":{"start":{"line":405,"column":24},"end":{"line":405,"column":78}},"type":"cond-expr","locations":[{"start":{"line":405,"column":47},"end":{"line":405,"column":71}},{"start":{"line":405,"column":74},"end":{"line":405,"column":78}}],"line":405},"91":{"loc":{"start":{"line":408,"column":10},"end":{"line":411,"column":11}},"type":"binary-expr","locations":[{"start":{"line":408,"column":10},"end":{"line":408,"column":36}},{"start":{"line":409,"column":10},"end":{"line":411,"column":11}}],"line":408},"92":{"loc":{"start":{"line":410,"column":25},"end":{"line":410,"column":98}},"type":"binary-expr","locations":[{"start":{"line":410,"column":25},"end":{"line":410,"column":32}},{"start":{"line":410,"column":36},"end":{"line":410,"column":63}},{"start":{"line":410,"column":67},"end":{"line":410,"column":98}}],"line":410},"93":{"loc":{"start":{"line":413,"column":27},"end":{"line":413,"column":41}},"type":"binary-expr","locations":[{"start":{"line":413,"column":27},"end":{"line":413,"column":35}},{"start":{"line":413,"column":39},"end":{"line":413,"column":41}}],"line":413},"94":{"loc":{"start":{"line":414,"column":35},"end":{"line":414,"column":111}},"type":"binary-expr","locations":[{"start":{"line":414,"column":35},"end":{"line":414,"column":56}},{"start":{"line":414,"column":60},"end":{"line":414,"column":84}},{"start":{"line":414,"column":88},"end":{"line":414,"column":111}}],"line":414},"95":{"loc":{"start":{"line":415,"column":29},"end":{"line":426,"column":9}},"type":"binary-expr","locations":[{"start":{"line":415,"column":29},"end":{"line":415,"column":48}},{"start":{"line":415,"column":52},"end":{"line":426,"column":9}}],"line":415},"96":{"loc":{"start":{"line":416,"column":10},"end":{"line":425,"column":50}},"type":"binary-expr","locations":[{"start":{"line":416,"column":10},"end":{"line":416,"column":38}},{"start":{"line":417,"column":10},"end":{"line":417,"column":40}},{"start":{"line":418,"column":10},"end":{"line":418,"column":46}},{"start":{"line":419,"column":10},"end":{"line":419,"column":42}},{"start":{"line":420,"column":10},"end":{"line":420,"column":53}},{"start":{"line":421,"column":10},"end":{"line":421,"column":45}},{"start":{"line":422,"column":10},"end":{"line":422,"column":45}},{"start":{"line":423,"column":10},"end":{"line":423,"column":47}},{"start":{"line":424,"column":10},"end":{"line":424,"column":55}},{"start":{"line":425,"column":10},"end":{"line":425,"column":50}}],"line":416},"97":{"loc":{"start":{"line":427,"column":29},"end":{"line":427,"column":63}},"type":"binary-expr","locations":[{"start":{"line":427,"column":29},"end":{"line":427,"column":47}},{"start":{"line":427,"column":51},"end":{"line":427,"column":63}}],"line":427},"98":{"loc":{"start":{"line":435,"column":17},"end":{"line":435,"column":198}},"type":"binary-expr","locations":[{"start":{"line":435,"column":17},"end":{"line":435,"column":34}},{"start":{"line":435,"column":38},"end":{"line":435,"column":47}},{"start":{"line":435,"column":52},"end":{"line":435,"column":116}},{"start":{"line":435,"column":121},"end":{"line":435,"column":141}},{"start":{"line":435,"column":146},"end":{"line":435,"column":159}},{"start":{"line":435,"column":163},"end":{"line":435,"column":188}},{"start":{"line":435,"column":193},"end":{"line":435,"column":198}}],"line":435},"99":{"loc":{"start":{"line":435,"column":52},"end":{"line":435,"column":116}},"type":"cond-expr","locations":[{"start":{"line":435,"column":97},"end":{"line":435,"column":111}},{"start":{"line":435,"column":114},"end":{"line":435,"column":116}}],"line":435},"100":{"loc":{"start":{"line":435,"column":52},"end":{"line":435,"column":94}},"type":"binary-expr","locations":[{"start":{"line":435,"column":52},"end":{"line":435,"column":66}},{"start":{"line":435,"column":70},"end":{"line":435,"column":94}}],"line":435},"101":{"loc":{"start":{"line":437,"column":12},"end":{"line":437,"column":76}},"type":"binary-expr","locations":[{"start":{"line":437,"column":12},"end":{"line":437,"column":31}},{"start":{"line":437,"column":35},"end":{"line":437,"column":51}},{"start":{"line":437,"column":55},"end":{"line":437,"column":76}}],"line":437},"102":{"loc":{"start":{"line":439,"column":26},"end":{"line":439,"column":63}},"type":"binary-expr","locations":[{"start":{"line":439,"column":26},"end":{"line":439,"column":54}},{"start":{"line":439,"column":58},"end":{"line":439,"column":63}}],"line":439},"103":{"loc":{"start":{"line":441,"column":26},"end":{"line":441,"column":70}},"type":"cond-expr","locations":[{"start":{"line":441,"column":39},"end":{"line":441,"column":56}},{"start":{"line":441,"column":59},"end":{"line":441,"column":70}}],"line":441},"104":{"loc":{"start":{"line":443,"column":21},"end":{"line":443,"column":42}},"type":"binary-expr","locations":[{"start":{"line":443,"column":21},"end":{"line":443,"column":34}},{"start":{"line":443,"column":38},"end":{"line":443,"column":42}}],"line":443},"105":{"loc":{"start":{"line":444,"column":19},"end":{"line":444,"column":38}},"type":"binary-expr","locations":[{"start":{"line":444,"column":19},"end":{"line":444,"column":30}},{"start":{"line":444,"column":34},"end":{"line":444,"column":38}}],"line":444},"106":{"loc":{"start":{"line":445,"column":25},"end":{"line":445,"column":83}},"type":"cond-expr","locations":[{"start":{"line":445,"column":59},"end":{"line":445,"column":76}},{"start":{"line":445,"column":79},"end":{"line":445,"column":83}}],"line":445},"107":{"loc":{"start":{"line":446,"column":25},"end":{"line":446,"column":52}},"type":"binary-expr","locations":[{"start":{"line":446,"column":25},"end":{"line":446,"column":42}},{"start":{"line":446,"column":46},"end":{"line":446,"column":52}}],"line":446},"108":{"loc":{"start":{"line":447,"column":30},"end":{"line":447,"column":52}},"type":"binary-expr","locations":[{"start":{"line":447,"column":30},"end":{"line":447,"column":40}},{"start":{"line":447,"column":44},"end":{"line":447,"column":52}}],"line":447},"109":{"loc":{"start":{"line":462,"column":10},"end":{"line":462,"column":53}},"type":"if","locations":[{"start":{"line":462,"column":10},"end":{"line":462,"column":53}},{"start":{},"end":{}}],"line":462},"110":{"loc":{"start":{"line":466,"column":22},"end":{"line":466,"column":50}},"type":"binary-expr","locations":[{"start":{"line":466,"column":22},"end":{"line":466,"column":41}},{"start":{"line":466,"column":45},"end":{"line":466,"column":50}}],"line":466},"111":{"loc":{"start":{"line":467,"column":24},"end":{"line":467,"column":70}},"type":"binary-expr","locations":[{"start":{"line":467,"column":24},"end":{"line":467,"column":45}},{"start":{"line":467,"column":49},"end":{"line":467,"column":70}}],"line":467},"112":{"loc":{"start":{"line":469,"column":10},"end":{"line":482,"column":11}},"type":"if","locations":[{"start":{"line":469,"column":10},"end":{"line":482,"column":11}},{"start":{},"end":{}}],"line":469},"113":{"loc":{"start":{"line":472,"column":14},"end":{"line":478,"column":15}},"type":"if","locations":[{"start":{"line":472,"column":14},"end":{"line":478,"column":15}},{"start":{},"end":{}}],"line":472},"114":{"loc":{"start":{"line":474,"column":31},"end":{"line":474,"column":78}},"type":"binary-expr","locations":[{"start":{"line":474,"column":31},"end":{"line":474,"column":41}},{"start":{"line":474,"column":45},"end":{"line":474,"column":62}},{"start":{"line":474,"column":66},"end":{"line":474,"column":78}}],"line":474},"115":{"loc":{"start":{"line":475,"column":24},"end":{"line":475,"column":44}},"type":"binary-expr","locations":[{"start":{"line":475,"column":24},"end":{"line":475,"column":35}},{"start":{"line":475,"column":39},"end":{"line":475,"column":44}}],"line":475},"116":{"loc":{"start":{"line":476,"column":24},"end":{"line":476,"column":72}},"type":"cond-expr","locations":[{"start":{"line":476,"column":42},"end":{"line":476,"column":47}},{"start":{"line":476,"column":51},"end":{"line":476,"column":71}}],"line":476},"117":{"loc":{"start":{"line":476,"column":51},"end":{"line":476,"column":71}},"type":"binary-expr","locations":[{"start":{"line":476,"column":51},"end":{"line":476,"column":62}},{"start":{"line":476,"column":66},"end":{"line":476,"column":71}}],"line":476},"118":{"loc":{"start":{"line":477,"column":26},"end":{"line":477,"column":98}},"type":"cond-expr","locations":[{"start":{"line":477,"column":62},"end":{"line":477,"column":69}},{"start":{"line":477,"column":73},"end":{"line":477,"column":97}}],"line":477},"119":{"loc":{"start":{"line":477,"column":73},"end":{"line":477,"column":97}},"type":"binary-expr","locations":[{"start":{"line":477,"column":73},"end":{"line":477,"column":86}},{"start":{"line":477,"column":90},"end":{"line":477,"column":97}}],"line":477},"120":{"loc":{"start":{"line":484,"column":25},"end":{"line":484,"column":50}},"type":"binary-expr","locations":[{"start":{"line":484,"column":25},"end":{"line":484,"column":44}},{"start":{"line":484,"column":48},"end":{"line":484,"column":50}}],"line":484},"121":{"loc":{"start":{"line":485,"column":42},"end":{"line":485,"column":108}},"type":"binary-expr","locations":[{"start":{"line":485,"column":42},"end":{"line":485,"column":61}},{"start":{"line":485,"column":65},"end":{"line":485,"column":108}}],"line":485},"122":{"loc":{"start":{"line":488,"column":21},"end":{"line":488,"column":42}},"type":"binary-expr","locations":[{"start":{"line":488,"column":21},"end":{"line":488,"column":37}},{"start":{"line":488,"column":41},"end":{"line":488,"column":42}}],"line":488},"123":{"loc":{"start":{"line":489,"column":20},"end":{"line":489,"column":53}},"type":"binary-expr","locations":[{"start":{"line":489,"column":20},"end":{"line":489,"column":36}},{"start":{"line":489,"column":40},"end":{"line":489,"column":53}}],"line":489},"124":{"loc":{"start":{"line":490,"column":20},"end":{"line":490,"column":53}},"type":"binary-expr","locations":[{"start":{"line":490,"column":20},"end":{"line":490,"column":36}},{"start":{"line":490,"column":40},"end":{"line":490,"column":53}}],"line":490},"125":{"loc":{"start":{"line":492,"column":10},"end":{"line":492,"column":82}},"type":"if","locations":[{"start":{"line":492,"column":10},"end":{"line":492,"column":82}},{"start":{},"end":{}}],"line":492},"126":{"loc":{"start":{"line":493,"column":10},"end":{"line":493,"column":86}},"type":"if","locations":[{"start":{"line":493,"column":10},"end":{"line":493,"column":86}},{"start":{},"end":{}}],"line
[...]
nd":{"line":32,"column":5}},{"start":{},"end":{}}],"line":30},"9":{"loc":{"start":{"line":30,"column":8},"end":{"line":30,"column":128}},"type":"binary-expr","locations":[{"start":{"line":30,"column":8},"end":{"line":30,"column":14}},{"start":{"line":30,"column":19},"end":{"line":30,"column":39}},{"start":{"line":30,"column":43},"end":{"line":30,"column":61}},{"start":{"line":30,"column":67},"end":{"line":30,"column":92}},{"start":{"line":30,"column":96},"end":{"line":30,"column":127}}],"line":30},"10":{"loc":{"start":{"line":35,"column":4},"end":{"line":43,"column":5}},"type":"if","locations":[{"start":{"line":35,"column":4},"end":{"line":43,"column":5}},{"start":{"line":37,"column":11},"end":{"line":43,"column":5}}],"line":35},"11":{"loc":{"start":{"line":37,"column":11},"end":{"line":43,"column":5}},"type":"if","locations":[{"start":{"line":37,"column":11},"end":{"line":43,"column":5}},{"start":{},"end":{}}],"line":37},"12":{"loc":{"start":{"line":39,"column":14},"end":{"line":39,"column":36}},"type":"binary-expr","locations":[{"start":{"line":39,"column":14},"end":{"line":39,"column":29}},{"start":{"line":39,"column":33},"end":{"line":39,"column":36}}],"line":39},"13":{"loc":{"start":{"line":40,"column":18},"end":{"line":40,"column":42}},"type":"binary-expr","locations":[{"start":{"line":40,"column":18},"end":{"line":40,"column":37}},{"start":{"line":40,"column":41},"end":{"line":40,"column":42}}],"line":40},"14":{"loc":{"start":{"line":41,"column":15},"end":{"line":41,"column":36}},"type":"binary-expr","locations":[{"start":{"line":41,"column":15},"end":{"line":41,"column":31}},{"start":{"line":41,"column":35},"end":{"line":41,"column":36}}],"line":41},"15":{"loc":{"start":{"line":84,"column":6},"end":{"line":87,"column":7}},"type":"if","locations":[{"start":{"line":84,"column":6},"end":{"line":87,"column":7}},{"start":{},"end":{}}],"line":84},"16":{"loc":{"start":{"line":90,"column":26},"end":{"line":92,"column":100}},"type":"cond-expr","locations":[{"start":{"line":91,"column":10},"end":{"line":91,"column":104}},{"start":{"line":92,"column":10},"end":{"line":92,"column":100}}],"line":90},"17":{"loc":{"start":{"line":97,"column":6},"end":{"line":114,"column":7}},"type":"if","locations":[{"start":{"line":97,"column":6},"end":{"line":114,"column":7}},{"start":{"line":104,"column":13},"end":{"line":114,"column":7}}],"line":97},"18":{"loc":{"start":{"line":99,"column":25},"end":{"line":99,"column":72}},"type":"binary-expr","locations":[{"start":{"line":99,"column":25},"end":{"line":99,"column":38}},{"start":{"line":99,"column":42},"end":{"line":99,"column":55}},{"start":{"line":99,"column":59},"end":{"line":99,"column":72}}],"line":99},"19":{"loc":{"start":{"line":102,"column":38},"end":{"line":102,"column":69}},"type":"binary-expr","locations":[{"start":{"line":102,"column":38},"end":{"line":102,"column":58}},{"start":{"line":102,"column":62},"end":{"line":102,"column":69}}],"line":102},"20":{"loc":{"start":{"line":104,"column":13},"end":{"line":114,"column":7}},"type":"if","locations":[{"start":{"line":104,"column":13},"end":{"line":114,"column":7}},{"start":{"line":111,"column":13},"end":{"line":114,"column":7}}],"line":104},"21":{"loc":{"start":{"line":106,"column":25},"end":{"line":106,"column":72}},"type":"binary-expr","locations":[{"start":{"line":106,"column":25},"end":{"line":106,"column":38}},{"start":{"line":106,"column":42},"end":{"line":106,"column":55}},{"start":{"line":106,"column":59},"end":{"line":106,"column":72}}],"line":106},"22":{"loc":{"start":{"line":109,"column":38},"end":{"line":109,"column":69}},"type":"binary-expr","locations":[{"start":{"line":109,"column":38},"end":{"line":109,"column":58}},{"start":{"line":109,"column":62},"end":{"line":109,"column":69}}],"line":109},"23":{"loc":{"start":{"line":133,"column":97},"end":{"line":133,"column":119}},"type":"binary-expr","locations":[{"start":{"line":133,"column":97},"end":{"line":133,"column":105}},{"start":{"line":133,"column":109},"end":{"line":133,"column":119}}],"line":133},"24":{"loc":{"start":{"line":146,"column":87},"end":{"line":146,"column":109}},"type":"binary-expr","locations":[{"start":{"line":146,"column":87},"end":{"line":146,"column":100}},{"start":{"line":146,"column":104},"end":{"line":146,"column":109}}],"line":146},"25":{"loc":{"start":{"line":174,"column":8},"end":{"line":183,"column":12}},"type":"cond-expr","locations":[{"start":{"line":174,"column":26},"end":{"line":183,"column":7}},{"start":{"line":183,"column":10},"end":{"line":183,"column":12}}],"line":174},"26":{"loc":{"start":{"line":212,"column":24},"end":{"line":212,"column":87}},"type":"binary-expr","locations":[{"start":{"line":212,"column":24},"end":{"line":212,"column":41}},{"start":{"line":212,"column":45},"end":{"line":212,"column":87}}],"line":212},"27":{"loc":{"start":{"line":215,"column":6},"end":{"line":235,"column":7}},"type":"if","locations":[{"start":{"line":215,"column":6},"end":{"line":235,"column":7}},{"start":{},"end":{}}],"line":215},"28":{"loc":{"start":{"line":215,"column":10},"end":{"line":215,"column":57}},"type":"binary-expr","locations":[{"start":{"line":215,"column":10},"end":{"line":215,"column":22}},{"start":{"line":215,"column":26},"end":{"line":215,"column":57}}],"line":215},"29":{"loc":{"start":{"line":232,"column":27},"end":{"line":232,"column":76}},"type":"binary-expr","locations":[{"start":{"line":232,"column":27},"end":{"line":232,"column":53}},{"start":{"line":232,"column":57},"end":{"line":232,"column":76}}],"line":232},"30":{"loc":{"start":{"line":238,"column":6},"end":{"line":249,"column":7}},"type":"if","locations":[{"start":{"line":238,"column":6},"end":{"line":249,"column":7}},{"start":{},"end":{}}],"line":238}},"s":{"0":1,"1":1,"2":1,"3":13,"4":5,"5":8,"6":7,"7":3,"8":4,"9":4,"10":1,"11":3,"12":2,"13":3,"14":4,"15":5,"16":4,"17":21,"18":21,"19":1,"20":1,"21":20,"22":20,"23":20,"24":20,"25":20,"26":10,"27":10,"28":10,"29":10,"30":3,"31":3,"32":3,"33":7,"34":7,"35":20,"36":20,"37":20,"38":20,"39":20,"40":20,"41":2,"42":2,"43":1,"44":1,"45":1,"46":1,"47":19,"48":2,"49":2,"50":2,"51":2,"52":2,"53":2,"54":2,"55":2,"56":2,"57":2,"58":17,"59":17,"60":17,"61":16,"62":16,"63":1,"64":1,"65":1},"f":{"0":13,"1":7,"2":3,"3":5,"4":21},"b":{"0":[5,8],"1":[13,13],"2":[8,2],"3":[8,2],"4":[8,2],"5":[8,2],"6":[8,2],"7":[6,2],"8":[3,4],"9":[7,6,2,5,4],"10":[1,3],"11":[2,1],"12":[3,1],"13":[3,1],"14":[3,1],"15":[1,20],"16":[1,19],"17":[10,10],"18":[10,3,2],"19":[10,3],"20":[3,7],"21":[3,2,1],"22":[3,2],"23":[20,10],"24":[20,10],"25":[10,10],"26":[20,1],"27":[2,18],"28":[20,20],"29":[1,1],"30":[2,17]},"_coverageSchema":"1a1c01bbd47fc00a2c39e90264f33305004495a9","hash":"0df5434be54281c5caefdc7e7efeba7e57bb7d10"}
,"/home/zanyxizion/Desktop/GKR/backend/src/utils/cache.util.js": {"path":"/home/zanyxizion/Desktop/GKR/backend/src/utils/cache.util.js","statementMap":{"0":{"start":{"line":3,"column":4},"end":{"line":3,"column":27}},"1":{"start":{"line":7,"column":22},"end":{"line":7,"column":52}},"2":{"start":{"line":8,"column":4},"end":{"line":8,"column":46}},"3":{"start":{"line":12,"column":18},"end":{"line":12,"column":37}},"4":{"start":{"line":13,"column":4},"end":{"line":13,"column":28}},"5":{"start":{"line":13,"column":16},"end":{"line":13,"column":28}},"6":{"start":{"line":15,"column":4},"end":{"line":18,"column":5}},"7":{"start":{"line":16,"column":6},"end":{"line":16,"column":29}},"8":{"start":{"line":17,"column":6},"end":{"line":17,"column":18}},"9":{"start":{"line":20,"column":4},"end":{"line":20,"column":23}},"10":{"start":{"line":24,"column":4},"end":{"line":24,"column":23}},"11":{"start":{"line":28,"column":4},"end":{"line":28,"column":27}},"12":{"start":{"line":33,"column":0},"end":{"line":33,"column":29}}},"fnMap":{"0":{"name":"(anonymous_0)","decl":{"start":{"line":2,"column":2},"end":{"line":2,"column":3}},"loc":{"start":{"line":2,"column":16},"end":{"line":4,"column":3}},"line":2},"1":{"name":"(anonymous_1)","decl":{"start":{"line":6,"column":2},"end":{"line":6,"column":3}},"loc":{"start":{"line":6,"column":35},"end":{"line":9,"column":3}},"line":6},"2":{"name":"(anonymous_2)","decl":{"start":{"line":11,"column":2},"end":{"line":11,"column":3}},"loc":{"start":{"line":11,"column":11},"end":{"line":21,"column":3}},"line":11},"3":{"name":"(anonymous_3)","decl":{"start":{"line":23,"column":2},"end":{"line":23,"column":3}},"loc":{"start":{"line":23,"column":10},"end":{"line":25,"column":3}},"line":23},"4":{"name":"(anonymous_4)","decl":{"start":{"line":27,"column":2},"end":{"line":27,"column":3}},"loc":{"start":{"line":27,"column":14},"end":{"line":29,"column":3}},"line":27}},"branchMap":{"0":{"loc":{"start":{"line":6,"column":18},"end":{"line":6,"column":33}},"type":"default-arg","locations":[{"start":{"line":6,"column":31},"end":{"line":6,"column":33}}],"line":6},"1":{"loc":{"start":{"line":13,"column":4},"end":{"line":13,"column":28}},"type":"if","locations":[{"start":{"line":13,"column":4},"end":{"line":13,"column":28}},{"start":{},"end":{}}],"line":13},"2":{"loc":{"start":{"line":15,"column":4},"end":{"line":18,"column":5}},"type":"if","locations":[{"start":{"line":15,"column":4},"end":{"line":18,"column":5}},{"start":{},"end":{}}],"line":15}},"s":{"0":1,"1":0,"2":0,"3":0,"4":0,"5":0,"6":0,"7":0,"8":0,"9":0,"10":0,"11":4,"12":1},"f":{"0":1,"1":0,"2":0,"3":0,"4":4},"b":{"0":[0],"1":[0,0],"2":[0,0]},"_coverageSchema":"1a1c01bbd47fc00a2c39e90264f33305004495a9","hash":"dd3186318a4a0e5f7bd006af7f535ae065f1ad3b"}
,"/home/zanyxizion/Desktop/GKR/backend/src/utils/deliverySchedule.util.js": {"path":"/home/zanyxizion/Desktop/GKR/backend/src/utils/deliverySchedule.util.js","statementMap":{"0":{"start":{"line":14,"column":23},"end":{"line":14,"column":25}},"1":{"start":{"line":15,"column":25},"end":{"line":15,"column":34}},"2":{"start":{"line":16,"column":25},"end":{"line":16,"column":93}},"3":{"start":{"line":25,"column":20},"end":{"line":25,"column":39}},"4":{"start":{"line":26,"column":22},"end":{"line":26,"column":69}},"5":{"start":{"line":28,"column":24},"end":{"line":28,"column":44}},"6":{"start":{"line":29,"column":26},"end":{"line":29,"column":57}},"7":{"start":{"line":34,"column":26},"end":{"line":34,"column":47}},"8":{"start":{"line":36,"column":22},"end":{"line":36,"column":41}},"9":{"start":{"line":37,"column":4},"end":{"line":37,"column":59}},"10":{"start":{"line":39,"column":37},"end":{"line":41,"column":26}},"11":{"start":{"line":40,"column":32},"end":{"line":40,"column":62}},"12":{"start":{"line":43,"column":25},"end":{"line":43,"column":103}},"13":{"start":{"line":46,"column":24},"end":{"line":46,"column":25}},"14":{"start":{"line":47,"column":4},"end":{"line":58,"column":5}},"15":{"start":{"line":48,"column":22},"end":{"line":48,"column":54}},"16":{"start":{"line":49,"column":23},"end":{"line":49,"column":47}},"17":{"start":{"line":50,"column":27},"end":{"line":50,"column":69}},"18":{"start":{"line":52,"column":6},"end":{"line":54,"column":7}},"19":{"start":{"line":53,"column":8},"end":{"line":53,"column":14}},"20":{"start":{"line":56,"column":6},"end":{"line":56,"column":49}},"21":{"start":{"line":57,"column":6},"end":{"line":57,"column":22}},"22":{"start":{"line":60,"column":17},"end":{"line":60,"column":40}},"23":{"start":{"line":61,"column":18},"end":{"line":61,"column":67}},"24":{"start":{"line":62,"column":16},"end":{"line":62,"column":60}},"25":{"start":{"line":63,"column":28},"end":{"line":63,"column":53}},"26":{"start":{"line":64,"column":20},"end":{"line":64,"column":52}},"27":{"start":{"line":66,"column":31},"end":{"line":66,"column":81}},"28":{"start":{"line":67,"column":23},"end":{"line":67,"column":107}},"29":{"start":{"line":68,"column":26},"end":{"line":68,"column":109}},"30":{"start":{"line":70,"column":4},"end":{"line":79,"column":6}},"31":{"start":{"line":86,"column":4},"end":{"line":93,"column":6}},"32":{"start":{"line":97,"column":0},"end":{"line":97,"column":38}}},"fnMap":{"0":{"name":"(anonymous_0)","decl":{"start":{"line":24,"column":2},"end":{"line":24,"column":3}},"loc":{"start":{"line":24,"column":76},"end":{"line":80,"column":3}},"line":24},"1":{"name":"(anonymous_1)","decl":{"start":{"line":40,"column":27},"end":{"line":40,"column":28}},"loc":{"start":{"line":40,"column":32},"end":{"line":40,"column":62}},"line":40},"2":{"name":"(anonymous_2)","decl":{"start":{"line":85,"column":2},"end":{"line":85,"column":3}},"loc":{"start":{"line":85,"column":35},"end":{"line":94,"column":3}},"line":85}},"branchMap":{"0":{"loc":{"start":{"line":24,"column":29},"end":{"line":24,"column":51}},"type":"default-arg","locations":[{"start":{"line":24,"column":41},"end":{"line":24,"column":51}}],"line":24},"1":{"loc":{"start":{"line":24,"column":53},"end":{"line":24,"column":74}},"type":"default-arg","locations":[{"start":{"line":24,"column":70},"end":{"line":24,"column":74}}],"line":24},"2":{"loc":{"start":{"line":26,"column":22},"end":{"line":26,"column":69}},"type":"cond-expr","locations":[{"start":{"line":26,"column":49},"end":{"line":26,"column":59}},{"start":{"line":26,"column":62},"end":{"line":26,"column":69}}],"line":26},"3":{"loc":{"start":{"line":34,"column":26},"end":{"line":34,"column":47}},"type":"cond-expr","locations":[{"start":{"line":34,"column":42},"end":{"line":34,"column":43}},{"start":{"line":34,"column":46},"end":{"line":34,"column":47}}],"line":34},"4":{"loc":{"start":{"line":39,"column":37},"end":{"line":41,"column":26}},"type":"cond-expr","locations":[{"start":{"line":40,"column":8},"end":{"line":40,"column":63}},{"start":{"line":41,"column":8},"end":{"line":41,"column":26}}],"line":39},"5":{"loc":{"start":{"line":39,"column":37},"end":{"line":39,"column":95}},"type":"binary-expr","locations":[{"start":{"line":39,"column":37},"end":{"line":39,"column":66}},{"start":{"line":39,"column":70},"end":{"line":39,"column":95}}],"line":39},"6":{"loc":{"start":{"line":52,"column":6},"end":{"line":54,"column":7}},"type":"if","locations":[{"start":{"line":52,"column":6},"end":{"line":54,"column":7}},{"start":{},"end":{}}],"line":52},"7":{"loc":{"start":{"line":52,"column":10},"end":{"line":52,"column":35}},"type":"binary-expr","locations":[{"start":{"line":52,"column":10},"end":{"line":52,"column":19}},{"start":{"line":52,"column":23},"end":{"line":52,"column":35}}],"line":52}},"s":{"0":3,"1":3,"2":3,"3":33,"4":33,"5":33,"6":33,"7":33,"8":33,"9":33,"10":33,"11":9,"12":33,"13":33,"14":33,"15":37,"16":37,"17":37,"18":37,"19":33,"20":4,"21":4,"22":33,"23":33,"24":33,"25":33,"26":33,"27":33,"28":33,"29":33,"30":33,"31":1,"32":3},"f":{"0":33,"1":9,"2":1},"b":{"0":[0],"1":[30],"2":[0,33],"3":[8,25],"4":[3,30],"5":[33,3],"6":[33,4],"7":[37,34]},"_coverageSchema":"1a1c01bbd47fc00a2c39e90264f33305004495a9","hash":"369a2a3b751017f26cf65ad4dbad73ec20a2b92e"}
,"/home/zanyxizion/Desktop/GKR/backend/src/utils/price.util.js": {"path":"/home/zanyxizion/Desktop/GKR/backend/src/utils/price.util.js","statementMap":{"0":{"start":{"line":2,"column":18},"end":{"line":11,"column":3}},"1":{"start":{"line":14,"column":16},"end":{"line":14,"column":17}},"2":{"start":{"line":17,"column":4},"end":{"line":22,"column":5}},"3":{"start":{"line":18,"column":6},"end":{"line":20,"column":9}},"4":{"start":{"line":19,"column":8},"end":{"line":19,"column":74}},"5":{"start":{"line":21,"column":6},"end":{"line":21,"column":42}},"6":{"start":{"line":25,"column":19},"end":{"line":25,"column":32}},"7":{"start":{"line":28,"column":4},"end":{"line":33,"column":5}},"8":{"start":{"line":28,"column":34},"end":{"line":28,"column":69}},"9":{"start":{"line":29,"column":9},"end":{"line":33,"column":5}},"10":{"start":{"line":29,"column":37},"end":{"line":29,"column":70}},"11":{"start":{"line":30,"column":9},"end":{"line":33,"column":5}},"12":{"start":{"line":32,"column":6},"end":{"line":32,"column":42}},"13":{"start":{"line":36,"column":4},"end":{"line":42,"column":5}},"14":{"start":{"line":37,"column":6},"end":{"line":37,"column":79}},"15":{"start":{"line":37,"column":28},"end":{"line":37,"column":79}},"16":{"start":{"line":38,"column":6},"end":{"line":39,"column":61}},"17":{"start":{"line":39,"column":8},"end":{"line":39,"column":61}},"18":{"start":{"line":40,"column":6},"end":{"line":41,"column":61}},"19":{"start":{"line":41,"column":8},"end":{"line":41,"column":61}},"20":{"start":{"line":44,"column":4},"end":{"line":44,"column":40}},"21":{"start":{"line":48,"column":0},"end":{"line":48,"column":27}}},"fnMap":{"0":{"name":"(anonymous_0)","decl":{"start":{"line":13,"column":2},"end":{"line":13,"column":3}},"loc":{"start":{"line":13,"column":66},"end":{"line":45,"column":3}},"line":13},"1":{"name":"(anonymous_1)","decl":{"start":{"line":18,"column":28},"end":{"line":18,"column":29}},"loc":{"start":{"line":18,"column":38},"end":{"line":20,"column":7}},"line":18}},"branchMap":{"0":{"loc":{"start":{"line":13,"column":46},"end":{"line":13,"column":64}},"type":"default-arg","locations":[{"start":{"line":13,"column":62},"end":{"line":13,"column":64}}],"line":13},"1":{"loc":{"start":{"line":17,"column":4},"end":{"line":22,"column":5}},"type":"if","locations":[{"start":{"line":17,"column":4},"end":{"line":22,"column":5}},{"start":{},"end":{}}],"line":17},"2":{"loc":{"start":{"line":17,"column":8},"end":{"line":17,"column":64}},"type":"binary-expr","locations":[{"start":{"line":17,"column":8},"end":{"line":17,"column":36}},{"start":{"line":17,"column":40},"end":{"line":17,"column":64}}],"line":17},"3":{"loc":{"start":{"line":19,"column":18},"end":{"line":19,"column":41}},"type":"binary-expr","locations":[{"start":{"line":19,"column":18},"end":{"line":19,"column":36}},{"start":{"line":19,"column":40},"end":{"line":19,"column":41}}],"line":19},"4":{"loc":{"start":{"line":19,"column":46},"end":{"line":19,"column":72}},"type":"binary-expr","locations":[{"start":{"line":19,"column":46},"end":{"line":19,"column":67}},{"start":{"line":19,"column":71},"end":{"line":19,"column":72}}],"line":19},"5":{"loc":{"start":{"line":28,"column":4},"end":{"line":33,"column":5}},"type":"if","locations":[{"start":{"line":28,"column":4},"end":{"line":33,"column":5}},{"start":{"line":29,"column":9},"end":{"line":33,"column":5}}],"line":28},"6":{"loc":{"start":{"line":29,"column":9},"end":{"line":33,"column":5}},"type":"if","locations":[{"start":{"line":29,"column":9},"end":{"line":33,"column":5}},{"start":{"line":30,"column":9},"end":{"line":33,"column":5}}],"line":29},"7":{"loc":{"start":{"line":30,"column":9},"end":{"line":33,"column":5}},"type":"if","locations":[{"start":{"line":30,"column":9},"end":{"line":33,"column":5}},{"start":{},"end":{}}],"line":30},"8":{"loc":{"start":{"line":32,"column":15},"end":{"line":32,"column":41}},"type":"binary-expr","locations":[{"start":{"line":32,"column":15},"end":{"line":32,"column":36}},{"start":{"line":32,"column":40},"end":{"line":32,"column":41}}],"line":32},"9":{"loc":{"start":{"line":36,"column":4},"end":{"line":42,"column":5}},"type":"if","locations":[{"start":{"line":36,"column":4},"end":{"line":42,"column":5}},{"start":{},"end":{}}],"line":36},"10":{"loc":{"start":{"line":37,"column":6},"end":{"line":37,"column":79}},"type":"if","locations":[{"start":{"line":37,"column":6},"end":{"line":37,"column":79}},{"start":{},"end":{}}],"line":37},"11":{"loc":{"start":{"line":38,"column":6},"end":{"line":39,"column":61}},"type":"if","locations":[{"start":{"line":38,"column":6},"end":{"line":39,"column":61}},{"start":{},"end":{}}],"line":38},"12":{"loc":{"start":{"line":40,"column":6},"end":{"line":41,"column":61}},"type":"if","locations":[{"start":{"line":40,"column":6},"end":{"line":41,"column":61}},{"start":{},"end":{}}],"line":40}},"s":{"0":1,"1":4,"2":4,"3":4,"4":4,"5":4,"6":0,"7":0,"8":0,"9":0,"10":0,"11":0,"12":0,"13":0,"14":0,"15":0,"16":0,"17":0,"18":0,"19":0,"20":0,"21":1},"f":{"0":4,"1":4},"b":{"0":[0],"1":[4,0],"2":[4,4],"3":[4,0],"4":[4,0],"5":[0,0],"6":[0,0],"7":[0,0],"8":[0,0],"9":[0,0],"10":[0,0],"11":[0,0],"12":[0,0]},"_coverageSchema":"1a1c01bbd47fc00a2c39e90264f33305004495a9","hash":"2e36b038ab46cde38f9731299b525fc9f2c7d1d9"}
}
