TN:
SF:src/controllers/admin.controller.js
FN:9,(anonymous_0)
FN:27,(anonymous_1)
FN:51,(anonymous_2)
FN:61,(anonymous_3)
FN:72,(anonymous_4)
FN:97,(anonymous_5)
FN:100,(anonymous_6)
FN:119,(anonymous_7)
FN:133,(anonymous_8)
FN:173,(anonymous_9)
FN:192,(anonymous_10)
FN:213,(anonymous_11)
FN:298,(anonymous_12)
FN:371,(anonymous_13)
FN:412,(anonymous_14)
FN:436,(anonymous_15)
FN:454,(anonymous_16)
FN:471,(anonymous_17)
FN:485,(anonymous_18)
FN:524,(anonymous_19)
FN:542,(anonymous_20)
FN:568,(anonymous_21)
FN:570,(anonymous_22)
FN:619,(anonymous_23)
FN:662,(anonymous_24)
FN:676,(anonymous_25)
FN:725,(anonymous_26)
FN:741,(anonymous_27)
FN:761,(anonymous_28)
FN:810,(anonymous_29)
FN:826,(anonymous_30)
FN:848,(anonymous_31)
FN:905,(anonymous_32)
FN:959,(anonymous_33)
FN:970,(anonymous_34)
FN:991,(anonymous_35)
FN:1004,(anonymous_36)
FN:1022,(anonymous_37)
FN:1032,(anonymous_38)
FN:1043,(anonymous_39)
FNF:40
FNH:40
FNDA:4,(anonymous_0)
FNDA:2,(anonymous_1)
FNDA:5,(anonymous_2)
FNDA:8,(anonymous_3)
FNDA:2,(anonymous_4)
FNDA:8,(anonymous_5)
FNDA:5,(anonymous_6)
FNDA:4,(anonymous_7)
FNDA:6,(anonymous_8)
FNDA:4,(anonymous_9)
FNDA:1,(anonymous_10)
FNDA:5,(anonymous_11)
FNDA:16,(anonymous_12)
FNDA:4,(anonymous_13)
FNDA:3,(anonymous_14)
FNDA:2,(anonymous_15)
FNDA:3,(anonymous_16)
FNDA:6,(anonymous_17)
FNDA:5,(anonymous_18)
FNDA:6,(anonymous_19)
FNDA:4,(anonymous_20)
FNDA:2,(anonymous_21)
FNDA:1,(anonymous_22)
FNDA:13,(anonymous_23)
FNDA:1,(anonymous_24)
FNDA:1,(anonymous_25)
FNDA:1,(anonymous_26)
FNDA:1,(anonymous_27)
FNDA:9,(anonymous_28)
FNDA:1,(anonymous_29)
FNDA:1,(anonymous_30)
FNDA:7,(anonymous_31)
FNDA:1,(anonymous_32)
FNDA:2,(anonymous_33)
FNDA:3,(anonymous_34)
FNDA:4,(anonymous_35)
FNDA:2,(anonymous_36)
FNDA:2,(anonymous_37)
FNDA:1,(anonymous_38)
FNDA:4,(anonymous_39)
DA:1,1
DA:2,1
DA:3,1
DA:4,1
DA:5,1
DA:6,1
DA:10,4
DA:11,4
DA:12,4
DA:13,1
DA:21,3
DA:22,2
DA:24,2
DA:26,2
DA:27,2
DA:28,2
DA:29,1
DA:33,2
DA:34,2
DA:40,2
DA:49,2
DA:50,2
DA:51,2
DA:52,5
DA:53,5
DA:54,5
DA:55,3
DA:56,3
DA:60,2
DA:61,2
DA:62,8
DA:63,8
DA:64,8
DA:66,8
DA:67,3
DA:68,3
DA:69,1
DA:71,2
DA:72,2
DA:74,2
DA:78,8
DA:79,8
DA:80,6
DA:82,2
DA:85,8
DA:86,7
DA:96,2
DA:97,8
DA:100,5
DA:101,2
DA:103,2
DA:111,2
DA:112,2
DA:114,1
DA:115,1
DA:120,4
DA:121,4
DA:122,4
DA:123,1
DA:131,3
DA:132,2
DA:134,6
DA:135,6
DA:136,5
DA:137,4
DA:138,4
DA:139,4
DA:140,1
DA:141,1
DA:143,4
DA:151,1
DA:156,2
DA:160,2
DA:161,2
DA:168,1
DA:169,1
DA:174,4
DA:175,4
DA:176,4
DA:177,1
DA:179,3
DA:180,3
DA:183,3
DA:186,2
DA:190,2
DA:191,1
DA:192,1
DA:193,1
DA:195,1
DA:199,2
DA:200,2
DA:201,2
DA:202,2
DA:204,2
DA:208,1
DA:209,1
DA:214,5
DA:215,5
DA:216,5
DA:217,1
DA:225,4
DA:226,4
DA:227,4
DA:231,4
DA:235,3
DA:237,3
DA:238,12
DA:239,12
DA:241,11
DA:242,11
DA:246,11
DA:247,11
DA:248,4
DA:249,4
DA:252,11
DA:254,11
DA:255,11
DA:256,11
DA:259,11
DA:263,11
DA:264,11
DA:265,11
DA:266,10
DA:268,11
DA:269,5
DA:270,2
DA:271,2
DA:273,3
DA:274,3
DA:275,3
DA:276,2
DA:277,2
DA:278,1
DA:282,5
DA:283,5
DA:284,4
DA:288,11
DA:289,1
DA:292,11
DA:293,1
DA:294,1
DA:298,11
DA:299,16
DA:300,1
DA:305,11
DA:306,6
DA:307,6
DA:308,1
DA:309,5
DA:310,1
DA:311,4
DA:312,2
DA:314,2
DA:319,11
DA:320,11
DA:324,11
DA:325,9
DA:326,8
DA:329,2
DA:332,11
DA:340,11
DA:343,11
DA:345,11
DA:362,3
DA:363,3
DA:364,3
DA:366,1
DA:367,1
DA:372,4
DA:373,4
DA:374,4
DA:378,3
DA:379,1
DA:381,2
DA:382,2
DA:383,2
DA:385,2
DA:386,2
DA:387,1
DA:388,1
DA:392,2
DA:394,2
DA:396,2
DA:405,2
DA:407,1
DA:408,1
DA:413,3
DA:414,3
DA:415,3
DA:416,1
DA:418,2
DA:423,1
DA:424,1
DA:426,1
DA:431,1
DA:432,1
DA:437,2
DA:438,2
DA:439,2
DA:441,1
DA:442,1
DA:444,1
DA:446,1
DA:447,1
DA:455,3
DA:456,3
DA:457,3
DA:458,1
DA:466,2
DA:467,1
DA:470,1
DA:471,1
DA:472,6
DA:473,6
DA:474,6
DA:476,5
DA:480,4
DA:484,1
DA:485,1
DA:486,5
DA:487,5
DA:488,5
DA:490,5
DA:491,5
DA:492,1
DA:493,1
DA:497,5
DA:524,1
DA:525,6
DA:526,6
DA:527,6
DA:528,4
DA:531,1
DA:532,1
DA:534,1
DA:535,1
DA:543,4
DA:544,4
DA:547,4
DA:548,3
DA:549,1
DA:551,2
DA:553,2
DA:554,2
DA:555,1
DA:556,1
DA:561,2
DA:566,2
DA:567,2
DA:568,2
DA:569,1
DA:570,1
DA:572,1
DA:576,2
DA:577,2
DA:578,1
DA:579,1
DA:585,2
DA:586,2
DA:589,2
DA:590,2
DA:592,2
DA:609,2
DA:611,1
DA:612,1
DA:620,13
DA:621,13
DA:622,13
DA:623,1
DA:626,12
DA:627,11
DA:628,6
DA:629,6
DA:630,5
DA:631,5
DA:632,5
DA:633,1
DA:635,4
DA:636,1
DA:638,3
DA:644,3
DA:645,3
DA:648,3
DA:649,3
DA:652,3
DA:653,3
DA:662,1
DA:664,3
DA:671,3
DA:676,1
DA:677,3
DA:678,3
DA:679,3
DA:680,3
DA:681,3
DA:682,3
DA:687,1
DA:690,5
DA:693,5
DA:694,5
DA:695,2
DA:698,3
DA:699,1
DA:703,2
DA:711,2
DA:712,2
DA:715,2
DA:716,2
DA:725,1
DA:728,2
DA:729,2
DA:736,2
DA:741,1
DA:744,2
DA:745,2
DA:746,2
DA:748,2
DA:753,1
DA:754,1
DA:762,9
DA:763,9
DA:764,9
DA:765,1
DA:768,8
DA:769,7
DA:770,1
DA:773,6
DA:776,6
DA:777,6
DA:778,2
DA:781,4
DA:782,1
DA:786,3
DA:793,3
DA:796,3
DA:797,3
DA:800,3
DA:801,3
DA:810,1
DA:813,3
DA:814,3
DA:821,3
DA:826,1
DA:829,3
DA:830,3
DA:831,3
DA:832,3
DA:833,3
DA:835,3
DA:840,1
DA:841,1
DA:849,7
DA:850,7
DA:851,7
DA:853,7
DA:854,1
DA:862,6
DA:866,5
DA:867,1
DA:870,4
DA:871,4
DA:872,1
DA:879,3
DA:880,1
DA:888,2
DA:896,2
DA:897,2
DA:903,2
DA:904,1
DA:905,1
DA:906,1
DA:911,1
DA:915,2
DA:916,2
DA:927,2
DA:928,2
DA:936,2
DA:937,2
DA:938,2
DA:939,2
DA:940,2
DA:941,2
DA:943,2
DA:949,1
DA:950,1
DA:960,2
DA:961,2
DA:962,2
DA:963,1
DA:965,1
DA:966,1
DA:971,3
DA:972,3
DA:973,3
DA:975,3
DA:976,1
DA:979,2
DA:982,1
DA:984,1
DA:986,1
DA:987,1
DA:992,4
DA:993,4
DA:994,1
DA:997,3
DA:999,3
DA:1005,2
DA:1006,1
DA:1007,1
DA:1009,1
DA:1015,2
DA:1017,1
DA:1018,1
DA:1023,2
DA:1024,2
DA:1025,2
DA:1027,2
DA:1031,1
DA:1032,1
DA:1033,1
DA:1036,1
DA:1038,1
DA:1039,1
DA:1044,4
DA:1045,4
DA:1046,4
DA:1047,1
DA:1050,3
DA:1051,3
DA:1053,3
DA:1054,3
DA:1056,2
DA:1057,1
DA:1060,1
DA:1062,1
DA:1064,1
DA:1065,1
DA:1070,1
LF:438
LH:438
BRDA:12,0,0,1
BRDA:12,0,1,3
BRDA:28,1,0,1
BRDA:28,1,1,1
BRDA:54,2,0,3
BRDA:54,2,1,2
BRDA:55,3,0,3
BRDA:55,3,1,2
BRDA:55,3,2,1
BRDA:63,4,0,8
BRDA:63,4,1,1
BRDA:64,5,0,8
BRDA:64,5,1,1
BRDA:66,6,0,3
BRDA:66,6,1,5
BRDA:68,7,0,1
BRDA:68,7,1,2
BRDA:72,8,0,2
BRDA:72,8,1,1
BRDA:74,9,0,2
BRDA:74,9,1,1
BRDA:78,10,0,8
BRDA:78,10,1,5
BRDA:79,11,0,6
BRDA:79,11,1,2
BRDA:85,12,0,7
BRDA:85,12,1,1
BRDA:122,13,0,1
BRDA:122,13,1,3
BRDA:136,14,0,4
BRDA:136,14,1,1
BRDA:138,15,0,4
BRDA:138,15,1,2
BRDA:139,16,0,1
BRDA:139,16,1,3
BRDA:139,17,0,4
BRDA:139,17,1,2
BRDA:145,18,0,4
BRDA:145,18,1,1
BRDA:146,19,0,4
BRDA:146,19,1,1
BRDA:147,20,0,4
BRDA:147,20,1,2
BRDA:176,21,0,1
BRDA:176,21,1,3
BRDA:190,22,0,1
BRDA:190,22,1,1
BRDA:216,23,0,1
BRDA:216,23,1,4
BRDA:239,24,0,1
BRDA:239,24,1,11
BRDA:239,25,0,12
BRDA:239,25,1,1
BRDA:242,26,0,10
BRDA:242,26,1,1
BRDA:246,27,0,11
BRDA:246,27,1,5
BRDA:247,28,0,4
BRDA:247,28,1,7
BRDA:247,29,0,11
BRDA:247,29,1,5
BRDA:252,30,0,11
BRDA:252,30,1,1
BRDA:259,31,0,1
BRDA:259,31,1,10
BRDA:265,32,0,10
BRDA:265,32,1,1
BRDA:268,33,0,5
BRDA:268,33,1,6
BRDA:269,34,0,2
BRDA:269,34,1,3
BRDA:270,35,0,1
BRDA:270,35,1,1
BRDA:271,36,0,1
BRDA:271,36,1,1
BRDA:273,37,0,1
BRDA:273,37,1,2
BRDA:274,38,0,1
BRDA:274,38,1,2
BRDA:275,39,0,2
BRDA:275,39,1,1
BRDA:277,40,0,1
BRDA:277,40,1,1
BRDA:277,41,0,2
BRDA:277,41,1,1
BRDA:277,41,2,1
BRDA:282,42,0,3
BRDA:282,42,1,2
BRDA:283,43,0,1
BRDA:283,43,1,4
BRDA:284,44,0,2
BRDA:284,44,1,2
BRDA:288,45,0,1
BRDA:288,45,1,10
BRDA:288,46,0,11
BRDA:288,46,1,1
BRDA:292,47,0,1
BRDA:292,47,1,10
BRDA:299,48,0,1
BRDA:299,48,1,15
BRDA:299,49,0,16
BRDA:299,49,1,16
BRDA:299,49,2,16
BRDA:305,50,0,6
BRDA:305,50,1,5
BRDA:306,51,0,6
BRDA:306,51,1,1
BRDA:307,52,0,1
BRDA:307,52,1,5
BRDA:309,53,0,1
BRDA:309,53,1,4
BRDA:311,54,0,2
BRDA:311,54,1,2
BRDA:319,55,0,11
BRDA:319,55,1,1
BRDA:320,56,0,11
BRDA:320,56,1,6
BRDA:320,56,2,4
BRDA:324,57,0,9
BRDA:324,57,1,2
BRDA:325,58,0,8
BRDA:325,58,1,1
BRDA:325,59,0,9
BRDA:325,59,1,3
BRDA:325,59,2,3
BRDA:340,60,0,1
BRDA:340,60,1,10
BRDA:343,61,0,1
BRDA:343,61,1,10
BRDA:351,62,0,11
BRDA:351,62,1,10
BRDA:353,63,0,11
BRDA:353,63,1,11
BRDA:353,63,2,10
BRDA:355,64,0,11
BRDA:355,64,1,10
BRDA:357,65,0,1
BRDA:357,65,1,10
BRDA:378,66,0,1
BRDA:378,66,1,2
BRDA:383,67,0,1
BRDA:383,67,1,1
BRDA:385,68,0,2
BRDA:385,68,1,2
BRDA:386,69,0,1
BRDA:386,69,1,1
BRDA:386,70,0,2
BRDA:386,70,1,2
BRDA:398,71,0,2
BRDA:398,71,1,1
BRDA:399,72,0,2
BRDA:399,72,1,1
BRDA:400,73,0,2
BRDA:400,73,1,1
BRDA:401,74,0,2
BRDA:401,74,1,1
BRDA:402,75,0,2
BRDA:402,75,1,1
BRDA:415,76,0,1
BRDA:415,76,1,2
BRDA:415,77,0,3
BRDA:415,77,1,2
BRDA:457,78,0,1
BRDA:457,78,1,2
BRDA:474,79,0,1
BRDA:474,79,1,5
BRDA:476,80,0,4
BRDA:476,80,1,1
BRDA:477,81,0,5
BRDA:477,81,1,2
BRDA:488,82,0,5
BRDA:488,82,1,2
BRDA:490,83,0,5
BRDA:490,83,1,2
BRDA:491,84,0,1
BRDA:491,84,1,4
BRDA:491,85,0,5
BRDA:491,85,1,2
BRDA:499,86,0,5
BRDA:499,86,1,1
BRDA:500,87,0,5
BRDA:500,87,1,1
BRDA:501,88,0,5
BRDA:501,88,1,5
BRDA:502,89,0,5
BRDA:502,89,1,5
BRDA:503,90,0,5
BRDA:503,90,1,5
BRDA:504,91,0,5
BRDA:504,91,1,1
BRDA:505,92,0,5
BRDA:505,92,1,5
BRDA:506,93,0,5
BRDA:506,93,1,5
BRDA:508,94,0,3
BRDA:508,94,1,2
BRDA:515,95,0,3
BRDA:515,95,1,3
BRDA:516,96,0,3
BRDA:516,96,1,3
BRDA:525,97,0,2
BRDA:525,97,1,4
BRDA:526,98,0,2
BRDA:526,98,1,4
BRDA:527,99,0,2
BRDA:527,99,1,4
BRDA:548,100,0,1
BRDA:548,100,1,2
BRDA:553,101,0,2
BRDA:553,101,1,2
BRDA:554,102,0,1
BRDA:554,102,1,1
BRDA:554,103,0,2
BRDA:554,103,1,2
BRDA:567,104,0,1
BRDA:567,104,1,1
BRDA:577,105,0,1
BRDA:577,105,1,1
BRDA:594,106,0,2
BRDA:594,106,1,1
BRDA:595,107,0,2
BRDA:595,107,1,1
BRDA:596,108,0,2
BRDA:596,108,1,2
BRDA:597,109,0,2
BRDA:597,109,1,2
BRDA:598,110,0,2
BRDA:598,110,1,2
BRDA:599,111,0,2
BRDA:599,111,1,2
BRDA:600,112,0,2
BRDA:600,112,1,2
BRDA:601,113,0,2
BRDA:601,113,1,2
BRDA:602,114,0,2
BRDA:602,114,1,2
BRDA:622,115,0,1
BRDA:622,115,1,12
BRDA:627,116,0,6
BRDA:627,116,1,5
BRDA:629,117,0,5
BRDA:629,117,1,1
BRDA:631,118,0,5
BRDA:631,118,1,1
BRDA:632,119,0,1
BRDA:632,119,1,4
BRDA:632,120,0,5
BRDA:632,120,1,1
BRDA:635,121,0,1
BRDA:635,121,1,3
BRDA:640,122,0,3
BRDA:640,122,1,1
BRDA:645,123,0,3
BRDA:645,123,1,3
BRDA:645,123,2,3
BRDA:649,124,0,2
BRDA:649,124,1,1
BRDA:655,125,0,3
BRDA:655,125,1,2
BRDA:655,125,2,2
BRDA:693,126,0,5
BRDA:693,126,1,1
BRDA:694,127,0,2
BRDA:694,127,1,3
BRDA:694,128,0,5
BRDA:694,128,1,5
BRDA:698,129,0,1
BRDA:698,129,1,2
BRDA:705,130,0,2
BRDA:705,130,1,1
BRDA:712,131,0,1
BRDA:712,131,1,1
BRDA:718,132,0,2
BRDA:718,132,1,2
BRDA:718,132,2,2
BRDA:719,133,0,2
BRDA:719,133,1,1
BRDA:732,134,0,2
BRDA:732,134,1,1
BRDA:739,135,0,2
BRDA:739,135,1,1
BRDA:764,136,0,1
BRDA:764,136,1,8
BRDA:769,137,0,1
BRDA:769,137,1,6
BRDA:776,138,0,6
BRDA:776,138,1,1
BRDA:777,139,0,2
BRDA:777,139,1,4
BRDA:777,140,0,6
BRDA:777,140,1,2
BRDA:781,141,0,1
BRDA:781,141,1,3
BRDA:788,142,0,3
BRDA:788,142,1,1
BRDA:793,143,0,3
BRDA:793,143,1,3
BRDA:793,143,2,3
BRDA:797,144,0,1
BRDA:797,144,1,2
BRDA:803,145,0,3
BRDA:803,145,1,3
BRDA:803,145,2,3
BRDA:853,146,0,1
BRDA:853,146,1,6
BRDA:853,147,0,7
BRDA:853,147,1,6
BRDA:866,148,0,1
BRDA:866,148,1,4
BRDA:871,149,0,1
BRDA:871,149,1,3
BRDA:879,150,0,1
BRDA:879,150,1,2
BRDA:903,151,0,1
BRDA:903,151,1,1
BRDA:975,152,0,1
BRDA:975,152,1,2
BRDA:975,153,0,3
BRDA:975,153,1,3
BRDA:975,153,2,2
BRDA:993,154,0,1
BRDA:993,154,1,3
BRDA:1005,155,0,1
BRDA:1005,155,1,1
BRDA:1046,156,0,1
BRDA:1046,156,1,3
BRDA:1056,157,0,1
BRDA:1056,157,1,1
BRF:328
BRH:328
end_of_record
TN:
SF:src/controllers/payment.controller.js
FN:15,(anonymous_0)
FN:127,(anonymous_1)
FN:151,(anonymous_2)
FN:195,(anonymous_3)
FN:246,(anonymous_4)
FN:265,(anonymous_5)
FN:334,(anonymous_6)
FN:354,(anonymous_7)
FN:364,(anonymous_8)
FN:382,(anonymous_9)
FN:417,(anonymous_10)
FN:435,(anonymous_11)
FN:462,(anonymous_12)
FN:471,(anonymous_13)
FNF:14
FNH:14
FNDA:21,(anonymous_0)
FNDA:4,(anonymous_1)
FNDA:23,(anonymous_2)
FNDA:1,(anonymous_3)
FNDA:4,(anonymous_4)
FNDA:4,(anonymous_5)
FNDA:1,(anonymous_6)
FNDA:3,(anonymous_7)
FNDA:5,(anonymous_8)
FNDA:1,(anonymous_9)
FNDA:1,(anonymous_10)
FNDA:3,(anonymous_11)
FNDA:2,(anonymous_12)
FNDA:1,(anonymous_13)
DA:1,1
DA:2,1
DA:3,1
DA:4,1
DA:5,1
DA:6,1
DA:7,1
DA:8,1
DA:9,1
DA:16,21
DA:17,21
DA:18,21
DA:20,21
DA:21,2
DA:24,19
DA:25,1
DA:29,18
DA:30,4
DA:31,1
DA:33,3
DA:34,3
DA:35,3
DA:36,3
DA:37,2
DA:38,1
DA:41,1
DA:45,15
DA:46,15
DA:48,15
DA:49,11
DA:50,11
DA:51,11
DA:52,1
DA:54,10
DA:55,1
DA:57,9
DA:58,9
DA:59,1
DA:61,8
DA:62,1
DA:64,7
DA:65,1
DA:72,6
DA:73,3
DA:74,3
DA:75,2
DA:76,2
DA:77,1
DA:80,6
DA:81,6
DA:85,10
DA:86,10
DA:87,10
DA:89,10
DA:90,10
DA:93,10
DA:94,10
DA:96,10
DA:114,9
DA:119,1
DA:120,1
DA:128,4
DA:129,4
DA:130,4
DA:131,1
DA:134,3
DA:136,2
DA:143,1
DA:144,1
DA:152,23
DA:155,23
DA:157,23
DA:159,2
DA:160,2
DA:163,21
DA:165,21
DA:166,21
DA:167,12
DA:168,12
DA:170,12
DA:172,12
DA:174,7
DA:179,6
DA:180,1
DA:181,1
DA:185,5
DA:186,4
DA:187,4
DA:188,3
DA:194,3
DA:195,2
DA:196,1
DA:202,5
DA:204,5
DA:221,5
DA:224,5
DA:230,5
DA:231,5
DA:232,5
DA:233,5
DA:236,5
DA:237,5
DA:246,4
DA:249,5
DA:260,5
DA:265,4
DA:268,5
DA:269,5
DA:270,5
DA:271,5
DA:272,5
DA:273,5
DA:274,5
DA:276,4
DA:281,4
DA:282,1
DA:283,1
DA:287,3
DA:288,3
DA:290,3
DA:291,3
DA:292,3
DA:294,1
DA:297,3
DA:312,3
DA:315,3
DA:320,3
DA:321,3
DA:324,3
DA:325,3
DA:334,1
DA:337,3
DA:349,3
DA:354,3
DA:357,3
DA:358,3
DA:362,9
DA:363,6
DA:364,6
DA:365,5
DA:368,9
DA:369,5
DA:370,5
DA:373,5
DA:374,4
DA:376,4
DA:380,4
DA:381,3
DA:382,3
DA:383,3
DA:384,3
DA:386,3
DA:387,3
DA:388,3
DA:390,3
DA:391,3
DA:393,3
DA:401,3
DA:402,3
DA:403,3
DA:404,3
DA:405,3
DA:407,3
DA:408,3
DA:417,1
DA:419,3
DA:430,3
DA:435,3
DA:438,3
DA:439,3
DA:440,3
DA:441,3
DA:442,3
DA:443,3
DA:444,3
DA:446,1
DA:449,4
DA:450,3
DA:451,3
DA:453,3
DA:454,2
DA:456,2
DA:460,2
DA:461,1
DA:462,1
DA:463,2
DA:468,1
DA:470,1
DA:471,1
DA:472,1
DA:474,1
DA:483,1
DA:488,18
DA:490,1
DA:491,1
DA:496,1
LF:196
LH:196
BRDA:20,0,0,2
BRDA:20,0,1,19
BRDA:20,1,0,21
BRDA:20,1,1,20
BRDA:24,2,0,1
BRDA:24,2,1,18
BRDA:29,3,0,4
BRDA:29,3,1,14
BRDA:29,4,0,18
BRDA:29,4,1,5
BRDA:29,4,2,2
BRDA:29,4,3,1
BRDA:30,5,0,1
BRDA:30,5,1,3
BRDA:37,6,0,1
BRDA:37,6,1,1
BRDA:48,7,0,11
BRDA:48,7,1,4
BRDA:51,8,0,1
BRDA:51,8,1,10
BRDA:54,9,0,1
BRDA:54,9,1,9
BRDA:58,10,0,1
BRDA:58,10,1,8
BRDA:58,11,0,9
BRDA:58,11,1,1
BRDA:61,12,0,1
BRDA:61,12,1,7
BRDA:61,13,0,8
BRDA:61,13,1,8
BRDA:64,14,0,1
BRDA:64,14,1,6
BRDA:64,15,0,7
BRDA:64,15,1,1
BRDA:72,16,0,3
BRDA:72,16,1,3
BRDA:74,17,0,2
BRDA:74,17,1,1
BRDA:76,18,0,1
BRDA:76,18,1,1
BRDA:76,19,0,2
BRDA:76,19,1,1
BRDA:86,20,0,5
BRDA:86,20,1,5
BRDA:87,21,0,10
BRDA:87,21,1,9
BRDA:87,21,2,7
BRDA:89,22,0,10
BRDA:89,22,1,1
BRDA:90,23,0,10
BRDA:90,23,1,1
BRDA:93,24,0,10
BRDA:93,24,1,2
BRDA:94,25,0,1
BRDA:94,25,1,9
BRDA:98,26,0,10
BRDA:98,26,1,1
BRDA:130,27,0,1
BRDA:130,27,1,3
BRDA:166,28,0,12
BRDA:166,28,1,9
BRDA:172,29,0,7
BRDA:172,29,1,5
BRDA:179,30,0,1
BRDA:179,30,1,5
BRDA:185,31,0,4
BRDA:185,31,1,1
BRDA:187,32,0,3
BRDA:187,32,1,1
BRDA:194,33,0,2
BRDA:194,33,1,1
BRDA:202,34,0,1
BRDA:202,34,1,4
BRDA:209,35,0,1
BRDA:209,35,1,4
BRDA:216,36,0,5
BRDA:216,36,1,1
BRDA:217,37,0,5
BRDA:217,37,1,1
BRDA:231,38,0,4
BRDA:231,38,1,1
BRDA:232,39,0,5
BRDA:232,39,1,2
BRDA:232,39,2,2
BRDA:233,40,0,5
BRDA:233,40,1,2
BRDA:233,40,2,2
BRDA:233,40,3,2
BRDA:233,40,4,1
BRDA:252,41,0,4
BRDA:252,41,1,1
BRDA:256,42,0,5
BRDA:256,42,1,1
BRDA:274,43,0,4
BRDA:274,43,1,1
BRDA:281,44,0,1
BRDA:281,44,1,3
BRDA:288,45,0,2
BRDA:288,45,1,1
BRDA:292,46,0,3
BRDA:292,46,1,1
BRDA:299,47,0,3
BRDA:299,47,1,1
BRDA:299,47,2,1
BRDA:309,48,0,3
BRDA:309,48,1,1
BRDA:320,49,0,3
BRDA:320,49,1,1
BRDA:320,49,2,1
BRDA:321,50,0,3
BRDA:321,50,1,3
BRDA:321,50,2,1
BRDA:321,50,3,1
BRDA:321,50,4,1
BRDA:340,51,0,2
BRDA:340,51,1,1
BRDA:345,52,0,3
BRDA:345,52,1,1
BRDA:362,53,0,6
BRDA:362,53,1,3
BRDA:368,54,0,5
BRDA:368,54,1,4
BRDA:373,55,0,4
BRDA:373,55,1,1
BRDA:373,56,0,5
BRDA:373,56,1,5
BRDA:380,57,0,3
BRDA:380,57,1,1
BRDA:388,58,0,2
BRDA:388,58,1,1
BRDA:402,59,0,2
BRDA:402,59,1,1
BRDA:403,60,0,1
BRDA:403,60,1,2
BRDA:403,61,0,2
BRDA:403,61,1,1
BRDA:403,61,2,1
BRDA:404,62,0,3
BRDA:404,62,1,1
BRDA:404,62,2,1
BRDA:405,63,0,3
BRDA:405,63,1,2
BRDA:405,63,2,2
BRDA:405,63,3,2
BRDA:405,63,4,1
BRDA:449,64,0,3
BRDA:449,64,1,1
BRDA:453,65,0,2
BRDA:453,65,1,1
BRDA:460,66,0,1
BRDA:460,66,1,1
BRF:151
BRH:151
end_of_record
TN:
SF:src/controllers/subscription.controller.js
FN:8,(anonymous_0)
FN:85,(anonymous_1)
FN:106,(anonymous_2)
FN:137,(anonymous_3)
FN:164,(anonymous_4)
FN:201,(anonymous_5)
FN:226,(anonymous_6)
FN:248,(anonymous_7)
FN:261,(anonymous_8)
FN:290,(anonymous_9)
FN:363,(anonymous_10)
FNF:11
FNH:11
FNDA:22,(anonymous_0)
FNDA:1,(anonymous_1)
FNDA:2,(anonymous_2)
FNDA:1,(anonymous_3)
FNDA:6,(anonymous_4)
FNDA:7,(anonymous_5)
FNDA:1,(anonymous_6)
FNDA:4,(anonymous_7)
FNDA:1,(anonymous_8)
FNDA:9,(anonymous_9)
FNDA:8,(anonymous_10)
DA:1,1
DA:2,1
DA:3,1
DA:9,22
DA:10,22
DA:21,22
DA:23,22
DA:25,21
DA:26,21
DA:29,21
DA:30,4
DA:31,1
DA:33,3
DA:34,3
DA:35,3
DA:36,3
DA:37,2
DA:38,1
DA:40,1
DA:42,1
DA:46,18
DA:47,18
DA:49,18
DA:50,9
DA:51,9
DA:52,9
DA:53,1
DA:55,8
DA:56,1
DA:58,7
DA:59,7
DA:60,1
DA:62,6
DA:63,1
DA:65,5
DA:66,1
DA:73,4
DA:74,1
DA:75,3
DA:76,2
DA:77,2
DA:78,1
DA:81,4
DA:82,4
DA:85,4
DA:86,1
DA:90,13
DA:93,13
DA:94,11
DA:96,11
DA:98,4
DA:104,4
DA:105,3
DA:106,3
DA:107,2
DA:113,13
DA:127,13
DA:130,12
DA:131,12
DA:138,1
DA:142,12
DA:143,12
DA:154,12
DA:155,12
DA:157,12
DA:159,1
DA:160,1
DA:165,6
DA:166,6
DA:167,6
DA:169,6
DA:170,4
DA:171,3
DA:172,1
DA:174,2
DA:175,2
DA:176,1
DA:178,1
DA:181,2
DA:182,2
DA:183,1
DA:191,1
DA:192,1
DA:194,1
DA:196,1
DA:197,1
DA:202,7
DA:203,7
DA:204,7
DA:207,7
DA:208,5
DA:209,4
DA:210,1
DA:212,3
DA:213,3
DA:214,1
DA:217,2
DA:220,4
DA:221,1
DA:224,3
DA:225,2
DA:226,2
DA:227,1
DA:231,3
DA:238,3
DA:239,3
DA:240,3
DA:243,3
DA:247,3
DA:248,3
DA:249,4
DA:250,4
DA:255,1
DA:259,3
DA:260,1
DA:261,1
DA:262,1
DA:267,1
DA:271,3
DA:272,3
DA:280,3
DA:282,3
DA:283,3
DA:285,1
DA:286,1
DA:291,9
DA:292,9
DA:293,9
DA:295,9
DA:296,1
DA:300,8
DA:301,4
DA:302,4
DA:303,1
DA:305,3
DA:306,3
DA:307,1
DA:310,4
DA:313,5
DA:314,1
DA:317,4
DA:318,1
DA:326,3
DA:329,3
DA:330,1
DA:334,2
DA:341,2
DA:342,2
DA:350,2
DA:352,2
DA:358,1
DA:359,1
DA:364,8
DA:365,8
DA:366,8
DA:368,8
DA:369,1
DA:371,7
DA:372,1
DA:374,6
DA:375,1
DA:378,5
DA:379,4
DA:380,1
DA:382,3
DA:383,3
DA:384,1
DA:387,2
DA:388,2
DA:390,2
DA:391,2
DA:404,2
DA:406,2
DA:407,2
DA:414,2
DA:416,1
DA:417,1
DA:422,1
LF:178
LH:178
BRDA:23,0,0,1
BRDA:23,0,1,21
BRDA:25,1,0,2
BRDA:25,1,1,19
BRDA:25,2,0,2
BRDA:25,2,1,1
BRDA:26,3,0,21
BRDA:26,3,1,21
BRDA:26,3,2,1
BRDA:29,4,0,4
BRDA:29,4,1,17
BRDA:29,5,0,21
BRDA:29,5,1,18
BRDA:30,6,0,1
BRDA:30,6,1,3
BRDA:37,7,0,1
BRDA:37,7,1,1
BRDA:49,8,0,9
BRDA:49,8,1,9
BRDA:52,9,0,1
BRDA:52,9,1,8
BRDA:55,10,0,1
BRDA:55,10,1,7
BRDA:59,11,0,1
BRDA:59,11,1,6
BRDA:59,12,0,7
BRDA:59,12,1,1
BRDA:62,13,0,1
BRDA:62,13,1,5
BRDA:62,14,0,6
BRDA:62,14,1,6
BRDA:65,15,0,1
BRDA:65,15,1,4
BRDA:65,16,0,5
BRDA:65,16,1,1
BRDA:73,17,0,1
BRDA:73,17,1,3
BRDA:75,18,0,2
BRDA:75,18,1,1
BRDA:77,19,0,1
BRDA:77,19,1,1
BRDA:77,20,0,2
BRDA:77,20,1,1
BRDA:93,21,0,11
BRDA:93,21,1,2
BRDA:93,22,0,13
BRDA:93,22,1,12
BRDA:96,23,0,4
BRDA:96,23,1,7
BRDA:104,24,0,3
BRDA:104,24,1,1
BRDA:118,25,0,1
BRDA:118,25,1,12
BRDA:120,26,0,13
BRDA:120,26,1,12
BRDA:124,27,0,13
BRDA:124,27,1,9
BRDA:145,28,0,3
BRDA:145,28,1,9
BRDA:146,29,0,3
BRDA:146,29,1,9
BRDA:146,30,0,3
BRDA:146,30,1,3
BRDA:146,31,0,9
BRDA:146,31,1,8
BRDA:148,32,0,12
BRDA:148,32,1,11
BRDA:169,33,0,4
BRDA:169,33,1,2
BRDA:171,34,0,1
BRDA:171,34,1,2
BRDA:175,35,0,1
BRDA:175,35,1,1
BRDA:182,36,0,1
BRDA:182,36,1,1
BRDA:207,37,0,5
BRDA:207,37,1,2
BRDA:209,38,0,1
BRDA:209,38,1,3
BRDA:213,39,0,1
BRDA:213,39,1,2
BRDA:220,40,0,1
BRDA:220,40,1,3
BRDA:220,41,0,4
BRDA:220,41,1,3
BRDA:224,42,0,2
BRDA:224,42,1,1
BRDA:233,43,0,3
BRDA:233,43,1,2
BRDA:250,44,0,1
BRDA:250,44,1,3
BRDA:251,45,0,4
BRDA:251,45,1,3
BRDA:251,45,2,2
BRDA:259,46,0,1
BRDA:259,46,1,2
BRDA:295,47,0,1
BRDA:295,47,1,8
BRDA:300,48,0,4
BRDA:300,48,1,4
BRDA:302,49,0,1
BRDA:302,49,1,3
BRDA:306,50,0,1
BRDA:306,50,1,2
BRDA:313,51,0,1
BRDA:313,51,1,4
BRDA:317,52,0,1
BRDA:317,52,1,3
BRDA:326,53,0,3
BRDA:326,53,1,1
BRDA:329,54,0,1
BRDA:329,54,1,2
BRDA:355,55,0,2
BRDA:355,55,1,1
BRDA:368,56,0,1
BRDA:368,56,1,7
BRDA:371,57,0,1
BRDA:371,57,1,6
BRDA:371,58,0,7
BRDA:371,58,1,7
BRDA:371,58,2,7
BRDA:374,59,0,1
BRDA:374,59,1,5
BRDA:374,60,0,6
BRDA:374,60,1,5
BRDA:379,61,0,1
BRDA:379,61,1,3
BRDA:383,62,0,1
BRDA:383,62,1,2
BRDA:394,63,0,2
BRDA:394,63,1,1
BRDA:394,63,2,1
BRDA:395,64,0,2
BRDA:395,64,1,1
BRDA:397,65,0,2
BRDA:397,65,1,1
BRF:136
BRH:136
end_of_record
TN:
SF:src/services/email.service.js
FN:9,(anonymous_0)
FN:29,(anonymous_1)
FN:38,(anonymous_2)
FN:45,(anonymous_3)
FN:72,(anonymous_4)
FNF:5
FNH:5
FNDA:13,(anonymous_0)
FNDA:7,(anonymous_1)
FNDA:3,(anonymous_2)
FNDA:5,(anonymous_3)
FNDA:21,(anonymous_4)
DA:1,1
DA:2,1
DA:3,1
DA:10,13
DA:11,8
DA:30,7
DA:31,3
DA:34,4
DA:35,4
DA:36,1
DA:37,3
DA:38,3
DA:45,5
DA:53,4
DA:83,21
DA:84,21
DA:85,1
DA:86,1
DA:89,20
DA:90,20
DA:94,20
DA:95,20
DA:97,20
DA:98,10
DA:99,10
DA:100,10
DA:104,10
DA:105,3
DA:106,3
DA:107,3
DA:112,7
DA:113,7
DA:116,20
DA:209,20
DA:210,20
DA:211,20
DA:212,20
DA:215,20
DA:216,2
DA:217,2
DA:229,1
DA:230,1
DA:232,1
DA:233,1
DA:238,19
DA:239,2
DA:240,2
DA:241,2
DA:242,2
DA:243,2
DA:244,2
DA:245,2
DA:246,2
DA:247,2
DA:248,2
DA:251,17
DA:262,17
DA:269,17
DA:270,16
DA:271,16
DA:273,1
DA:274,1
DA:279,1
LF:63
LH:63
BRDA:10,0,0,5
BRDA:10,0,1,8
BRDA:10,1,0,13
BRDA:10,1,1,13
BRDA:15,2,0,8
BRDA:15,2,1,2
BRDA:16,3,0,8
BRDA:16,3,1,2
BRDA:17,4,0,8
BRDA:17,4,1,2
BRDA:18,5,0,8
BRDA:18,5,1,2
BRDA:19,6,0,8
BRDA:19,6,1,2
BRDA:20,7,0,6
BRDA:20,7,1,2
BRDA:30,8,0,3
BRDA:30,8,1,4
BRDA:30,9,0,7
BRDA:30,9,1,6
BRDA:30,9,2,2
BRDA:30,9,3,5
BRDA:30,9,4,4
BRDA:35,10,0,1
BRDA:35,10,1,3
BRDA:37,11,0,2
BRDA:37,11,1,1
BRDA:39,12,0,3
BRDA:39,12,1,1
BRDA:40,13,0,3
BRDA:40,13,1,1
BRDA:41,14,0,3
BRDA:41,14,1,1
BRDA:84,15,0,1
BRDA:84,15,1,20
BRDA:90,16,0,1
BRDA:90,16,1,19
BRDA:97,17,0,10
BRDA:97,17,1,10
BRDA:99,18,0,10
BRDA:99,18,1,3
BRDA:99,18,2,2
BRDA:102,19,0,10
BRDA:102,19,1,3
BRDA:104,20,0,3
BRDA:104,20,1,7
BRDA:106,21,0,3
BRDA:106,21,1,2
BRDA:106,21,2,1
BRDA:109,22,0,3
BRDA:109,22,1,2
BRDA:133,23,0,20
BRDA:133,23,1,10
BRDA:146,24,0,20
BRDA:146,24,1,10
BRDA:174,25,0,10
BRDA:174,25,1,10
BRDA:212,26,0,20
BRDA:212,26,1,1
BRDA:215,27,0,2
BRDA:215,27,1,18
BRDA:215,28,0,20
BRDA:215,28,1,20
BRDA:232,29,0,1
BRDA:232,29,1,1
BRDA:238,30,0,2
BRDA:238,30,1,17
BRF:67
BRH:67
end_of_record
