TN:
SF:src/controllers/admin.controller.js
FN:9,(anonymous_0)
FN:27,(anonymous_1)
FN:51,(anonymous_2)
FN:61,(anonymous_3)
FN:72,(anonymous_4)
FN:97,(anonymous_5)
FN:100,(anonymous_6)
FN:119,(anonymous_7)
FN:133,(anonymous_8)
FN:173,(anonymous_9)
FN:192,(anonymous_10)
FN:213,(anonymous_11)
FN:300,(anonymous_12)
FN:373,(anonymous_13)
FN:414,(anonymous_14)
FN:438,(anonymous_15)
FN:456,(anonymous_16)
FN:473,(anonymous_17)
FN:487,(anonymous_18)
FN:526,(anonymous_19)
FN:544,(anonymous_20)
FN:570,(anonymous_21)
FN:572,(anonymous_22)
FN:621,(anonymous_23)
FN:664,(anonymous_24)
FN:678,(anonymous_25)
FN:727,(anonymous_26)
FN:743,(anonymous_27)
FN:763,(anonymous_28)
FN:812,(anonymous_29)
FN:828,(anonymous_30)
FN:850,(anonymous_31)
FN:907,(anonymous_32)
FN:961,(anonymous_33)
FN:972,(anonymous_34)
FN:993,(anonymous_35)
FN:1006,(anonymous_36)
FN:1024,(anonymous_37)
FN:1034,(anonymous_38)
FN:1045,(anonymous_39)
FNF:40
FNH:40
FNDA:4,(anonymous_0)
FNDA:2,(anonymous_1)
FNDA:5,(anonymous_2)
FNDA:8,(anonymous_3)
FNDA:2,(anonymous_4)
FNDA:8,(anonymous_5)
FNDA:5,(anonymous_6)
FNDA:4,(anonymous_7)
FNDA:6,(anonymous_8)
FNDA:4,(anonymous_9)
FNDA:1,(anonymous_10)
FNDA:5,(anonymous_11)
FNDA:16,(anonymous_12)
FNDA:4,(anonymous_13)
FNDA:3,(anonymous_14)
FNDA:2,(anonymous_15)
FNDA:3,(anonymous_16)
FNDA:6,(anonymous_17)
FNDA:5,(anonymous_18)
FNDA:6,(anonymous_19)
FNDA:4,(anonymous_20)
FNDA:2,(anonymous_21)
FNDA:1,(anonymous_22)
FNDA:13,(anonymous_23)
FNDA:1,(anonymous_24)
FNDA:1,(anonymous_25)
FNDA:1,(anonymous_26)
FNDA:1,(anonymous_27)
FNDA:9,(anonymous_28)
FNDA:1,(anonymous_29)
FNDA:1,(anonymous_30)
FNDA:7,(anonymous_31)
FNDA:1,(anonymous_32)
FNDA:2,(anonymous_33)
FNDA:3,(anonymous_34)
FNDA:4,(anonymous_35)
FNDA:2,(anonymous_36)
FNDA:2,(anonymous_37)
FNDA:1,(anonymous_38)
FNDA:4,(anonymous_39)
DA:1,1
DA:2,1
DA:3,1
DA:4,1
DA:5,1
DA:6,1
DA:10,4
DA:11,4
DA:12,4
DA:13,1
DA:21,3
DA:22,2
DA:24,2
DA:26,2
DA:27,2
DA:28,2
DA:29,1
DA:33,2
DA:34,2
DA:40,2
DA:49,2
DA:50,2
DA:51,2
DA:52,5
DA:53,5
DA:54,5
DA:55,3
DA:56,3
DA:60,2
DA:61,2
DA:62,8
DA:63,8
DA:64,8
DA:66,8
DA:67,3
DA:68,3
DA:69,1
DA:71,2
DA:72,2
DA:74,2
DA:78,8
DA:79,8
DA:80,6
DA:82,2
DA:85,8
DA:86,7
DA:96,2
DA:97,8
DA:100,5
DA:101,2
DA:103,2
DA:111,2
DA:112,2
DA:114,1
DA:115,1
DA:120,4
DA:121,4
DA:122,4
DA:123,1
DA:131,3
DA:132,2
DA:134,6
DA:135,6
DA:136,5
DA:137,4
DA:138,4
DA:139,4
DA:140,1
DA:141,1
DA:143,4
DA:151,1
DA:156,2
DA:160,2
DA:161,2
DA:168,1
DA:169,1
DA:174,4
DA:175,4
DA:176,4
DA:177,1
DA:179,3
DA:180,3
DA:183,3
DA:186,2
DA:190,2
DA:191,1
DA:192,1
DA:193,1
DA:195,1
DA:199,2
DA:200,2
DA:201,2
DA:202,2
DA:204,2
DA:208,1
DA:209,1
DA:214,5
DA:215,5
DA:216,5
DA:217,1
DA:225,4
DA:226,4
DA:227,4
DA:231,4
DA:235,3
DA:237,3
DA:238,13
DA:239,13
DA:241,12
DA:243,11
DA:244,11
DA:248,11
DA:249,11
DA:250,4
DA:251,4
DA:254,11
DA:256,11
DA:257,11
DA:258,11
DA:261,11
DA:265,11
DA:266,11
DA:267,11
DA:268,10
DA:270,11
DA:271,5
DA:272,2
DA:273,2
DA:275,3
DA:276,3
DA:277,3
DA:278,2
DA:279,2
DA:280,1
DA:284,5
DA:285,5
DA:286,4
DA:290,11
DA:291,1
DA:294,11
DA:295,1
DA:296,1
DA:300,11
DA:301,16
DA:302,1
DA:307,11
DA:308,6
DA:309,6
DA:310,1
DA:311,5
DA:312,1
DA:313,4
DA:314,2
DA:316,2
DA:321,11
DA:322,11
DA:326,11
DA:327,9
DA:328,8
DA:331,2
DA:334,11
DA:342,11
DA:345,11
DA:347,11
DA:364,3
DA:365,3
DA:366,3
DA:368,1
DA:369,1
DA:374,4
DA:375,4
DA:376,4
DA:380,3
DA:381,1
DA:383,2
DA:384,2
DA:385,2
DA:387,2
DA:388,2
DA:389,1
DA:390,1
DA:394,2
DA:396,2
DA:398,2
DA:407,2
DA:409,1
DA:410,1
DA:415,3
DA:416,3
DA:417,3
DA:418,1
DA:420,2
DA:425,1
DA:426,1
DA:428,1
DA:433,1
DA:434,1
DA:439,2
DA:440,2
DA:441,2
DA:443,1
DA:444,1
DA:446,1
DA:448,1
DA:449,1
DA:457,3
DA:458,3
DA:459,3
DA:460,1
DA:468,2
DA:469,1
DA:472,1
DA:473,1
DA:474,6
DA:475,6
DA:476,6
DA:478,5
DA:482,4
DA:486,1
DA:487,1
DA:488,5
DA:489,5
DA:490,5
DA:492,5
DA:493,5
DA:494,1
DA:495,1
DA:499,5
DA:526,1
DA:527,6
DA:528,6
DA:529,6
DA:530,4
DA:533,1
DA:534,1
DA:536,1
DA:537,1
DA:545,4
DA:546,4
DA:549,4
DA:550,3
DA:551,1
DA:553,2
DA:555,2
DA:556,2
DA:557,1
DA:558,1
DA:563,2
DA:568,2
DA:569,2
DA:570,2
DA:571,1
DA:572,1
DA:574,1
DA:578,2
DA:579,2
DA:580,1
DA:581,1
DA:587,2
DA:588,2
DA:591,2
DA:592,2
DA:594,2
DA:611,2
DA:613,1
DA:614,1
DA:622,13
DA:623,13
DA:624,13
DA:625,1
DA:628,12
DA:629,11
DA:630,6
DA:631,6
DA:632,5
DA:633,5
DA:634,5
DA:635,1
DA:637,4
DA:638,1
DA:640,3
DA:646,3
DA:647,3
DA:650,3
DA:651,3
DA:654,3
DA:655,3
DA:664,1
DA:666,3
DA:673,3
DA:678,1
DA:679,3
DA:680,3
DA:681,3
DA:682,3
DA:683,3
DA:684,3
DA:689,1
DA:692,5
DA:695,5
DA:696,5
DA:697,2
DA:700,3
DA:701,1
DA:705,2
DA:713,2
DA:714,2
DA:717,2
DA:718,2
DA:727,1
DA:730,2
DA:731,2
DA:738,2
DA:743,1
DA:746,2
DA:747,2
DA:748,2
DA:750,2
DA:755,1
DA:756,1
DA:764,9
DA:765,9
DA:766,9
DA:767,1
DA:770,8
DA:771,7
DA:772,1
DA:775,6
DA:778,6
DA:779,6
DA:780,2
DA:783,4
DA:784,1
DA:788,3
DA:795,3
DA:798,3
DA:799,3
DA:802,3
DA:803,3
DA:812,1
DA:815,3
DA:816,3
DA:823,3
DA:828,1
DA:831,3
DA:832,3
DA:833,3
DA:834,3
DA:835,3
DA:837,3
DA:842,1
DA:843,1
DA:851,7
DA:852,7
DA:853,7
DA:855,7
DA:856,1
DA:864,6
DA:868,5
DA:869,1
DA:872,4
DA:873,4
DA:874,1
DA:881,3
DA:882,1
DA:890,2
DA:898,2
DA:899,2
DA:905,2
DA:906,1
DA:907,1
DA:908,1
DA:913,1
DA:917,2
DA:918,2
DA:929,2
DA:930,2
DA:938,2
DA:939,2
DA:940,2
DA:941,2
DA:942,2
DA:943,2
DA:945,2
DA:951,1
DA:952,1
DA:962,2
DA:963,2
DA:964,2
DA:965,1
DA:967,1
DA:968,1
DA:973,3
DA:974,3
DA:975,3
DA:977,3
DA:978,1
DA:981,2
DA:984,1
DA:986,1
DA:988,1
DA:989,1
DA:994,4
DA:995,4
DA:996,1
DA:999,3
DA:1001,3
DA:1007,2
DA:1008,1
DA:1009,1
DA:1011,1
DA:1017,2
DA:1019,1
DA:1020,1
DA:1025,2
DA:1026,2
DA:1027,2
DA:1029,2
DA:1033,1
DA:1034,1
DA:1035,1
DA:1038,1
DA:1040,1
DA:1041,1
DA:1046,4
DA:1047,4
DA:1048,4
DA:1049,1
DA:1052,3
DA:1053,3
DA:1055,3
DA:1056,3
DA:1058,2
DA:1059,1
DA:1062,1
DA:1064,1
DA:1066,1
DA:1067,1
DA:1072,1
LF:439
LH:439
BRDA:12,0,0,1
BRDA:12,0,1,3
BRDA:28,1,0,1
BRDA:28,1,1,1
BRDA:54,2,0,3
BRDA:54,2,1,2
BRDA:55,3,0,3
BRDA:55,3,1,2
BRDA:55,3,2,1
BRDA:63,4,0,8
BRDA:63,4,1,1
BRDA:64,5,0,8
BRDA:64,5,1,1
BRDA:66,6,0,3
BRDA:66,6,1,5
BRDA:68,7,0,1
BRDA:68,7,1,2
BRDA:72,8,0,2
BRDA:72,8,1,1
BRDA:74,9,0,2
BRDA:74,9,1,1
BRDA:78,10,0,8
BRDA:78,10,1,5
BRDA:79,11,0,6
BRDA:79,11,1,2
BRDA:85,12,0,7
BRDA:85,12,1,1
BRDA:122,13,0,1
BRDA:122,13,1,3
BRDA:136,14,0,4
BRDA:136,14,1,1
BRDA:138,15,0,4
BRDA:138,15,1,2
BRDA:139,16,0,1
BRDA:139,16,1,3
BRDA:139,17,0,4
BRDA:139,17,1,2
BRDA:145,18,0,4
BRDA:145,18,1,1
BRDA:146,19,0,4
BRDA:146,19,1,1
BRDA:147,20,0,4
BRDA:147,20,1,2
BRDA:176,21,0,1
BRDA:176,21,1,3
BRDA:190,22,0,1
BRDA:190,22,1,1
BRDA:216,23,0,1
BRDA:216,23,1,4
BRDA:239,24,0,1
BRDA:239,24,1,12
BRDA:239,25,0,13
BRDA:239,25,1,1
BRDA:241,26,0,1
BRDA:241,26,1,11
BRDA:241,27,0,12
BRDA:241,27,1,1
BRDA:244,28,0,10
BRDA:244,28,1,1
BRDA:248,29,0,11
BRDA:248,29,1,5
BRDA:249,30,0,4
BRDA:249,30,1,7
BRDA:249,31,0,11
BRDA:249,31,1,5
BRDA:254,32,0,11
BRDA:254,32,1,1
BRDA:261,33,0,1
BRDA:261,33,1,10
BRDA:267,34,0,10
BRDA:267,34,1,1
BRDA:270,35,0,5
BRDA:270,35,1,6
BRDA:271,36,0,2
BRDA:271,36,1,3
BRDA:272,37,0,1
BRDA:272,37,1,1
BRDA:273,38,0,1
BRDA:273,38,1,1
BRDA:275,39,0,1
BRDA:275,39,1,2
BRDA:276,40,0,1
BRDA:276,40,1,2
BRDA:277,41,0,2
BRDA:277,41,1,1
BRDA:279,42,0,1
BRDA:279,42,1,1
BRDA:279,43,0,2
BRDA:279,43,1,1
BRDA:279,43,2,1
BRDA:284,44,0,3
BRDA:284,44,1,2
BRDA:285,45,0,1
BRDA:285,45,1,4
BRDA:286,46,0,2
BRDA:286,46,1,2
BRDA:290,47,0,1
BRDA:290,47,1,10
BRDA:290,48,0,11
BRDA:290,48,1,1
BRDA:294,49,0,1
BRDA:294,49,1,10
BRDA:301,50,0,1
BRDA:301,50,1,15
BRDA:301,51,0,16
BRDA:301,51,1,16
BRDA:301,51,2,16
BRDA:307,52,0,6
BRDA:307,52,1,5
BRDA:308,53,0,6
BRDA:308,53,1,1
BRDA:309,54,0,1
BRDA:309,54,1,5
BRDA:311,55,0,1
BRDA:311,55,1,4
BRDA:313,56,0,2
BRDA:313,56,1,2
BRDA:321,57,0,11
BRDA:321,57,1,1
BRDA:322,58,0,11
BRDA:322,58,1,6
BRDA:322,58,2,4
BRDA:326,59,0,9
BRDA:326,59,1,2
BRDA:327,60,0,8
BRDA:327,60,1,1
BRDA:327,61,0,9
BRDA:327,61,1,3
BRDA:327,61,2,3
BRDA:342,62,0,1
BRDA:342,62,1,10
BRDA:345,63,0,1
BRDA:345,63,1,10
BRDA:353,64,0,11
BRDA:353,64,1,10
BRDA:355,65,0,11
BRDA:355,65,1,11
BRDA:355,65,2,10
BRDA:357,66,0,11
BRDA:357,66,1,10
BRDA:359,67,0,1
BRDA:359,67,1,10
BRDA:380,68,0,1
BRDA:380,68,1,2
BRDA:385,69,0,1
BRDA:385,69,1,1
BRDA:387,70,0,2
BRDA:387,70,1,2
BRDA:388,71,0,1
BRDA:388,71,1,1
BRDA:388,72,0,2
BRDA:388,72,1,2
BRDA:400,73,0,2
BRDA:400,73,1,1
BRDA:401,74,0,2
BRDA:401,74,1,1
BRDA:402,75,0,2
BRDA:402,75,1,1
BRDA:403,76,0,2
BRDA:403,76,1,1
BRDA:404,77,0,2
BRDA:404,77,1,1
BRDA:417,78,0,1
BRDA:417,78,1,2
BRDA:417,79,0,3
BRDA:417,79,1,2
BRDA:459,80,0,1
BRDA:459,80,1,2
BRDA:476,81,0,1
BRDA:476,81,1,5
BRDA:478,82,0,4
BRDA:478,82,1,1
BRDA:479,83,0,5
BRDA:479,83,1,2
BRDA:490,84,0,5
BRDA:490,84,1,2
BRDA:492,85,0,5
BRDA:492,85,1,2
BRDA:493,86,0,1
BRDA:493,86,1,4
BRDA:493,87,0,5
BRDA:493,87,1,2
BRDA:501,88,0,5
BRDA:501,88,1,1
BRDA:502,89,0,5
BRDA:502,89,1,1
BRDA:503,90,0,5
BRDA:503,90,1,5
BRDA:504,91,0,5
BRDA:504,91,1,5
BRDA:505,92,0,5
BRDA:505,92,1,5
BRDA:506,93,0,5
BRDA:506,93,1,1
BRDA:507,94,0,5
BRDA:507,94,1,5
BRDA:508,95,0,5
BRDA:508,95,1,5
BRDA:510,96,0,3
BRDA:510,96,1,2
BRDA:517,97,0,3
BRDA:517,97,1,3
BRDA:518,98,0,3
BRDA:518,98,1,3
BRDA:527,99,0,2
BRDA:527,99,1,4
BRDA:528,100,0,2
BRDA:528,100,1,4
BRDA:529,101,0,2
BRDA:529,101,1,4
BRDA:550,102,0,1
BRDA:550,102,1,2
BRDA:555,103,0,2
BRDA:555,103,1,2
BRDA:556,104,0,1
BRDA:556,104,1,1
BRDA:556,105,0,2
BRDA:556,105,1,2
BRDA:569,106,0,1
BRDA:569,106,1,1
BRDA:579,107,0,1
BRDA:579,107,1,1
BRDA:596,108,0,2
BRDA:596,108,1,1
BRDA:597,109,0,2
BRDA:597,109,1,1
BRDA:598,110,0,2
BRDA:598,110,1,2
BRDA:599,111,0,2
BRDA:599,111,1,2
BRDA:600,112,0,2
BRDA:600,112,1,2
BRDA:601,113,0,2
BRDA:601,113,1,2
BRDA:602,114,0,2
BRDA:602,114,1,2
BRDA:603,115,0,2
BRDA:603,115,1,2
BRDA:604,116,0,2
BRDA:604,116,1,2
BRDA:624,117,0,1
BRDA:624,117,1,12
BRDA:629,118,0,6
BRDA:629,118,1,5
BRDA:631,119,0,5
BRDA:631,119,1,1
BRDA:633,120,0,5
BRDA:633,120,1,1
BRDA:634,121,0,1
BRDA:634,121,1,4
BRDA:634,122,0,5
BRDA:634,122,1,1
BRDA:637,123,0,1
BRDA:637,123,1,3
BRDA:642,124,0,3
BRDA:642,124,1,1
BRDA:647,125,0,3
BRDA:647,125,1,3
BRDA:647,125,2,3
BRDA:651,126,0,2
BRDA:651,126,1,1
BRDA:657,127,0,3
BRDA:657,127,1,2
BRDA:657,127,2,2
BRDA:695,128,0,5
BRDA:695,128,1,1
BRDA:696,129,0,2
BRDA:696,129,1,3
BRDA:696,130,0,5
BRDA:696,130,1,5
BRDA:700,131,0,1
BRDA:700,131,1,2
BRDA:707,132,0,2
BRDA:707,132,1,1
BRDA:714,133,0,1
BRDA:714,133,1,1
BRDA:720,134,0,2
BRDA:720,134,1,2
BRDA:720,134,2,2
BRDA:721,135,0,2
BRDA:721,135,1,1
BRDA:734,136,0,2
BRDA:734,136,1,1
BRDA:741,137,0,2
BRDA:741,137,1,1
BRDA:766,138,0,1
BRDA:766,138,1,8
BRDA:771,139,0,1
BRDA:771,139,1,6
BRDA:778,140,0,6
BRDA:778,140,1,1
BRDA:779,141,0,2
BRDA:779,141,1,4
BRDA:779,142,0,6
BRDA:779,142,1,2
BRDA:783,143,0,1
BRDA:783,143,1,3
BRDA:790,144,0,3
BRDA:790,144,1,1
BRDA:795,145,0,3
BRDA:795,145,1,3
BRDA:795,145,2,3
BRDA:799,146,0,1
BRDA:799,146,1,2
BRDA:805,147,0,3
BRDA:805,147,1,3
BRDA:805,147,2,3
BRDA:855,148,0,1
BRDA:855,148,1,6
BRDA:855,149,0,7
BRDA:855,149,1,6
BRDA:868,150,0,1
BRDA:868,150,1,4
BRDA:873,151,0,1
BRDA:873,151,1,3
BRDA:881,152,0,1
BRDA:881,152,1,2
BRDA:905,153,0,1
BRDA:905,153,1,1
BRDA:977,154,0,1
BRDA:977,154,1,2
BRDA:977,155,0,3
BRDA:977,155,1,3
BRDA:977,155,2,2
BRDA:995,156,0,1
BRDA:995,156,1,3
BRDA:1007,157,0,1
BRDA:1007,157,1,1
BRDA:1048,158,0,1
BRDA:1048,158,1,3
BRDA:1058,159,0,1
BRDA:1058,159,1,1
BRF:332
BRH:332
end_of_record
TN:
SF:src/controllers/payment.controller.js
FN:15,(anonymous_0)
FN:153,(anonymous_1)
FN:183,(anonymous_2)
FN:211,(anonymous_3)
FN:264,(anonymous_4)
FN:283,(anonymous_5)
FN:296,(anonymous_6)
FN:363,(anonymous_7)
FN:383,(anonymous_8)
FN:392,(anonymous_9)
FN:406,(anonymous_10)
FN:438,(anonymous_11)
FN:473,(anonymous_12)
FN:491,(anonymous_13)
FN:518,(anonymous_14)
FN:527,(anonymous_15)
FNF:16
FNH:16
FNDA:26,(anonymous_0)
FNDA:6,(anonymous_1)
FNDA:15,(anonymous_2)
FNDA:1,(anonymous_3)
FNDA:4,(anonymous_4)
FNDA:4,(anonymous_5)
FNDA:3,(anonymous_6)
FNDA:1,(anonymous_7)
FNDA:3,(anonymous_8)
FNDA:2,(anonymous_9)
FNDA:23,(anonymous_10)
FNDA:1,(anonymous_11)
FNDA:1,(anonymous_12)
FNDA:3,(anonymous_13)
FNDA:2,(anonymous_14)
FNDA:1,(anonymous_15)
DA:1,2
DA:2,2
DA:3,2
DA:4,2
DA:5,2
DA:6,2
DA:7,2
DA:8,2
DA:9,2
DA:16,26
DA:17,26
DA:18,26
DA:20,26
DA:21,2
DA:24,24
DA:25,1
DA:28,23
DA:29,23
DA:31,23
DA:32,23
DA:33,23
DA:36,23
DA:37,4
DA:38,1
DA:40,3
DA:41,3
DA:42,2
DA:43,1
DA:46,1
DA:48,19
DA:50,5
DA:51,5
DA:52,5
DA:53,3
DA:54,3
DA:55,1
DA:57,3
DA:58,1
DA:63,19
DA:64,19
DA:65,19
DA:66,15
DA:69,19
DA:70,19
DA:72,19
DA:73,11
DA:74,11
DA:75,11
DA:76,1
DA:78,10
DA:79,1
DA:81,9
DA:82,9
DA:83,1
DA:85,8
DA:86,1
DA:88,7
DA:89,1
DA:96,6
DA:97,3
DA:98,3
DA:99,2
DA:100,2
DA:101,1
DA:104,6
DA:105,6
DA:109,14
DA:110,14
DA:111,14
DA:113,14
DA:114,14
DA:117,14
DA:118,14
DA:120,14
DA:140,13
DA:145,1
DA:146,1
DA:154,6
DA:155,6
DA:156,6
DA:157,1
DA:160,5
DA:163,4
DA:164,3
DA:167,4
DA:174,1
DA:175,1
DA:184,15
DA:186,15
DA:188,15
DA:190,8
DA:195,7
DA:196,1
DA:197,1
DA:201,6
DA:202,5
DA:203,5
DA:204,3
DA:210,3
DA:211,2
DA:212,1
DA:218,6
DA:220,6
DA:239,6
DA:242,6
DA:248,6
DA:249,6
DA:250,6
DA:251,6
DA:254,6
DA:255,6
DA:264,4
DA:267,6
DA:278,6
DA:283,4
DA:286,6
DA:287,6
DA:288,6
DA:289,6
DA:290,6
DA:291,6
DA:294,6
DA:295,5
DA:296,5
DA:297,3
DA:301,6
DA:302,7
DA:304,4
DA:309,4
DA:310,1
DA:311,1
DA:315,3
DA:316,3
DA:318,3
DA:319,3
DA:320,3
DA:322,1
DA:325,3
DA:341,3
DA:344,3
DA:349,3
DA:350,3
DA:353,3
DA:354,3
DA:363,1
DA:366,3
DA:378,3
DA:383,3
DA:386,3
DA:387,3
DA:390,3
DA:391,2
DA:392,2
DA:393,2
DA:397,3
DA:400,3
DA:407,23
DA:410,23
DA:412,23
DA:414,2
DA:415,2
DA:418,21
DA:420,21
DA:421,21
DA:422,12
DA:423,12
DA:424,9
DA:425,5
DA:426,5
DA:429,5
DA:430,4
DA:432,4
DA:436,4
DA:437,3
DA:438,3
DA:439,3
DA:440,3
DA:442,3
DA:443,3
DA:444,3
DA:446,3
DA:447,3
DA:449,3
DA:457,3
DA:458,3
DA:459,3
DA:460,3
DA:461,3
DA:463,3
DA:464,3
DA:473,1
DA:475,3
DA:486,3
DA:491,3
DA:494,3
DA:495,3
DA:496,3
DA:497,3
DA:498,3
DA:499,3
DA:500,3
DA:502,1
DA:505,4
DA:506,3
DA:507,3
DA:509,3
DA:510,2
DA:512,2
DA:516,2
DA:517,1
DA:518,1
DA:519,2
DA:524,1
DA:526,1
DA:527,1
DA:528,1
DA:530,1
DA:539,1
DA:544,20
DA:546,1
DA:547,1
DA:552,2
LF:222
LH:222
BRDA:20,0,0,2
BRDA:20,0,1,24
BRDA:20,1,0,26
BRDA:20,1,1,25
BRDA:24,2,0,1
BRDA:24,2,1,23
BRDA:29,3,0,23
BRDA:29,3,1,1
BRDA:31,4,0,23
BRDA:31,4,1,22
BRDA:36,5,0,4
BRDA:36,5,1,19
BRDA:36,6,0,23
BRDA:36,6,1,10
BRDA:36,6,2,7
BRDA:36,6,3,6
BRDA:37,7,0,1
BRDA:37,7,1,3
BRDA:42,8,0,1
BRDA:42,8,1,1
BRDA:48,9,0,5
BRDA:48,9,1,14
BRDA:48,10,0,19
BRDA:48,10,1,6
BRDA:52,11,0,3
BRDA:52,11,1,2
BRDA:54,12,0,1
BRDA:54,12,1,2
BRDA:57,13,0,1
BRDA:57,13,1,2
BRDA:63,14,0,19
BRDA:63,14,1,17
BRDA:63,14,2,17
BRDA:65,15,0,15
BRDA:65,15,1,4
BRDA:72,16,0,11
BRDA:72,16,1,8
BRDA:75,17,0,1
BRDA:75,17,1,10
BRDA:78,18,0,1
BRDA:78,18,1,9
BRDA:82,19,0,1
BRDA:82,19,1,8
BRDA:82,20,0,9
BRDA:82,20,1,1
BRDA:85,21,0,1
BRDA:85,21,1,7
BRDA:85,22,0,8
BRDA:85,22,1,8
BRDA:88,23,0,1
BRDA:88,23,1,6
BRDA:88,24,0,7
BRDA:88,24,1,1
BRDA:96,25,0,3
BRDA:96,25,1,3
BRDA:98,26,0,2
BRDA:98,26,1,1
BRDA:100,27,0,1
BRDA:100,27,1,1
BRDA:100,28,0,2
BRDA:100,28,1,1
BRDA:110,29,0,7
BRDA:110,29,1,7
BRDA:111,30,0,14
BRDA:111,30,1,13
BRDA:111,30,2,11
BRDA:113,31,0,14
BRDA:113,31,1,1
BRDA:114,32,0,14
BRDA:114,32,1,1
BRDA:117,33,0,14
BRDA:117,33,1,6
BRDA:118,34,0,3
BRDA:118,34,1,11
BRDA:122,35,0,14
BRDA:122,35,1,1
BRDA:156,36,0,1
BRDA:156,36,1,5
BRDA:163,37,0,3
BRDA:163,37,1,1
BRDA:188,38,0,8
BRDA:188,38,1,7
BRDA:195,39,0,1
BRDA:195,39,1,6
BRDA:201,40,0,5
BRDA:201,40,1,1
BRDA:203,41,0,3
BRDA:203,41,1,2
BRDA:210,42,0,2
BRDA:210,42,1,1
BRDA:218,43,0,1
BRDA:218,43,1,5
BRDA:225,44,0,1
BRDA:225,44,1,5
BRDA:229,45,0,6
BRDA:229,45,1,6
BRDA:233,46,0,6
BRDA:233,46,1,1
BRDA:234,47,0,6
BRDA:234,47,1,1
BRDA:236,48,0,6
BRDA:236,48,1,6
BRDA:249,49,0,5
BRDA:249,49,1,1
BRDA:250,50,0,6
BRDA:250,50,1,2
BRDA:250,50,2,2
BRDA:251,51,0,6
BRDA:251,51,1,2
BRDA:251,51,2,2
BRDA:251,51,3,2
BRDA:251,51,4,1
BRDA:270,52,0,5
BRDA:270,52,1,1
BRDA:274,53,0,6
BRDA:274,53,1,1
BRDA:294,54,0,5
BRDA:294,54,1,1
BRDA:302,55,0,4
BRDA:302,55,1,3
BRDA:309,56,0,1
BRDA:309,56,1,3
BRDA:316,57,0,2
BRDA:316,57,1,1
BRDA:320,58,0,3
BRDA:320,58,1,1
BRDA:327,59,0,3
BRDA:327,59,1,1
BRDA:327,59,2,1
BRDA:329,60,0,3
BRDA:329,60,1,3
BRDA:338,61,0,3
BRDA:338,61,1,1
BRDA:349,62,0,3
BRDA:349,62,1,1
BRDA:349,62,2,1
BRDA:350,63,0,3
BRDA:350,63,1,3
BRDA:350,63,2,1
BRDA:350,63,3,1
BRDA:350,63,4,1
BRDA:369,64,0,2
BRDA:369,64,1,1
BRDA:374,65,0,3
BRDA:374,65,1,1
BRDA:390,66,0,2
BRDA:390,66,1,1
BRDA:421,67,0,12
BRDA:421,67,1,9
BRDA:424,68,0,5
BRDA:424,68,1,4
BRDA:429,69,0,4
BRDA:429,69,1,1
BRDA:429,70,0,5
BRDA:429,70,1,5
BRDA:436,71,0,3
BRDA:436,71,1,1
BRDA:444,72,0,2
BRDA:444,72,1,1
BRDA:458,73,0,2
BRDA:458,73,1,1
BRDA:459,74,0,1
BRDA:459,74,1,2
BRDA:459,75,0,2
BRDA:459,75,1,1
BRDA:459,75,2,1
BRDA:460,76,0,3
BRDA:460,76,1,1
BRDA:460,76,2,1
BRDA:461,77,0,3
BRDA:461,77,1,2
BRDA:461,77,2,2
BRDA:461,77,3,2
BRDA:461,77,4,1
BRDA:505,78,0,3
BRDA:505,78,1,1
BRDA:509,79,0,2
BRDA:509,79,1,1
BRDA:516,80,0,1
BRDA:516,80,1,1
BRF:180
BRH:180
end_of_record
TN:
SF:src/controllers/subscription.controller.js
FN:8,(anonymous_0)
FN:104,(anonymous_1)
FN:132,(anonymous_2)
FN:166,(anonymous_3)
FN:193,(anonymous_4)
FN:230,(anonymous_5)
FN:255,(anonymous_6)
FN:277,(anonymous_7)
FN:290,(anonymous_8)
FN:319,(anonymous_9)
FN:392,(anonymous_10)
FNF:11
FNH:11
FNDA:26,(anonymous_0)
FNDA:1,(anonymous_1)
FNDA:2,(anonymous_2)
FNDA:3,(anonymous_3)
FNDA:6,(anonymous_4)
FNDA:7,(anonymous_5)
FNDA:1,(anonymous_6)
FNDA:4,(anonymous_7)
FNDA:1,(anonymous_8)
FNDA:9,(anonymous_9)
FNDA:8,(anonymous_10)
DA:1,2
DA:2,2
DA:3,2
DA:9,26
DA:10,26
DA:21,26
DA:23,26
DA:25,25
DA:26,25
DA:28,25
DA:29,25
DA:31,25
DA:32,25
DA:33,25
DA:36,25
DA:37,4
DA:38,1
DA:40,3
DA:41,3
DA:42,2
DA:43,1
DA:45,1
DA:47,1
DA:51,21
DA:52,21
DA:53,21
DA:54,18
DA:55,18
DA:56,1
DA:58,18
DA:59,1
DA:61,17
DA:65,21
DA:66,21
DA:68,21
DA:69,9
DA:70,9
DA:71,9
DA:72,1
DA:74,8
DA:75,1
DA:77,7
DA:78,7
DA:79,1
DA:81,6
DA:82,1
DA:84,5
DA:85,1
DA:92,4
DA:93,1
DA:94,3
DA:95,2
DA:96,2
DA:97,1
DA:100,4
DA:101,4
DA:104,4
DA:105,1
DA:109,16
DA:110,16
DA:111,16
DA:112,1
DA:114,16
DA:116,16
DA:119,16
DA:120,14
DA:122,14
DA:124,4
DA:130,4
DA:131,3
DA:132,3
DA:133,2
DA:139,16
DA:156,16
DA:159,15
DA:160,15
DA:167,3
DA:171,15
DA:172,15
DA:183,15
DA:184,15
DA:186,15
DA:188,1
DA:189,1
DA:194,6
DA:195,6
DA:196,6
DA:198,6
DA:199,4
DA:200,3
DA:201,1
DA:203,2
DA:204,2
DA:205,1
DA:207,1
DA:210,2
DA:211,2
DA:212,1
DA:220,1
DA:221,1
DA:223,1
DA:225,1
DA:226,1
DA:231,7
DA:232,7
DA:233,7
DA:236,7
DA:237,5
DA:238,4
DA:239,1
DA:241,3
DA:242,3
DA:243,1
DA:246,2
DA:249,4
DA:250,1
DA:253,3
DA:254,2
DA:255,2
DA:256,1
DA:260,3
DA:267,3
DA:268,3
DA:269,3
DA:272,3
DA:276,3
DA:277,3
DA:278,4
DA:279,4
DA:284,1
DA:288,3
DA:289,1
DA:290,1
DA:291,1
DA:296,1
DA:300,3
DA:301,3
DA:309,3
DA:311,3
DA:312,3
DA:314,1
DA:315,1
DA:320,9
DA:321,9
DA:322,9
DA:324,9
DA:325,1
DA:329,8
DA:330,4
DA:331,4
DA:332,1
DA:334,3
DA:335,3
DA:336,1
DA:339,4
DA:342,5
DA:343,1
DA:346,4
DA:347,1
DA:355,3
DA:358,3
DA:359,1
DA:363,2
DA:370,2
DA:371,2
DA:379,2
DA:381,2
DA:387,1
DA:388,1
DA:393,8
DA:394,8
DA:395,8
DA:397,8
DA:398,1
DA:400,7
DA:401,1
DA:403,6
DA:404,1
DA:407,5
DA:408,4
DA:409,1
DA:411,3
DA:412,3
DA:413,1
DA:416,2
DA:417,2
DA:419,2
DA:420,2
DA:433,2
DA:435,2
DA:436,2
DA:443,2
DA:445,1
DA:446,1
DA:451,2
LF:195
LH:195
BRDA:23,0,0,1
BRDA:23,0,1,25
BRDA:25,1,0,2
BRDA:25,1,1,23
BRDA:25,2,0,2
BRDA:25,2,1,1
BRDA:26,3,0,25
BRDA:26,3,1,24
BRDA:26,3,2,1
BRDA:29,4,0,25
BRDA:29,4,1,1
BRDA:31,5,0,25
BRDA:31,5,1,24
BRDA:36,6,0,4
BRDA:36,6,1,21
BRDA:36,7,0,25
BRDA:36,7,1,22
BRDA:37,8,0,1
BRDA:37,8,1,3
BRDA:42,9,0,1
BRDA:42,9,1,1
BRDA:53,10,0,18
BRDA:53,10,1,3
BRDA:55,11,0,1
BRDA:55,11,1,17
BRDA:58,12,0,1
BRDA:58,12,1,17
BRDA:68,13,0,9
BRDA:68,13,1,12
BRDA:71,14,0,1
BRDA:71,14,1,8
BRDA:74,15,0,1
BRDA:74,15,1,7
BRDA:78,16,0,1
BRDA:78,16,1,6
BRDA:78,17,0,7
BRDA:78,17,1,1
BRDA:81,18,0,1
BRDA:81,18,1,5
BRDA:81,19,0,6
BRDA:81,19,1,6
BRDA:84,20,0,1
BRDA:84,20,1,4
BRDA:84,21,0,5
BRDA:84,21,1,1
BRDA:92,22,0,1
BRDA:92,22,1,3
BRDA:94,23,0,2
BRDA:94,23,1,1
BRDA:96,24,0,1
BRDA:96,24,1,1
BRDA:96,25,0,2
BRDA:96,25,1,1
BRDA:109,26,0,16
BRDA:109,26,1,15
BRDA:109,26,2,15
BRDA:111,27,0,1
BRDA:111,27,1,15
BRDA:119,28,0,14
BRDA:119,28,1,2
BRDA:119,29,0,16
BRDA:119,29,1,15
BRDA:122,30,0,4
BRDA:122,30,1,10
BRDA:130,31,0,3
BRDA:130,31,1,1
BRDA:144,32,0,1
BRDA:144,32,1,15
BRDA:146,33,0,16
BRDA:146,33,1,14
BRDA:151,34,0,16
BRDA:151,34,1,12
BRDA:152,35,0,16
BRDA:152,35,1,16
BRDA:174,36,0,3
BRDA:174,36,1,12
BRDA:175,37,0,3
BRDA:175,37,1,12
BRDA:175,38,0,3
BRDA:175,38,1,3
BRDA:175,39,0,12
BRDA:175,39,1,11
BRDA:177,40,0,15
BRDA:177,40,1,14
BRDA:198,41,0,4
BRDA:198,41,1,2
BRDA:200,42,0,1
BRDA:200,42,1,2
BRDA:204,43,0,1
BRDA:204,43,1,1
BRDA:211,44,0,1
BRDA:211,44,1,1
BRDA:236,45,0,5
BRDA:236,45,1,2
BRDA:238,46,0,1
BRDA:238,46,1,3
BRDA:242,47,0,1
BRDA:242,47,1,2
BRDA:249,48,0,1
BRDA:249,48,1,3
BRDA:249,49,0,4
BRDA:249,49,1,3
BRDA:253,50,0,2
BRDA:253,50,1,1
BRDA:262,51,0,3
BRDA:262,51,1,2
BRDA:279,52,0,1
BRDA:279,52,1,3
BRDA:280,53,0,4
BRDA:280,53,1,3
BRDA:280,53,2,2
BRDA:288,54,0,1
BRDA:288,54,1,2
BRDA:324,55,0,1
BRDA:324,55,1,8
BRDA:329,56,0,4
BRDA:329,56,1,4
BRDA:331,57,0,1
BRDA:331,57,1,3
BRDA:335,58,0,1
BRDA:335,58,1,2
BRDA:342,59,0,1
BRDA:342,59,1,4
BRDA:346,60,0,1
BRDA:346,60,1,3
BRDA:355,61,0,3
BRDA:355,61,1,1
BRDA:358,62,0,1
BRDA:358,62,1,2
BRDA:384,63,0,2
BRDA:384,63,1,1
BRDA:397,64,0,1
BRDA:397,64,1,7
BRDA:400,65,0,1
BRDA:400,65,1,6
BRDA:400,66,0,7
BRDA:400,66,1,7
BRDA:400,66,2,7
BRDA:403,67,0,1
BRDA:403,67,1,5
BRDA:403,68,0,6
BRDA:403,68,1,5
BRDA:408,69,0,1
BRDA:408,69,1,3
BRDA:412,70,0,1
BRDA:412,70,1,2
BRDA:423,71,0,2
BRDA:423,71,1,1
BRDA:423,71,2,1
BRDA:424,72,0,2
BRDA:424,72,1,1
BRDA:426,73,0,2
BRDA:426,73,1,1
BRF:153
BRH:153
end_of_record
TN:
SF:src/services/email.service.js
FN:9,(anonymous_0)
FN:29,(anonymous_1)
FN:38,(anonymous_2)
FN:45,(anonymous_3)
FN:72,(anonymous_4)
FNF:5
FNH:5
FNDA:13,(anonymous_0)
FNDA:7,(anonymous_1)
FNDA:3,(anonymous_2)
FNDA:5,(anonymous_3)
FNDA:21,(anonymous_4)
DA:1,1
DA:2,1
DA:3,1
DA:10,13
DA:11,8
DA:30,7
DA:31,3
DA:34,4
DA:35,4
DA:36,1
DA:37,3
DA:38,3
DA:45,5
DA:53,4
DA:83,21
DA:84,21
DA:85,1
DA:86,1
DA:89,20
DA:90,20
DA:94,20
DA:95,20
DA:97,20
DA:98,10
DA:99,10
DA:100,10
DA:104,10
DA:105,3
DA:106,3
DA:107,3
DA:112,7
DA:113,7
DA:116,20
DA:209,20
DA:210,20
DA:211,20
DA:212,20
DA:215,20
DA:216,2
DA:217,2
DA:229,1
DA:230,1
DA:232,1
DA:233,1
DA:238,19
DA:239,2
DA:240,2
DA:241,2
DA:242,2
DA:243,2
DA:244,2
DA:245,2
DA:246,2
DA:247,2
DA:248,2
DA:251,17
DA:262,17
DA:269,17
DA:270,16
DA:271,16
DA:273,1
DA:274,1
DA:279,1
LF:63
LH:63
BRDA:10,0,0,5
BRDA:10,0,1,8
BRDA:10,1,0,13
BRDA:10,1,1,13
BRDA:15,2,0,8
BRDA:15,2,1,2
BRDA:16,3,0,8
BRDA:16,3,1,2
BRDA:17,4,0,8
BRDA:17,4,1,2
BRDA:18,5,0,8
BRDA:18,5,1,2
BRDA:19,6,0,8
BRDA:19,6,1,2
BRDA:20,7,0,6
BRDA:20,7,1,2
BRDA:30,8,0,3
BRDA:30,8,1,4
BRDA:30,9,0,7
BRDA:30,9,1,6
BRDA:30,9,2,2
BRDA:30,9,3,5
BRDA:30,9,4,4
BRDA:35,10,0,1
BRDA:35,10,1,3
BRDA:37,11,0,2
BRDA:37,11,1,1
BRDA:39,12,0,3
BRDA:39,12,1,1
BRDA:40,13,0,3
BRDA:40,13,1,1
BRDA:41,14,0,3
BRDA:41,14,1,1
BRDA:84,15,0,1
BRDA:84,15,1,20
BRDA:90,16,0,1
BRDA:90,16,1,19
BRDA:97,17,0,10
BRDA:97,17,1,10
BRDA:99,18,0,10
BRDA:99,18,1,3
BRDA:99,18,2,2
BRDA:102,19,0,10
BRDA:102,19,1,3
BRDA:104,20,0,3
BRDA:104,20,1,7
BRDA:106,21,0,3
BRDA:106,21,1,2
BRDA:106,21,2,1
BRDA:109,22,0,3
BRDA:109,22,1,2
BRDA:133,23,0,20
BRDA:133,23,1,10
BRDA:146,24,0,20
BRDA:146,24,1,10
BRDA:174,25,0,10
BRDA:174,25,1,10
BRDA:212,26,0,20
BRDA:212,26,1,1
BRDA:215,27,0,2
BRDA:215,27,1,18
BRDA:215,28,0,20
BRDA:215,28,1,20
BRDA:232,29,0,1
BRDA:232,29,1,1
BRDA:238,30,0,2
BRDA:238,30,1,17
BRF:67
BRH:67
end_of_record
